{"/Users/avin/projects/clients/examtest/exam-duty/mobile/src/api/auth.ts": {"path":"/Users/avin/projects/clients/examtest/exam-duty/mobile/src/api/auth.ts","statementMap":{"0":{"start":{"line":13,"column":25},"end":{"line":16,"column":1}},"1":{"start":{"line":14,"column":14},"end":{"line":14,"column":63}},"2":{"start":{"line":15,"column":2},"end":{"line":15,"column":18}},"3":{"start":{"line":18,"column":26},"end":{"line":23,"column":1}},"4":{"start":{"line":21,"column":14},"end":{"line":21,"column":79}},"5":{"start":{"line":22,"column":2},"end":{"line":22,"column":18}},"6":{"start":{"line":25,"column":21},"end":{"line":28,"column":1}},"7":{"start":{"line":26,"column":14},"end":{"line":26,"column":73}},"8":{"start":{"line":27,"column":2},"end":{"line":27,"column":23}}},"fnMap":{"0":{"name":"(anonymous_0)","decl":{"start":{"line":13,"column":25},"end":{"line":13,"column":26}},"loc":{"start":{"line":13,"column":78},"end":{"line":16,"column":1}},"line":13},"1":{"name":"(anonymous_1)","decl":{"start":{"line":18,"column":26},"end":{"line":18,"column":27}},"loc":{"start":{"line":20,"column":34},"end":{"line":23,"column":1}},"line":20},"2":{"name":"(anonymous_2)","decl":{"start":{"line":25,"column":21},"end":{"line":25,"column":22}},"loc":{"start":{"line":25,"column":48},"end":{"line":28,"column":1}},"line":25}},"branchMap":{},"s":{"0":0,"1":0,"2":0,"3":0,"4":0,"5":0,"6":0,"7":0,"8":0},"f":{"0":0,"1":0,"2":0},"b":{}}
,"/Users/avin/projects/clients/examtest/exam-duty/mobile/src/api/client.ts": {"path":"/Users/avin/projects/clients/examtest/exam-duty/mobile/src/api/client.ts","statementMap":{"0":{"start":{"line":22,"column":29},"end":{"line":22,"column":64}},"1":{"start":{"line":24,"column":23},"end":{"line":45,"column":1}},"2":{"start":{"line":25,"column":18},"end":{"line":25,"column":49}},"3":{"start":{"line":27,"column":4},"end":{"line":31,"column":14}},"4":{"start":{"line":33,"column":2},"end":{"line":41,"column":3}},"5":{"start":{"line":36,"column":4},"end":{"line":40,"column":6}},"6":{"start":{"line":44,"column":2},"end":{"line":44,"column":40}},"7":{"start":{"line":47,"column":12},"end":{"line":51,"column":2}},"8":{"start":{"line":57,"column":0},"end":{"line":69,"column":2}},"9":{"start":{"line":59,"column":4},"end":{"line":59,"column":38}},"10":{"start":{"line":61,"column":33},"end":{"line":61,"column":56}},"11":{"start":{"line":62,"column":17},"end":{"line":62,"column":35}},"12":{"start":{"line":63,"column":4},"end":{"line":65,"column":5}},"13":{"start":{"line":64,"column":6},"end":{"line":64,"column":54}},"14":{"start":{"line":66,"column":4},"end":{"line":66,"column":18}},"15":{"start":{"line":68,"column":13},"end":{"line":68,"column":34}},"16":{"start":{"line":72,"column":0},"end":{"line":84,"column":2}},"17":{"start":{"line":73,"column":16},"end":{"line":73,"column":24}},"18":{"start":{"line":75,"column":4},"end":{"line":77,"column":5}},"19":{"start":{"line":76,"column":6},"end":{"line":76,"column":39}},"20":{"start":{"line":80,"column":6},"end":{"line":80,"column":78}},"21":{"start":{"line":82,"column":4},"end":{"line":82,"column":46}}},"fnMap":{"0":{"name":"(anonymous_0)","decl":{"start":{"line":24,"column":23},"end":{"line":24,"column":24}},"loc":{"start":{"line":24,"column":37},"end":{"line":45,"column":1}},"line":24},"1":{"name":"(anonymous_1)","decl":{"start":{"line":58,"column":2},"end":{"line":58,"column":3}},"loc":{"start":{"line":58,"column":14},"end":{"line":67,"column":3}},"line":58},"2":{"name":"(anonymous_2)","decl":{"start":{"line":68,"column":2},"end":{"line":68,"column":3}},"loc":{"start":{"line":68,"column":13},"end":{"line":68,"column":34}},"line":68},"3":{"name":"(anonymous_3)","decl":{"start":{"line":73,"column":2},"end":{"line":73,"column":3}},"loc":{"start":{"line":73,"column":16},"end":{"line":73,"column":24}},"line":73},"4":{"name":"(anonymous_4)","decl":{"start":{"line":74,"column":2},"end":{"line":74,"column":3}},"loc":{"start":{"line":74,"column":13},"end":{"line":83,"column":3}},"line":74}},"branchMap":{"0":{"loc":{"start":{"line":27,"column":4},"end":{"line":31,"column":14}},"type":"cond-expr","locations":[{"start":{"line":28,"column":8},"end":{"line":28,"column":15}},{"start":{"line":29,"column":8},"end":{"line":31,"column":14}}],"line":27},"1":{"loc":{"start":{"line":27,"column":4},"end":{"line":27,"column":49}},"type":"binary-expr","locations":[{"start":{"line":27,"column":4},"end":{"line":27,"column":31}},{"start":{"line":27,"column":35},"end":{"line":27,"column":49}}],"line":27},"2":{"loc":{"start":{"line":29,"column":8},"end":{"line":31,"column":14}},"type":"cond-expr","locations":[{"start":{"line":30,"column":10},"end":{"line":30,"column":21}},{"start":{"line":31,"column":10},"end":{"line":31,"column":14}}],"line":29},"3":{"loc":{"start":{"line":29,"column":8},"end":{"line":29,"column":61}},"type":"binary-expr","locations":[{"start":{"line":29,"column":8},"end":{"line":29,"column":39}},{"start":{"line":29,"column":43},"end":{"line":29,"column":61}}],"line":29},"4":{"loc":{"start":{"line":33,"column":2},"end":{"line":41,"column":3}},"type":"if","locations":[{"start":{"line":33,"column":2},"end":{"line":41,"column":3}},{"start":{},"end":{}}],"line":33},"5":{"loc":{"start":{"line":62,"column":17},"end":{"line":62,"column":35}},"type":"binary-expr","locations":[{"start":{"line":62,"column":17},"end":{"line":62,"column":22}},{"start":{"line":62,"column":26},"end":{"line":62,"column":35}}],"line":62},"6":{"loc":{"start":{"line":63,"column":4},"end":{"line":65,"column":5}},"type":"if","locations":[{"start":{"line":63,"column":4},"end":{"line":65,"column":5}},{"start":{},"end":{}}],"line":63},"7":{"loc":{"start":{"line":75,"column":4},"end":{"line":77,"column":5}},"type":"if","locations":[{"start":{"line":75,"column":4},"end":{"line":77,"column":5}},{"start":{},"end":{}}],"line":75},"8":{"loc":{"start":{"line":80,"column":6},"end":{"line":80,"column":78}},"type":"binary-expr","locations":[{"start":{"line":80,"column":6},"end":{"line":80,"column":35}},{"start":{"line":80,"column":39},"end":{"line":80,"column":52}},{"start":{"line":80,"column":56},"end":{"line":80,"column":78}}],"line":80}},"s":{"0":3,"1":3,"2":13,"3":13,"4":13,"5":1,"6":12,"7":3,"8":3,"9":13,"10":12,"11":12,"12":12,"13":6,"14":12,"15":0,"16":3,"17":5,"18":8,"19":3,"20":8,"21":8},"f":{"0":13,"1":13,"2":0,"3":5,"4":8},"b":{"0":[12,1],"1":[13,12],"2":[0,1],"3":[1,0],"4":[1,12],"5":[12,7],"6":[6,6],"7":[3,5],"8":[8,2,0]},"_coverageSchema":"1a1c01bbd47fc00a2c39e90264f33305004495a9","hash":"86160b833c9344ce0da028a82be36d27d139eed8"}
,"/Users/avin/projects/clients/examtest/exam-duty/mobile/src/features/change-requests/api.ts": {"path":"/Users/avin/projects/clients/examtest/exam-duty/mobile/src/features/change-requests/api.ts","statementMap":{"0":{"start":{"line":20,"column":35},"end":{"line":28,"column":1}},"1":{"start":{"line":23,"column":14},"end":{"line":26,"column":3}},"2":{"start":{"line":27,"column":2},"end":{"line":27,"column":23}},"3":{"start":{"line":30,"column":35},"end":{"line":35,"column":1}},"4":{"start":{"line":31,"column":14},"end":{"line":33,"column":3}},"5":{"start":{"line":34,"column":2},"end":{"line":34,"column":23}},"6":{"start":{"line":38,"column":35},"end":{"line":45,"column":1}},"7":{"start":{"line":41,"column":14},"end":{"line":43,"column":3}},"8":{"start":{"line":44,"column":2},"end":{"line":44,"column":23}},"9":{"start":{"line":53,"column":33},"end":{"line":58,"column":1}},"10":{"start":{"line":54,"column":14},"end":{"line":56,"column":4}},"11":{"start":{"line":57,"column":2},"end":{"line":57,"column":23}},"12":{"start":{"line":61,"column":32},"end":{"line":66,"column":1}},"13":{"start":{"line":62,"column":14},"end":{"line":64,"column":4}},"14":{"start":{"line":65,"column":2},"end":{"line":65,"column":23}}},"fnMap":{"0":{"name":"(anonymous_0)","decl":{"start":{"line":20,"column":35},"end":{"line":20,"column":36}},"loc":{"start":{"line":22,"column":29},"end":{"line":28,"column":1}},"line":22},"1":{"name":"(anonymous_1)","decl":{"start":{"line":30,"column":35},"end":{"line":30,"column":36}},"loc":{"start":{"line":30,"column":73},"end":{"line":35,"column":1}},"line":30},"2":{"name":"(anonymous_2)","decl":{"start":{"line":38,"column":35},"end":{"line":38,"column":36}},"loc":{"start":{"line":40,"column":33},"end":{"line":45,"column":1}},"line":40},"3":{"name":"(anonymous_3)","decl":{"start":{"line":53,"column":33},"end":{"line":53,"column":34}},"loc":{"start":{"line":53,"column":71},"end":{"line":58,"column":1}},"line":53},"4":{"name":"(anonymous_4)","decl":{"start":{"line":61,"column":32},"end":{"line":61,"column":33}},"loc":{"start":{"line":61,"column":65},"end":{"line":66,"column":1}},"line":61}},"branchMap":{},"s":{"0":0,"1":0,"2":0,"3":0,"4":0,"5":0,"6":0,"7":0,"8":0,"9":0,"10":0,"11":0,"12":0,"13":0,"14":0},"f":{"0":0,"1":0,"2":0,"3":0,"4":0},"b":{}}
,"/Users/avin/projects/clients/examtest/exam-duty/mobile/src/features/change-requests/hooks.ts": {"path":"/Users/avin/projects/clients/examtest/exam-duty/mobile/src/features/change-requests/hooks.ts","statementMap":{"0":{"start":{"line":19,"column":28},"end":{"line":25,"column":1}},"1":{"start":{"line":22,"column":4},"end":{"line":22,"column":56}},"2":{"start":{"line":28,"column":2},"end":{"line":28,"column":81}},"3":{"start":{"line":32,"column":2},"end":{"line":36,"column":5}},"4":{"start":{"line":34,"column":19},"end":{"line":34,"column":56}},"5":{"start":{"line":40,"column":2},"end":{"line":44,"column":5}},"6":{"start":{"line":48,"column":2},"end":{"line":53,"column":5}},"7":{"start":{"line":62,"column":13},"end":{"line":62,"column":29}},"8":{"start":{"line":63,"column":2},"end":{"line":72,"column":5}},"9":{"start":{"line":65,"column":6},"end":{"line":65,"column":34}},"10":{"start":{"line":67,"column":6},"end":{"line":67,"column":62}},"11":{"start":{"line":68,"column":6},"end":{"line":68,"column":68}},"12":{"start":{"line":69,"column":6},"end":{"line":69,"column":74}},"13":{"start":{"line":70,"column":6},"end":{"line":70,"column":50}}},"fnMap":{"0":{"name":"(anonymous_0)","decl":{"start":{"line":21,"column":16},"end":{"line":21,"column":17}},"loc":{"start":{"line":22,"column":4},"end":{"line":22,"column":56}},"line":22},"1":{"name":"useMyChangeRequests","decl":{"start":{"line":27,"column":16},"end":{"line":27,"column":35}},"loc":{"start":{"line":27,"column":38},"end":{"line":29,"column":1}},"line":27},"2":{"name":"useReplacementSlots","decl":{"start":{"line":31,"column":16},"end":{"line":31,"column":35}},"loc":{"start":{"line":31,"column":59},"end":{"line":37,"column":1}},"line":31},"3":{"name":"(anonymous_3)","decl":{"start":{"line":34,"column":13},"end":{"line":34,"column":14}},"loc":{"start":{"line":34,"column":19},"end":{"line":34,"column":56}},"line":34},"4":{"name":"useSwapCandidates","decl":{"start":{"line":39,"column":16},"end":{"line":39,"column":33}},"loc":{"start":{"line":39,"column":52},"end":{"line":45,"column":1}},"line":39},"5":{"name":"useOpenDcsGroups","decl":{"start":{"line":47,"column":16},"end":{"line":47,"column":32}},"loc":{"start":{"line":47,"column":51},"end":{"line":54,"column":1}},"line":47},"6":{"name":"useCreateChangeRequest","decl":{"start":{"line":61,"column":16},"end":{"line":61,"column":38}},"loc":{"start":{"line":61,"column":41},"end":{"line":73,"column":1}},"line":61},"7":{"name":"(anonymous_7)","decl":{"start":{"line":64,"column":16},"end":{"line":64,"column":17}},"loc":{"start":{"line":65,"column":6},"end":{"line":65,"column":34}},"line":65},"8":{"name":"(anonymous_8)","decl":{"start":{"line":66,"column":15},"end":{"line":66,"column":16}},"loc":{"start":{"line":66,"column":21},"end":{"line":71,"column":5}},"line":66}},"branchMap":{},"s":{"0":0,"1":0,"2":0,"3":0,"4":0,"5":0,"6":0,"7":0,"8":0,"9":0,"10":0,"11":0,"12":0,"13":0},"f":{"0":0,"1":0,"2":0,"3":0,"4":0,"5":0,"6":0,"7":0,"8":0},"b":{}}
,"/Users/avin/projects/clients/examtest/exam-duty/mobile/src/features/change-requests/types.ts": {"path":"/Users/avin/projects/clients/examtest/exam-duty/mobile/src/features/change-requests/types.ts","statementMap":{},"fnMap":{},"branchMap":{},"s":{},"f":{},"b":{}}
,"/Users/avin/projects/clients/examtest/exam-duty/mobile/src/features/change-requests/utils.ts": {"path":"/Users/avin/projects/clients/examtest/exam-duty/mobile/src/features/change-requests/utils.ts","statementMap":{"0":{"start":{"line":19,"column":18},"end":{"line":22,"column":1}},"1":{"start":{"line":20,"column":17},"end":{"line":20,"column":44}},"2":{"start":{"line":21,"column":2},"end":{"line":21,"column":20}},"3":{"start":{"line":24,"column":21},"end":{"line":28,"column":1}},"4":{"start":{"line":25,"column":12},"end":{"line":25,"column":22}},"5":{"start":{"line":26,"column":2},"end":{"line":26,"column":25}},"6":{"start":{"line":27,"column":2},"end":{"line":27,"column":11}},"7":{"start":{"line":30,"column":25},"end":{"line":36,"column":1}},"8":{"start":{"line":31,"column":13},"end":{"line":31,"column":24}},"9":{"start":{"line":32,"column":13},"end":{"line":32,"column":24}},"10":{"start":{"line":33,"column":2},"end":{"line":33,"column":26}},"11":{"start":{"line":34,"column":2},"end":{"line":34,"column":26}},"12":{"start":{"line":35,"column":2},"end":{"line":35,"column":39}},"13":{"start":{"line":38,"column":24},"end":{"line":44,"column":76}},"14":{"start":{"line":44,"column":2},"end":{"line":44,"column":76}},"15":{"start":{"line":48,"column":2},"end":{"line":50,"column":3}},"16":{"start":{"line":49,"column":4},"end":{"line":49,"column":67}},"17":{"start":{"line":51,"column":14},"end":{"line":51,"column":33}},"18":{"start":{"line":52,"column":2},"end":{"line":52,"column":27}},"19":{"start":{"line":53,"column":2},"end":{"line":55,"column":3}},"20":{"start":{"line":54,"column":4},"end":{"line":54,"column":76}},"21":{"start":{"line":56,"column":2},"end":{"line":56,"column":22}},"22":{"start":{"line":63,"column":2},"end":{"line":63,"column":80}},"23":{"start":{"line":63,"column":30},"end":{"line":63,"column":78}},"24":{"start":{"line":70,"column":15},"end":{"line":70,"column":32}},"25":{"start":{"line":71,"column":2},"end":{"line":75,"column":3}},"26":{"start":{"line":72,"column":4},"end":{"line":74,"column":5}},"27":{"start":{"line":73,"column":6},"end":{"line":73,"column":30}},"28":{"start":{"line":76,"column":2},"end":{"line":76,"column":14}},"29":{"start":{"line":83,"column":14},"end":{"line":83,"column":31}},"30":{"start":{"line":84,"column":2},"end":{"line":88,"column":3}},"31":{"start":{"line":85,"column":4},"end":{"line":87,"column":5}},"32":{"start":{"line":86,"column":6},"end":{"line":86,"column":36}},"33":{"start":{"line":89,"column":2},"end":{"line":89,"column":13}},"34":{"start":{"line":101,"column":2},"end":{"line":109,"column":4}},"35":{"start":{"line":104,"column":8},"end":{"line":107,"column":74}},"36":{"start":{"line":117,"column":14},"end":{"line":117,"column":33}},"37":{"start":{"line":118,"column":2},"end":{"line":118,"column":27}},"38":{"start":{"line":119,"column":2},"end":{"line":121,"column":3}},"39":{"start":{"line":120,"column":4},"end":{"line":120,"column":57}},"40":{"start":{"line":122,"column":19},"end":{"line":126,"column":3}},"41":{"start":{"line":127,"column":2},"end":{"line":132,"column":3}},"42":{"start":{"line":128,"column":4},"end":{"line":131,"column":6}},"43":{"start":{"line":133,"column":2},"end":{"line":133,"column":22}}},"fnMap":{"0":{"name":"(anonymous_0)","decl":{"start":{"line":19,"column":18},"end":{"line":19,"column":19}},"loc":{"start":{"line":19,"column":44},"end":{"line":22,"column":1}},"line":19},"1":{"name":"(anonymous_1)","decl":{"start":{"line":24,"column":21},"end":{"line":24,"column":22}},"loc":{"start":{"line":24,"column":33},"end":{"line":28,"column":1}},"line":24},"2":{"name":"(anonymous_2)","decl":{"start":{"line":30,"column":25},"end":{"line":30,"column":26}},"loc":{"start":{"line":30,"column":60},"end":{"line":36,"column":1}},"line":30},"3":{"name":"(anonymous_3)","decl":{"start":{"line":38,"column":24},"end":{"line":38,"column":25}},"loc":{"start":{"line":44,"column":2},"end":{"line":44,"column":76}},"line":44},"4":{"name":"canRequestChange","decl":{"start":{"line":47,"column":16},"end":{"line":47,"column":32}},"loc":{"start":{"line":47,"column":63},"end":{"line":57,"column":1}},"line":47},"5":{"name":"hasPendingRequestForDuty","decl":{"start":{"line":59,"column":16},"end":{"line":59,"column":40}},"loc":{"start":{"line":62,"column":11},"end":{"line":64,"column":1}},"line":62},"6":{"name":"(anonymous_6)","decl":{"start":{"line":63,"column":23},"end":{"line":63,"column":24}},"loc":{"start":{"line":63,"column":30},"end":{"line":63,"column":78}},"line":63},"7":{"name":"pendingRsSourceKeys","decl":{"start":{"line":67,"column":16},"end":{"line":67,"column":35}},"loc":{"start":{"line":69,"column":15},"end":{"line":77,"column":1}},"line":69},"8":{"name":"pendingDcsSourceIds","decl":{"start":{"line":80,"column":16},"end":{"line":80,"column":35}},"loc":{"start":{"line":82,"column":15},"end":{"line":90,"column":1}},"line":82},"9":{"name":"findConflictingDuty","decl":{"start":{"line":96,"column":16},"end":{"line":96,"column":35}},"loc":{"start":{"line":100,"column":15},"end":{"line":110,"column":1}},"line":100},"10":{"name":"(anonymous_10)","decl":{"start":{"line":103,"column":6},"end":{"line":103,"column":7}},"loc":{"start":{"line":104,"column":8},"end":{"line":107,"column":74}},"line":104},"11":{"name":"canSelectReplacement","decl":{"start":{"line":112,"column":16},"end":{"line":112,"column":36}},"loc":{"start":{"line":116,"column":20},"end":{"line":134,"column":1}},"line":116}},"branchMap":{"0":{"loc":{"start":{"line":44,"column":2},"end":{"line":44,"column":76}},"type":"binary-expr","locations":[{"start":{"line":44,"column":2},"end":{"line":44,"column":37}},{"start":{"line":44,"column":41},"end":{"line":44,"column":76}}],"line":44},"1":{"loc":{"start":{"line":48,"column":2},"end":{"line":50,"column":3}},"type":"if","locations":[{"start":{"line":48,"column":2},"end":{"line":50,"column":3}},{"start":{},"end":{}}],"line":48},"2":{"loc":{"start":{"line":53,"column":2},"end":{"line":55,"column":3}},"type":"if","locations":[{"start":{"line":53,"column":2},"end":{"line":55,"column":3}},{"start":{},"end":{}}],"line":53},"3":{"loc":{"start":{"line":63,"column":30},"end":{"line":63,"column":78}},"type":"binary-expr","locations":[{"start":{"line":63,"column":30},"end":{"line":63,"column":52}},{"start":{"line":63,"column":56},"end":{"line":63,"column":78}}],"line":63},"4":{"loc":{"start":{"line":72,"column":4},"end":{"line":74,"column":5}},"type":"if","locations":[{"start":{"line":72,"column":4},"end":{"line":74,"column":5}},{"start":{},"end":{}}],"line":72},"5":{"loc":{"start":{"line":72,"column":8},"end":{"line":72,"column":73}},"type":"binary-expr","locations":[{"start":{"line":72,"column":8},"end":{"line":72,"column":30}},{"start":{"line":72,"column":34},"end":{"line":72,"column":56}},{"start":{"line":72,"column":60},"end":{"line":72,"column":73}}],"line":72},"6":{"loc":{"start":{"line":85,"column":4},"end":{"line":87,"column":5}},"type":"if","locations":[{"start":{"line":85,"column":4},"end":{"line":87,"column":5}},{"start":{},"end":{}}],"line":85},"7":{"loc":{"start":{"line":85,"column":8},"end":{"line":85,"column":55}},"type":"binary-expr","locations":[{"start":{"line":85,"column":8},"end":{"line":85,"column":30}},{"start":{"line":85,"column":34},"end":{"line":85,"column":55}}],"line":85},"8":{"loc":{"start":{"line":102,"column":4},"end":{"line":108,"column":13}},"type":"binary-expr","locations":[{"start":{"line":102,"column":4},"end":{"line":108,"column":5}},{"start":{"line":108,"column":9},"end":{"line":108,"column":13}}],"line":102},"9":{"loc":{"start":{"line":104,"column":8},"end":{"line":107,"column":74}},"type":"binary-expr","locations":[{"start":{"line":104,"column":8},"end":{"line":104,"column":34}},{"start":{"line":105,"column":8},"end":{"line":105,"column":31}},{"start":{"line":106,"column":8},"end":{"line":106,"column":38}},{"start":{"line":107,"column":8},"end":{"line":107,"column":74}}],"line":104},"10":{"loc":{"start":{"line":119,"column":2},"end":{"line":121,"column":3}},"type":"if","locations":[{"start":{"line":119,"column":2},"end":{"line":121,"column":3}},{"start":{},"end":{}}],"line":119},"11":{"loc":{"start":{"line":127,"column":2},"end":{"line":132,"column":3}},"type":"if","locations":[{"start":{"line":127,"column":2},"end":{"line":132,"column":3}},{"start":{},"end":{}}],"line":127}},"s":{"0":0,"1":0,"2":0,"3":0,"4":0,"5":0,"6":0,"7":0,"8":0,"9":0,"10":0,"11":0,"12":0,"13":0,"14":0,"15":0,"16":0,"17":0,"18":0,"19":0,"20":0,"21":0,"22":0,"23":0,"24":0,"25":0,"26":0,"27":0,"28":0,"29":0,"30":0,"31":0,"32":0,"33":0,"34":0,"35":0,"36":0,"37":0,"38":0,"39":0,"40":0,"41":0,"42":0,"43":0},"f":{"0":0,"1":0,"2":0,"3":0,"4":0,"5":0,"6":0,"7":0,"8":0,"9":0,"10":0,"11":0},"b":{"0":[0,0],"1":[0,0],"2":[0,0],"3":[0,0],"4":[0,0],"5":[0,0,0],"6":[0,0],"7":[0,0],"8":[0,0],"9":[0,0,0,0],"10":[0,0],"11":[0,0]}}
,"/Users/avin/projects/clients/examtest/exam-duty/mobile/src/features/change-requests/components/DcsRequests.tsx": {"path":"/Users/avin/projects/clients/examtest/exam-duty/mobile/src/features/change-requests/components/DcsRequests.tsx","statementMap":{"0":{"start":{"line":30,"column":19},"end":{"line":36,"column":1}},"1":{"start":{"line":31,"column":16},"end":{"line":31,"column":26}},"2":{"start":{"line":32,"column":2},"end":{"line":32,"column":29}},"3":{"start":{"line":33,"column":14},"end":{"line":33,"column":43}},"4":{"start":{"line":34,"column":2},"end":{"line":34,"column":27}},"5":{"start":{"line":35,"column":2},"end":{"line":35,"column":22}},"6":{"start":{"line":39,"column":2},"end":{"line":41,"column":30}},"7":{"start":{"line":40,"column":17},"end":{"line":40,"column":35}},"8":{"start":{"line":45,"column":16},"end":{"line":45,"column":34}},"9":{"start":{"line":46,"column":19},"end":{"line":46,"column":62}},"10":{"start":{"line":48,"column":4},"end":{"line":52,"column":56}},"11":{"start":{"line":53,"column":2},"end":{"line":53,"column":53}},"12":{"start":{"line":57,"column":31},"end":{"line":57,"column":33}},"13":{"start":{"line":58,"column":19},"end":{"line":58,"column":44}},"14":{"start":{"line":59,"column":2},"end":{"line":62,"column":3}},"15":{"start":{"line":60,"column":4},"end":{"line":60,"column":68}},"16":{"start":{"line":61,"column":4},"end":{"line":61,"column":62}},"17":{"start":{"line":63,"column":2},"end":{"line":63,"column":61}},"18":{"start":{"line":64,"column":2},"end":{"line":64,"column":16}},"19":{"start":{"line":68,"column":24},"end":{"line":68,"column":40}},"20":{"start":{"line":69,"column":24},"end":{"line":69,"column":45}},"21":{"start":{"line":70,"column":24},"end":{"line":70,"column":48}},"22":{"start":{"line":72,"column":30},"end":{"line":72,"column":61}},"23":{"start":{"line":73,"column":30},"end":{"line":73,"column":61}},"24":{"start":{"line":74,"column":30},"end":{"line":74,"column":42}},"25":{"start":{"line":75,"column":28},"end":{"line":75,"column":57}},"26":{"start":{"line":77,"column":19},"end":{"line":80,"column":3}},"27":{"start":{"line":78,"column":10},"end":{"line":78,"column":34}},"28":{"start":{"line":81,"column":25},"end":{"line":84,"column":3}},"29":{"start":{"line":82,"column":10},"end":{"line":82,"column":37}},"30":{"start":{"line":86,"column":22},"end":{"line":89,"column":3}},"31":{"start":{"line":87,"column":10},"end":{"line":87,"column":34}},"32":{"start":{"line":90,"column":22},"end":{"line":96,"column":3}},"33":{"start":{"line":92,"column":6},"end":{"line":94,"column":7}},"34":{"start":{"line":93,"column":15},"end":{"line":93,"column":63}},"35":{"start":{"line":97,"column":21},"end":{"line":100,"column":3}},"36":{"start":{"line":98,"column":10},"end":{"line":98,"column":42}},"37":{"start":{"line":102,"column":26},"end":{"line":102,"column":59}},"38":{"start":{"line":104,"column":18},"end":{"line":126,"column":46}},"39":{"start":{"line":105,"column":4},"end":{"line":105,"column":27}},"40":{"start":{"line":105,"column":17},"end":{"line":105,"column":27}},"41":{"start":{"line":109,"column":21},"end":{"line":109,"column":65}},"42":{"start":{"line":109,"column":44},"end":{"line":109,"column":64}},"43":{"start":{"line":110,"column":4},"end":{"line":125,"column":7}},"44":{"start":{"line":111,"column":6},"end":{"line":111,"column":45}},"45":{"start":{"line":111,"column":32},"end":{"line":111,"column":45}},"46":{"start":{"line":112,"column":6},"end":{"line":112,"column":39}},"47":{"start":{"line":112,"column":26},"end":{"line":112,"column":39}},"48":{"start":{"line":113,"column":6},"end":{"line":113,"column":42}},"49":{"start":{"line":113,"column":29},"end":{"line":113,"column":42}},"50":{"start":{"line":114,"column":20},"end":{"line":123,"column":7}},"51":{"start":{"line":116,"column":10},"end":{"line":122,"column":11}},"52":{"start":{"line":124,"column":6},"end":{"line":124,"column":20}},"53":{"start":{"line":128,"column":21},"end":{"line":133,"column":3}},"54":{"start":{"line":129,"column":4},"end":{"line":129,"column":20}},"55":{"start":{"line":130,"column":4},"end":{"line":130,"column":20}},"56":{"start":{"line":131,"column":4},"end":{"line":131,"column":18}},"57":{"start":{"line":132,"column":4},"end":{"line":132,"column":19}},"58":{"start":{"line":135,"column":23},"end":{"line":150,"column":3}},"59":{"start":{"line":136,"column":4},"end":{"line":136,"column":35}},"60":{"start":{"line":136,"column":28},"end":{"line":136,"column":35}},"61":{"start":{"line":137,"column":4},"end":{"line":137,"column":19}},"62":{"start":{"line":138,"column":4},"end":{"line":149,"column":6}},"63":{"start":{"line":147,"column":24},"end":{"line":147,"column":43}},"64":{"start":{"line":152,"column":2},"end":{"line":246,"column":4}},"65":{"start":{"line":160,"column":10},"end":{"line":174,"column":12}},"66":{"start":{"line":169,"column":14},"end":{"line":169,"column":27}},"67":{"start":{"line":170,"column":14},"end":{"line":170,"column":30}},"68":{"start":{"line":171,"column":14},"end":{"line":171,"column":28}},"69":{"start":{"line":172,"column":14},"end":{"line":172,"column":29}},"70":{"start":{"line":189,"column":10},"end":{"line":189,"column":34}},"71":{"start":{"line":190,"column":10},"end":{"line":190,"column":34}},"72":{"start":{"line":233,"column":12},"end":{"line":241,"column":14}},"73":{"start":{"line":240,"column":29},"end":{"line":240,"column":41}},"74":{"start":{"line":249,"column":15},"end":{"line":261,"column":2}}},"fnMap":{"0":{"name":"(anonymous_0)","decl":{"start":{"line":30,"column":19},"end":{"line":30,"column":20}},"loc":{"start":{"line":30,"column":49},"end":{"line":36,"column":1}},"line":30},"1":{"name":"roomNumbers","decl":{"start":{"line":38,"column":9},"end":{"line":38,"column":20}},"loc":{"start":{"line":38,"column":48},"end":{"line":42,"column":1}},"line":38},"2":{"name":"(anonymous_2)","decl":{"start":{"line":40,"column":9},"end":{"line":40,"column":10}},"loc":{"start":{"line":40,"column":17},"end":{"line":40,"column":35}},"line":40},"3":{"name":"groupTitle","decl":{"start":{"line":44,"column":9},"end":{"line":44,"column":19}},"loc":{"start":{"line":44,"column":45},"end":{"line":54,"column":1}},"line":44},"4":{"name":"badgesFor","decl":{"start":{"line":56,"column":9},"end":{"line":56,"column":18}},"loc":{"start":{"line":56,"column":50},"end":{"line":65,"column":1}},"line":56},"5":{"name":"DcsRequests","decl":{"start":{"line":67,"column":24},"end":{"line":67,"column":35}},"loc":{"start":{"line":67,"column":38},"end":{"line":247,"column":1}},"line":67},"6":{"name":"(anonymous_6)","decl":{"start":{"line":78,"column":4},"end":{"line":78,"column":5}},"loc":{"start":{"line":78,"column":10},"end":{"line":78,"column":34}},"line":78},"7":{"name":"(anonymous_7)","decl":{"start":{"line":82,"column":4},"end":{"line":82,"column":5}},"loc":{"start":{"line":82,"column":10},"end":{"line":82,"column":37}},"line":82},"8":{"name":"(anonymous_8)","decl":{"start":{"line":87,"column":4},"end":{"line":87,"column":5}},"loc":{"start":{"line":87,"column":10},"end":{"line":87,"column":34}},"line":87},"9":{"name":"(anonymous_9)","decl":{"start":{"line":91,"column":4},"end":{"line":91,"column":5}},"loc":{"start":{"line":92,"column":6},"end":{"line":94,"column":7}},"line":92},"10":{"name":"(anonymous_10)","decl":{"start":{"line":93,"column":8},"end":{"line":93,"column":9}},"loc":{"start":{"line":93,"column":15},"end":{"line":93,"column":63}},"line":93},"11":{"name":"(anonymous_11)","decl":{"start":{"line":98,"column":4},"end":{"line":98,"column":5}},"loc":{"start":{"line":98,"column":10},"end":{"line":98,"column":42}},"line":98},"12":{"name":"(anonymous_12)","decl":{"start":{"line":104,"column":26},"end":{"line":104,"column":27}},"loc":{"start":{"line":104,"column":32},"end":{"line":126,"column":3}},"line":104},"13":{"name":"(anonymous_13)","decl":{"start":{"line":109,"column":37},"end":{"line":109,"column":38}},"loc":{"start":{"line":109,"column":44},"end":{"line":109,"column":64}},"line":109},"14":{"name":"(anonymous_14)","decl":{"start":{"line":110,"column":47},"end":{"line":110,"column":48}},"loc":{"start":{"line":110,"column":54},"end":{"line":125,"column":5}},"line":110},"15":{"name":"(anonymous_15)","decl":{"start":{"line":115,"column":8},"end":{"line":115,"column":9}},"loc":{"start":{"line":116,"column":10},"end":{"line":122,"column":11}},"line":116},"16":{"name":"(anonymous_16)","decl":{"start":{"line":128,"column":21},"end":{"line":128,"column":22}},"loc":{"start":{"line":128,"column":27},"end":{"line":133,"column":3}},"line":128},"17":{"name":"(anonymous_17)","decl":{"start":{"line":135,"column":23},"end":{"line":135,"column":24}},"loc":{"start":{"line":135,"column":29},"end":{"line":150,"column":3}},"line":135},"18":{"name":"(anonymous_18)","decl":{"start":{"line":147,"column":17},"end":{"line":147,"column":18}},"loc":{"start":{"line":147,"column":24},"end":{"line":147,"column":43}},"line":147},"19":{"name":"(anonymous_19)","decl":{"start":{"line":159,"column":38},"end":{"line":159,"column":39}},"loc":{"start":{"line":160,"column":10},"end":{"line":174,"column":12}},"line":160},"20":{"name":"(anonymous_20)","decl":{"start":{"line":168,"column":29},"end":{"line":168,"column":30}},"loc":{"start":{"line":168,"column":35},"end":{"line":173,"column":13}},"line":168},"21":{"name":"(anonymous_21)","decl":{"start":{"line":188,"column":19},"end":{"line":188,"column":20}},"loc":{"start":{"line":188,"column":25},"end":{"line":191,"column":9}},"line":188},"22":{"name":"(anonymous_22)","decl":{"start":{"line":232,"column":22},"end":{"line":232,"column":23}},"loc":{"start":{"line":233,"column":12},"end":{"line":241,"column":14}},"line":233},"23":{"name":"(anonymous_23)","decl":{"start":{"line":240,"column":23},"end":{"line":240,"column":24}},"loc":{"start":{"line":240,"column":29},"end":{"line":240,"column":41}},"line":240}},"branchMap":{"0":{"loc":{"start":{"line":48,"column":4},"end":{"line":52,"column":56}},"type":"cond-expr","locations":[{"start":{"line":49,"column":8},"end":{"line":49,"column":18}},{"start":{"line":50,"column":8},"end":{"line":52,"column":56}}],"line":48},"1":{"loc":{"start":{"line":50,"column":8},"end":{"line":52,"column":56}},"type":"cond-expr","locations":[{"start":{"line":51,"column":10},"end":{"line":51,"column":28}},{"start":{"line":52,"column":10},"end":{"line":52,"column":56}}],"line":50},"2":{"loc":{"start":{"line":53,"column":9},"end":{"line":53,"column":52}},"type":"cond-expr","locations":[{"start":{"line":53,"column":20},"end":{"line":53,"column":44}},{"start":{"line":53,"column":47},"end":{"line":53,"column":52}}],"line":53},"3":{"loc":{"start":{"line":59,"column":2},"end":{"line":62,"column":3}},"type":"if","locations":[{"start":{"line":59,"column":2},"end":{"line":62,"column":3}},{"start":{},"end":{}}],"line":59},"4":{"loc":{"start":{"line":78,"column":10},"end":{"line":78,"column":34}},"type":"binary-expr","locations":[{"start":{"line":78,"column":10},"end":{"line":78,"column":28}},{"start":{"line":78,"column":32},"end":{"line":78,"column":34}}],"line":78},"5":{"loc":{"start":{"line":87,"column":10},"end":{"line":87,"column":34}},"type":"binary-expr","locations":[{"start":{"line":87,"column":10},"end":{"line":87,"column":28}},{"start":{"line":87,"column":32},"end":{"line":87,"column":34}}],"line":87},"6":{"loc":{"start":{"line":93,"column":15},"end":{"line":93,"column":63}},"type":"binary-expr","locations":[{"start":{"line":93,"column":15},"end":{"line":93,"column":38}},{"start":{"line":93,"column":42},"end":{"line":93,"column":63}}],"line":93},"7":{"loc":{"start":{"line":105,"column":4},"end":{"line":105,"column":27}},"type":"if","locations":[{"start":{"line":105,"column":4},"end":{"line":105,"column":27}},{"start":{},"end":{}}],"line":105},"8":{"loc":{"start":{"line":110,"column":12},"end":{"line":110,"column":38}},"type":"binary-expr","locations":[{"start":{"line":110,"column":12},"end":{"line":110,"column":32}},{"start":{"line":110,"column":36},"end":{"line":110,"column":38}}],"line":110},"9":{"loc":{"start":{"line":111,"column":6},"end":{"line":111,"column":45}},"type":"if","locations":[{"start":{"line":111,"column":6},"end":{"line":111,"column":45}},{"start":{},"end":{}}],"line":111},"10":{"loc":{"start":{"line":112,"column":6},"end":{"line":112,"column":39}},"type":"if","locations":[{"start":{"line":112,"column":6},"end":{"line":112,"column":39}},{"start":{},"end":{}}],"line":112},"11":{"loc":{"start":{"line":113,"column":6},"end":{"line":113,"column":42}},"type":"if","locations":[{"start":{"line":113,"column":6},"end":{"line":113,"column":42}},{"start":{},"end":{}}],"line":113},"12":{"loc":{"start":{"line":116,"column":10},"end":{"line":122,"column":11}},"type":"binary-expr","locations":[{"start":{"line":116,"column":10},"end":{"line":116,"column":53}},{"start":{"line":117,"column":10},"end":{"line":122,"column":11}}],"line":116},"13":{"loc":{"start":{"line":136,"column":4},"end":{"line":136,"column":35}},"type":"if","locations":[{"start":{"line":136,"column":4},"end":{"line":136,"column":35}},{"start":{},"end":{}}],"line":136},"14":{"loc":{"start":{"line":136,"column":8},"end":{"line":136,"column":26}},"type":"binary-expr","locations":[{"start":{"line":136,"column":8},"end":{"line":136,"column":15}},{"start":{"line":136,"column":19},"end":{"line":136,"column":26}}],"line":136},"15":{"loc":{"start":{"line":141,"column":16},"end":{"line":141,"column":54}},"type":"binary-expr","locations":[{"start":{"line":141,"column":16},"end":{"line":141,"column":29}},{"start":{"line":141,"column":33},"end":{"line":141,"column":54}}],"line":141},"16":{"loc":{"start":{"line":165,"column":49},"end":{"line":165,"column":96}},"type":"cond-expr","locations":[{"start":{"line":165,"column":80},"end":{"line":165,"column":86}},{"start":{"line":165,"column":89},"end":{"line":165,"column":96}}],"line":165},"17":{"loc":{"start":{"line":185,"column":10},"end":{"line":185,"column":78}},"type":"binary-expr","locations":[{"start":{"line":185,"column":10},"end":{"line":185,"column":38}},{"start":{"line":185,"column":42},"end":{"line":185,"column":70}},{"start":{"line":185,"column":74},"end":{"line":185,"column":78}}],"line":185},"18":{"loc":{"start":{"line":187,"column":20},"end":{"line":187,"column":76}},"type":"binary-expr","locations":[{"start":{"line":187,"column":20},"end":{"line":187,"column":46}},{"start":{"line":187,"column":50},"end":{"line":187,"column":76}}],"line":187},"19":{"loc":{"start":{"line":197,"column":18},"end":{"line":197,"column":50}},"type":"cond-expr","locations":[{"start":{"line":197,"column":27},"end":{"line":197,"column":45}},{"start":{"line":197,"column":48},"end":{"line":197,"column":50}}],"line":197},"20":{"loc":{"start":{"line":209,"column":9},"end":{"line":219,"column":9}},"type":"binary-expr","locations":[{"start":{"line":209,"column":9},"end":{"line":209,"column":15}},{"start":{"line":210,"column":10},"end":{"line":218,"column":13}}],"line":209},"21":{"loc":{"start":{"line":215,"column":86},"end":{"line":215,"column":138}},"type":"cond-expr","locations":[{"start":{"line":215,"column":122},"end":{"line":215,"column":128}},{"start":{"line":215,"column":131},"end":{"line":215,"column":138}}],"line":215},"22":{"loc":{"start":{"line":222,"column":9},"end":{"line":243,"column":9}},"type":"cond-expr","locations":[{"start":{"line":223,"column":10},"end":{"line":223,"column":69}},{"start":{"line":224,"column":12},"end":{"line":243,"column":9}}],"line":222},"23":{"loc":{"start":{"line":224,"column":12},"end":{"line":243,"column":9}},"type":"cond-expr","locations":[{"start":{"line":225,"column":10},"end":{"line":225,"column":81}},{"start":{"line":226,"column":12},"end":{"line":243,"column":9}}],"line":224},"24":{"loc":{"start":{"line":226,"column":12},"end":{"line":243,"column":9}},"type":"cond-expr","locations":[{"start":{"line":227,"column":10},"end":{"line":230,"column":12}},{"start":{"line":232,"column":10},"end":{"line":242,"column":12}}],"line":226},"25":{"loc":{"start":{"line":237,"column":76},"end":{"line":237,"column":123}},"type":"cond-expr","locations":[{"start":{"line":237,"column":107},"end":{"line":237,"column":113}},{"start":{"line":237,"column":116},"end":{"line":237,"column":123}}],"line":237}},"s":{"0":0,"1":0,"2":0,"3":0,"4":0,"5":0,"6":0,"7":0,"8":0,"9":0,"10":0,"11":0,"12":0,"13":0,"14":0,"15":0,"16":0,"17":0,"18":0,"19":0,"20":0,"21":0,"22":0,"23":0,"24":0,"25":0,"26":0,"27":0,"28":0,"29":0,"30":0,"31":0,"32":0,"33":0,"34":0,"35":0,"36":0,"37":0,"38":0,"39":0,"40":0,"41":0,"42":0,"43":0,"44":0,"45":0,"46":0,"47":0,"48":0,"49":0,"50":0,"51":0,"52":0,"53":0,"54":0,"55":0,"56":0,"57":0,"58":0,"59":0,"60":0,"61":0,"62":0,"63":0,"64":0,"65":0,"66":0,"67":0,"68":0,"69":0,"70":0,"71":0,"72":0,"73":0,"74":0},"f":{"0":0,"1":0,"2":0,"3":0,"4":0,"5":0,"6":0,"7":0,"8":0,"9":0,"10":0,"11":0,"12":0,"13":0,"14":0,"15":0,"16":0,"17":0,"18":0,"19":0,"20":0,"21":0,"22":0,"23":0},"b":{"0":[0,0],"1":[0,0],"2":[0,0],"3":[0,0],"4":[0,0],"5":[0,0],"6":[0,0],"7":[0,0],"8":[0,0],"9":[0,0],"10":[0,0],"11":[0,0],"12":[0,0],"13":[0,0],"14":[0,0],"15":[0,0],"16":[0,0],"17":[0,0,0],"18":[0,0],"19":[0,0],"20":[0,0],"21":[0,0],"22":[0,0],"23":[0,0],"24":[0,0],"25":[0,0]}}
,"/Users/avin/projects/clients/examtest/exam-duty/mobile/src/features/change-requests/components/EmptyState.tsx": {"path":"/Users/avin/projects/clients/examtest/exam-duty/mobile/src/features/change-requests/components/EmptyState.tsx","statementMap":{"0":{"start":{"line":10,"column":2},"end":{"line":15,"column":4}},"1":{"start":{"line":18,"column":15},"end":{"line":30,"column":2}}},"fnMap":{"0":{"name":"EmptyState","decl":{"start":{"line":3,"column":24},"end":{"line":3,"column":34}},"loc":{"start":{"line":9,"column":3},"end":{"line":16,"column":1}},"line":9}},"branchMap":{"0":{"loc":{"start":{"line":13,"column":7},"end":{"line":13,"column":54}},"type":"binary-expr","locations":[{"start":{"line":13,"column":7},"end":{"line":13,"column":11}},{"start":{"line":13,"column":15},"end":{"line":13,"column":54}}],"line":13}},"s":{"0":0,"1":0},"f":{"0":0},"b":{"0":[0,0]}}
,"/Users/avin/projects/clients/examtest/exam-duty/mobile/src/features/change-requests/components/InvigilatorRequests.tsx": {"path":"/Users/avin/projects/clients/examtest/exam-duty/mobile/src/features/change-requests/components/InvigilatorRequests.tsx","statementMap":{"0":{"start":{"line":38,"column":69},"end":{"line":42,"column":1}},"1":{"start":{"line":45,"column":15},"end":{"line":45,"column":34}},"2":{"start":{"line":46,"column":2},"end":{"line":46,"column":80}},"3":{"start":{"line":46,"column":28},"end":{"line":46,"column":80}},"4":{"start":{"line":47,"column":2},"end":{"line":47,"column":39}},"5":{"start":{"line":51,"column":16},"end":{"line":51,"column":44}},"6":{"start":{"line":52,"column":31},"end":{"line":52,"column":33}},"7":{"start":{"line":53,"column":2},"end":{"line":61,"column":3}},"8":{"start":{"line":54,"column":4},"end":{"line":54,"column":80}},"9":{"start":{"line":55,"column":4},"end":{"line":55,"column":52}},"10":{"start":{"line":56,"column":9},"end":{"line":61,"column":3}},"11":{"start":{"line":58,"column":23},"end":{"line":58,"column":51}},"12":{"start":{"line":59,"column":4},"end":{"line":59,"column":72}},"13":{"start":{"line":60,"column":4},"end":{"line":60,"column":56}},"14":{"start":{"line":62,"column":2},"end":{"line":62,"column":16}},"15":{"start":{"line":66,"column":15},"end":{"line":66,"column":42}},"16":{"start":{"line":66,"column":35},"end":{"line":66,"column":41}},"17":{"start":{"line":67,"column":22},"end":{"line":67,"column":50}},"18":{"start":{"line":68,"column":24},"end":{"line":68,"column":45}},"19":{"start":{"line":69,"column":24},"end":{"line":69,"column":48}},"20":{"start":{"line":71,"column":38},"end":{"line":71,"column":65}},"21":{"start":{"line":72,"column":26},"end":{"line":72,"column":55}},"22":{"start":{"line":73,"column":26},"end":{"line":73,"column":64}},"23":{"start":{"line":74,"column":32},"end":{"line":74,"column":68}},"24":{"start":{"line":75,"column":42},"end":{"line":75,"column":54}},"25":{"start":{"line":76,"column":30},"end":{"line":76,"column":42}},"26":{"start":{"line":77,"column":28},"end":{"line":77,"column":57}},"27":{"start":{"line":79,"column":28},"end":{"line":82,"column":3}},"28":{"start":{"line":80,"column":10},"end":{"line":80,"column":32}},"29":{"start":{"line":83,"column":19},"end":{"line":83,"column":80}},"30":{"start":{"line":83,"column":33},"end":{"line":83,"column":57}},"31":{"start":{"line":87,"column":23},"end":{"line":90,"column":3}},"32":{"start":{"line":88,"column":10},"end":{"line":88,"column":64}},"33":{"start":{"line":88,"column":33},"end":{"line":88,"column":63}},"34":{"start":{"line":96,"column":19},"end":{"line":108,"column":17}},"35":{"start":{"line":97,"column":18},"end":{"line":97,"column":28}},"36":{"start":{"line":98,"column":4},"end":{"line":98,"column":31}},"37":{"start":{"line":99,"column":4},"end":{"line":107,"column":79}},"38":{"start":{"line":101,"column":8},"end":{"line":101,"column":50}},"39":{"start":{"line":101,"column":37},"end":{"line":101,"column":50}},"40":{"start":{"line":102,"column":8},"end":{"line":102,"column":61}},"41":{"start":{"line":102,"column":48},"end":{"line":102,"column":61}},"42":{"start":{"line":103,"column":20},"end":{"line":103,"column":36}},"43":{"start":{"line":104,"column":8},"end":{"line":104,"column":33}},"44":{"start":{"line":105,"column":8},"end":{"line":105,"column":28}},"45":{"start":{"line":107,"column":22},"end":{"line":107,"column":77}},"46":{"start":{"line":110,"column":28},"end":{"line":112,"column":3}},"47":{"start":{"line":113,"column":26},"end":{"line":115,"column":3}},"48":{"start":{"line":117,"column":21},"end":{"line":128,"column":52}},"49":{"start":{"line":118,"column":17},"end":{"line":118,"column":50}},"50":{"start":{"line":119,"column":4},"end":{"line":127,"column":8}},"51":{"start":{"line":120,"column":21},"end":{"line":120,"column":39}},"52":{"start":{"line":122,"column":8},"end":{"line":126,"column":16}},"53":{"start":{"line":130,"column":21},"end":{"line":138,"column":3}},"54":{"start":{"line":131,"column":4},"end":{"line":131,"column":24}},"55":{"start":{"line":132,"column":4},"end":{"line":132,"column":20}},"56":{"start":{"line":133,"column":4},"end":{"line":133,"column":18}},"57":{"start":{"line":134,"column":4},"end":{"line":134,"column":21}},"58":{"start":{"line":135,"column":4},"end":{"line":135,"column":24}},"59":{"start":{"line":136,"column":4},"end":{"line":136,"column":18}},"60":{"start":{"line":137,"column":4},"end":{"line":137,"column":19}},"61":{"start":{"line":140,"column":20},"end":{"line":148,"column":3}},"62":{"start":{"line":141,"column":4},"end":{"line":141,"column":24}},"63":{"start":{"line":142,"column":4},"end":{"line":142,"column":20}},"64":{"start":{"line":143,"column":4},"end":{"line":143,"column":18}},"65":{"start":{"line":144,"column":4},"end":{"line":144,"column":21}},"66":{"start":{"line":145,"column":4},"end":{"line":145,"column":24}},"67":{"start":{"line":146,"column":4},"end":{"line":146,"column":18}},"68":{"start":{"line":147,"column":4},"end":{"line":147,"column":19}},"69":{"start":{"line":150,"column":25},"end":{"line":150,"column":40}},"70":{"start":{"line":152,"column":4},"end":{"line":156,"column":34}},"71":{"start":{"line":158,"column":23},"end":{"line":187,"column":3}},"72":{"start":{"line":159,"column":4},"end":{"line":159,"column":42}},"73":{"start":{"line":159,"column":35},"end":{"line":159,"column":42}},"74":{"start":{"line":160,"column":4},"end":{"line":160,"column":19}},"75":{"start":{"line":163,"column":17},"end":{"line":163,"column":55}},"76":{"start":{"line":166,"column":6},"end":{"line":181,"column":73}},"77":{"start":{"line":183,"column":4},"end":{"line":186,"column":7}},"78":{"start":{"line":185,"column":22},"end":{"line":185,"column":41}},"79":{"start":{"line":189,"column":2},"end":{"line":359,"column":4}},"80":{"start":{"line":197,"column":30},"end":{"line":197,"column":52}},"81":{"start":{"line":198,"column":10},"end":{"line":210,"column":12}},"82":{"start":{"line":208,"column":37},"end":{"line":208,"column":52}},"83":{"start":{"line":225,"column":10},"end":{"line":225,"column":32}},"84":{"start":{"line":226,"column":10},"end":{"line":226,"column":34}},"85":{"start":{"line":252,"column":27},"end":{"line":252,"column":43}},"86":{"start":{"line":253,"column":12},"end":{"line":268,"column":14}},"87":{"start":{"line":257,"column":18},"end":{"line":257,"column":35}},"88":{"start":{"line":258,"column":18},"end":{"line":258,"column":33}},"89":{"start":{"line":272,"column":29},"end":{"line":272,"column":45}},"90":{"start":{"line":291,"column":30},"end":{"line":293,"column":32}},"91":{"start":{"line":294,"column":16},"end":{"line":308,"column":18}},"92":{"start":{"line":306,"column":35},"end":{"line":306,"column":45}},"93":{"start":{"line":336,"column":16},"end":{"line":345,"column":18}},"94":{"start":{"line":344,"column":33},"end":{"line":344,"column":46}},"95":{"start":{"line":362,"column":15},"end":{"line":400,"column":2}}},"fnMap":{"0":{"name":"dutyRoomLabel","decl":{"start":{"line":44,"column":9},"end":{"line":44,"column":22}},"loc":{"start":{"line":44,"column":43},"end":{"line":48,"column":1}},"line":44},"1":{"name":"dutyBadges","decl":{"start":{"line":50,"column":9},"end":{"line":50,"column":19}},"loc":{"start":{"line":50,"column":46},"end":{"line":63,"column":1}},"line":50},"2":{"name":"InvigilatorRequests","decl":{"start":{"line":65,"column":24},"end":{"line":65,"column":43}},"loc":{"start":{"line":65,"column":46},"end":{"line":360,"column":1}},"line":65},"3":{"name":"(anonymous_3)","decl":{"start":{"line":66,"column":28},"end":{"line":66,"column":29}},"loc":{"start":{"line":66,"column":35},"end":{"line":66,"column":41}},"line":66},"4":{"name":"(anonymous_4)","decl":{"start":{"line":80,"column":4},"end":{"line":80,"column":5}},"loc":{"start":{"line":80,"column":10},"end":{"line":80,"column":32}},"line":80},"5":{"name":"(anonymous_5)","decl":{"start":{"line":83,"column":27},"end":{"line":83,"column":28}},"loc":{"start":{"line":83,"column":33},"end":{"line":83,"column":57}},"line":83},"6":{"name":"(anonymous_6)","decl":{"start":{"line":88,"column":4},"end":{"line":88,"column":5}},"loc":{"start":{"line":88,"column":10},"end":{"line":88,"column":64}},"line":88},"7":{"name":"(anonymous_7)","decl":{"start":{"line":88,"column":26},"end":{"line":88,"column":27}},"loc":{"start":{"line":88,"column":33},"end":{"line":88,"column":63}},"line":88},"8":{"name":"(anonymous_8)","decl":{"start":{"line":96,"column":27},"end":{"line":96,"column":28}},"loc":{"start":{"line":96,"column":33},"end":{"line":108,"column":3}},"line":96},"9":{"name":"(anonymous_9)","decl":{"start":{"line":100,"column":14},"end":{"line":100,"column":15}},"loc":{"start":{"line":100,"column":21},"end":{"line":106,"column":7}},"line":100},"10":{"name":"(anonymous_10)","decl":{"start":{"line":107,"column":12},"end":{"line":107,"column":13}},"loc":{"start":{"line":107,"column":22},"end":{"line":107,"column":77}},"line":107},"11":{"name":"(anonymous_11)","decl":{"start":{"line":117,"column":29},"end":{"line":117,"column":30}},"loc":{"start":{"line":117,"column":35},"end":{"line":128,"column":3}},"line":117},"12":{"name":"(anonymous_12)","decl":{"start":{"line":120,"column":14},"end":{"line":120,"column":15}},"loc":{"start":{"line":120,"column":21},"end":{"line":120,"column":39}},"line":120},"13":{"name":"(anonymous_13)","decl":{"start":{"line":121,"column":14},"end":{"line":121,"column":15}},"loc":{"start":{"line":122,"column":8},"end":{"line":126,"column":16}},"line":122},"14":{"name":"(anonymous_14)","decl":{"start":{"line":130,"column":21},"end":{"line":130,"column":22}},"loc":{"start":{"line":130,"column":27},"end":{"line":138,"column":3}},"line":130},"15":{"name":"(anonymous_15)","decl":{"start":{"line":140,"column":20},"end":{"line":140,"column":21}},"loc":{"start":{"line":140,"column":36},"end":{"line":148,"column":3}},"line":140},"16":{"name":"(anonymous_16)","decl":{"start":{"line":158,"column":23},"end":{"line":158,"column":24}},"loc":{"start":{"line":158,"column":29},"end":{"line":187,"column":3}},"line":158},"17":{"name":"(anonymous_17)","decl":{"start":{"line":185,"column":15},"end":{"line":185,"column":16}},"loc":{"start":{"line":185,"column":22},"end":{"line":185,"column":41}},"line":185},"18":{"name":"(anonymous_18)","decl":{"start":{"line":196,"column":32},"end":{"line":196,"column":33}},"loc":{"start":{"line":196,"column":42},"end":{"line":211,"column":9}},"line":196},"19":{"name":"(anonymous_19)","decl":{"start":{"line":208,"column":31},"end":{"line":208,"column":32}},"loc":{"start":{"line":208,"column":37},"end":{"line":208,"column":52}},"line":208},"20":{"name":"(anonymous_20)","decl":{"start":{"line":224,"column":19},"end":{"line":224,"column":20}},"loc":{"start":{"line":224,"column":25},"end":{"line":227,"column":9}},"line":224},"21":{"name":"(anonymous_21)","decl":{"start":{"line":251,"column":21},"end":{"line":251,"column":22}},"loc":{"start":{"line":251,"column":28},"end":{"line":269,"column":11}},"line":251},"22":{"name":"(anonymous_22)","decl":{"start":{"line":256,"column":25},"end":{"line":256,"column":26}},"loc":{"start":{"line":256,"column":31},"end":{"line":259,"column":17}},"line":256},"23":{"name":"(anonymous_23)","decl":{"start":{"line":272,"column":22},"end":{"line":272,"column":23}},"loc":{"start":{"line":272,"column":29},"end":{"line":272,"column":45}},"line":272},"24":{"name":"(anonymous_24)","decl":{"start":{"line":290,"column":49},"end":{"line":290,"column":50}},"loc":{"start":{"line":290,"column":56},"end":{"line":309,"column":15}},"line":290},"25":{"name":"(anonymous_25)","decl":{"start":{"line":306,"column":29},"end":{"line":306,"column":30}},"loc":{"start":{"line":306,"column":35},"end":{"line":306,"column":45}},"line":306},"26":{"name":"(anonymous_26)","decl":{"start":{"line":335,"column":29},"end":{"line":335,"column":30}},"loc":{"start":{"line":336,"column":16},"end":{"line":345,"column":18}},"line":336},"27":{"name":"(anonymous_27)","decl":{"start":{"line":344,"column":27},"end":{"line":344,"column":28}},"loc":{"start":{"line":344,"column":33},"end":{"line":344,"column":46}},"line":344}},"branchMap":{"0":{"loc":{"start":{"line":46,"column":2},"end":{"line":46,"column":80}},"type":"if","locations":[{"start":{"line":46,"column":2},"end":{"line":46,"column":80}},{"start":{},"end":{}}],"line":46},"1":{"loc":{"start":{"line":47,"column":9},"end":{"line":47,"column":38}},"type":"binary-expr","locations":[{"start":{"line":47,"column":9},"end":{"line":47,"column":25}},{"start":{"line":47,"column":29},"end":{"line":47,"column":38}}],"line":47},"2":{"loc":{"start":{"line":53,"column":2},"end":{"line":61,"column":3}},"type":"if","locations":[{"start":{"line":53,"column":2},"end":{"line":61,"column":3}},{"start":{"line":56,"column":9},"end":{"line":61,"column":3}}],"line":53},"3":{"loc":{"start":{"line":56,"column":9},"end":{"line":61,"column":3}},"type":"if","locations":[{"start":{"line":56,"column":9},"end":{"line":61,"column":3}},{"start":{},"end":{}}],"line":56},"4":{"loc":{"start":{"line":80,"column":10},"end":{"line":80,"column":32}},"type":"binary-expr","locations":[{"start":{"line":80,"column":10},"end":{"line":80,"column":26}},{"start":{"line":80,"column":30},"end":{"line":80,"column":32}}],"line":80},"5":{"loc":{"start":{"line":83,"column":33},"end":{"line":83,"column":57}},"type":"binary-expr","locations":[{"start":{"line":83,"column":33},"end":{"line":83,"column":51}},{"start":{"line":83,"column":55},"end":{"line":83,"column":57}}],"line":83},"6":{"loc":{"start":{"line":88,"column":34},"end":{"line":88,"column":51}},"type":"binary-expr","locations":[{"start":{"line":88,"column":34},"end":{"line":88,"column":41}},{"start":{"line":88,"column":45},"end":{"line":88,"column":51}}],"line":88},"7":{"loc":{"start":{"line":101,"column":8},"end":{"line":101,"column":50}},"type":"if","locations":[{"start":{"line":101,"column":8},"end":{"line":101,"column":50}},{"start":{},"end":{}}],"line":101},"8":{"loc":{"start":{"line":102,"column":8},"end":{"line":102,"column":61}},"type":"if","locations":[{"start":{"line":102,"column":8},"end":{"line":102,"column":61}},{"start":{},"end":{}}],"line":102},"9":{"loc":{"start":{"line":102,"column":12},"end":{"line":102,"column":46}},"type":"binary-expr","locations":[{"start":{"line":102,"column":12},"end":{"line":102,"column":18}},{"start":{"line":102,"column":22},"end":{"line":102,"column":46}}],"line":102},"10":{"loc":{"start":{"line":111,"column":4},"end":{"line":111,"column":57}},"type":"cond-expr","locations":[{"start":{"line":111,"column":36},"end":{"line":111,"column":50}},{"start":{"line":111,"column":53},"end":{"line":111,"column":57}}],"line":111},"11":{"loc":{"start":{"line":111,"column":4},"end":{"line":111,"column":33}},"type":"binary-expr","locations":[{"start":{"line":111,"column":4},"end":{"line":111,"column":14}},{"start":{"line":111,"column":18},"end":{"line":111,"column":33}}],"line":111},"12":{"loc":{"start":{"line":114,"column":4},"end":{"line":114,"column":42}},"type":"binary-expr","locations":[{"start":{"line":114,"column":4},"end":{"line":114,"column":23}},{"start":{"line":114,"column":27},"end":{"line":114,"column":42}}],"line":114},"13":{"loc":{"start":{"line":119,"column":12},"end":{"line":119,"column":38}},"type":"binary-expr","locations":[{"start":{"line":119,"column":12},"end":{"line":119,"column":32}},{"start":{"line":119,"column":36},"end":{"line":119,"column":38}}],"line":119},"14":{"loc":{"start":{"line":122,"column":8},"end":{"line":126,"column":16}},"type":"cond-expr","locations":[{"start":{"line":123,"column":12},"end":{"line":125,"column":61}},{"start":{"line":126,"column":12},"end":{"line":126,"column":16}}],"line":122},"15":{"loc":{"start":{"line":123,"column":12},"end":{"line":125,"column":61}},"type":"binary-expr","locations":[{"start":{"line":123,"column":12},"end":{"line":123,"column":47}},{"start":{"line":124,"column":12},"end":{"line":124,"column":48}},{"start":{"line":125,"column":12},"end":{"line":125,"column":61}}],"line":123},"16":{"loc":{"start":{"line":125,"column":13},"end":{"line":125,"column":31}},"type":"binary-expr","locations":[{"start":{"line":125,"column":13},"end":{"line":125,"column":25}},{"start":{"line":125,"column":29},"end":{"line":125,"column":31}}],"line":125},"17":{"loc":{"start":{"line":152,"column":4},"end":{"line":156,"column":34}},"type":"cond-expr","locations":[{"start":{"line":153,"column":8},"end":{"line":153,"column":21}},{"start":{"line":154,"column":8},"end":{"line":156,"column":34}}],"line":152},"18":{"loc":{"start":{"line":154,"column":8},"end":{"line":156,"column":34}},"type":"cond-expr","locations":[{"start":{"line":155,"column":10},"end":{"line":155,"column":54}},{"start":{"line":156,"column":10},"end":{"line":156,"column":34}}],"line":154},"19":{"loc":{"start":{"line":155,"column":10},"end":{"line":155,"column":54}},"type":"binary-expr","locations":[{"start":{"line":155,"column":10},"end":{"line":155,"column":26}},{"start":{"line":155,"column":30},"end":{"line":155,"column":54}}],"line":155},"20":{"loc":{"start":{"line":159,"column":4},"end":{"line":159,"column":42}},"type":"if","locations":[{"start":{"line":159,"column":4},"end":{"line":159,"column":42}},{"start":{},"end":{}}],"line":159},"21":{"loc":{"start":{"line":159,"column":8},"end":{"line":159,"column":33}},"type":"binary-expr","locations":[{"start":{"line":159,"column":8},"end":{"line":159,"column":19}},{"start":{"line":159,"column":23},"end":{"line":159,"column":33}}],"line":159},"22":{"loc":{"start":{"line":163,"column":17},"end":{"line":163,"column":55}},"type":"binary-expr","locations":[{"start":{"line":163,"column":17},"end":{"line":163,"column":30}},{"start":{"line":163,"column":34},"end":{"line":163,"column":55}}],"line":163},"23":{"loc":{"start":{"line":166,"column":6},"end":{"line":181,"column":73}},"type":"cond-expr","locations":[{"start":{"line":167,"column":10},"end":{"line":173,"column":11}},{"start":{"line":174,"column":10},"end":{"line":181,"column":73}}],"line":166},"24":{"loc":{"start":{"line":174,"column":10},"end":{"line":181,"column":73}},"type":"cond-expr","locations":[{"start":{"line":175,"column":12},"end":{"line":180,"column":13}},{"start":{"line":181,"column":12},"end":{"line":181,"column":73}}],"line":174},"25":{"loc":{"start":{"line":207,"column":29},"end":{"line":207,"column":71}},"type":"cond-expr","locations":[{"start":{"line":207,"column":46},"end":{"line":207,"column":50}},{"start":{"line":207,"column":53},"end":{"line":207,"column":71}}],"line":207},"26":{"loc":{"start":{"line":221,"column":10},"end":{"line":221,"column":76}},"type":"binary-expr","locations":[{"start":{"line":221,"column":10},"end":{"line":221,"column":36}},{"start":{"line":221,"column":40},"end":{"line":221,"column":68}},{"start":{"line":221,"column":72},"end":{"line":221,"column":76}}],"line":221},"27":{"loc":{"start":{"line":223,"column":20},"end":{"line":223,"column":74}},"type":"binary-expr","locations":[{"start":{"line":223,"column":20},"end":{"line":223,"column":44}},{"start":{"line":223,"column":48},"end":{"line":223,"column":74}}],"line":223},"28":{"loc":{"start":{"line":234,"column":10},"end":{"line":236,"column":16}},"type":"cond-expr","locations":[{"start":{"line":235,"column":14},"end":{"line":235,"column":82}},{"start":{"line":236,"column":14},"end":{"line":236,"column":16}}],"line":234},"29":{"loc":{"start":{"line":260,"column":41},"end":{"line":260,"column":72}},"type":"binary-expr","locations":[{"start":{"line":260,"column":41},"end":{"line":260,"column":47}},{"start":{"line":260,"column":51},"end":{"line":260,"column":72}}],"line":260},"30":{"loc":{"start":{"line":263,"column":43},"end":{"line":263,"column":74}},"type":"binary-expr","locations":[{"start":{"line":263,"column":43},"end":{"line":263,"column":49}},{"start":{"line":263,"column":53},"end":{"line":263,"column":74}}],"line":263},"31":{"loc":{"start":{"line":275,"column":9},"end":{"line":312,"column":9}},"type":"binary-expr","locations":[{"start":{"line":275,"column":9},"end":{"line":275,"column":24}},{"start":{"line":276,"column":10},"end":{"line":311,"column":13}}],"line":275},"32":{"loc":{"start":{"line":278,"column":13},"end":{"line":310,"column":13}},"type":"cond-expr","locations":[{"start":{"line":279,"column":14},"end":{"line":279,"column":73}},{"start":{"line":280,"column":16},"end":{"line":310,"column":13}}],"line":278},"33":{"loc":{"start":{"line":280,"column":16},"end":{"line":310,"column":13}},"type":"cond-expr","locations":[{"start":{"line":281,"column":14},"end":{"line":283,"column":21}},{"start":{"line":284,"column":16},"end":{"line":310,"column":13}}],"line":280},"34":{"loc":{"start":{"line":284,"column":16},"end":{"line":310,"column":13}},"type":"cond-expr","locations":[{"start":{"line":285,"column":14},"end":{"line":288,"column":16}},{"start":{"line":290,"column":14},"end":{"line":309,"column":16}}],"line":284},"35":{"loc":{"start":{"line":284,"column":17},"end":{"line":284,"column":45}},"type":"binary-expr","locations":[{"start":{"line":284,"column":17},"end":{"line":284,"column":39}},{"start":{"line":284,"column":43},"end":{"line":284,"column":45}}],"line":284},"36":{"loc":{"start":{"line":290,"column":15},"end":{"line":290,"column":43}},"type":"binary-expr","locations":[{"start":{"line":290,"column":15},"end":{"line":290,"column":37}},{"start":{"line":290,"column":41},"end":{"line":290,"column":43}}],"line":290},"37":{"loc":{"start":{"line":291,"column":30},"end":{"line":293,"column":32}},"type":"cond-expr","locations":[{"start":{"line":292,"column":20},"end":{"line":292,"column":66}},{"start":{"line":293,"column":20},"end":{"line":293,"column":32}}],"line":291},"38":{"loc":{"start":{"line":298,"column":30},"end":{"line":298,"column":57}},"type":"binary-expr","locations":[{"start":{"line":298,"column":30},"end":{"line":298,"column":44}},{"start":{"line":298,"column":48},"end":{"line":298,"column":57}}],"line":298},"39":{"loc":{"start":{"line":302,"column":22},"end":{"line":303,"column":55}},"type":"binary-expr","locations":[{"start":{"line":302,"column":22},"end":{"line":302,"column":55}},{"start":{"line":303,"column":22},"end":{"line":303,"column":55}}],"line":302},"40":{"loc":{"start":{"line":305,"column":36},"end":{"line":305,"column":66}},"type":"cond-expr","locations":[{"start":{"line":305,"column":47},"end":{"line":305,"column":51}},{"start":{"line":305,"column":54},"end":{"line":305,"column":66}}],"line":305},"41":{"loc":{"start":{"line":314,"column":9},"end":{"line":349,"column":9}},"type":"binary-expr","locations":[{"start":{"line":314,"column":9},"end":{"line":314,"column":24}},{"start":{"line":315,"column":10},"end":{"line":348,"column":13}}],"line":314},"42":{"loc":{"start":{"line":326,"column":13},"end":{"line":347,"column":13}},"type":"cond-expr","locations":[{"start":{"line":327,"column":14},"end":{"line":327,"column":73}},{"start":{"line":328,"column":16},"end":{"line":347,"column":13}}],"line":326},"43":{"loc":{"start":{"line":328,"column":16},"end":{"line":347,"column":13}},"type":"cond-expr","locations":[{"start":{"line":329,"column":14},"end":{"line":331,"column":21}},{"start":{"line":332,"column":16},"end":{"line":347,"column":13}}],"line":328},"44":{"loc":{"start":{"line":332,"column":16},"end":{"line":347,"column":13}},"type":"cond-expr","locations":[{"start":{"line":333,"column":14},"end":{"line":333,"column":67}},{"start":{"line":335,"column":14},"end":{"line":346,"column":16}}],"line":332},"45":{"loc":{"start":{"line":351,"column":9},"end":{"line":356,"column":9}},"type":"binary-expr","locations":[{"start":{"line":351,"column":9},"end":{"line":351,"column":24}},{"start":{"line":352,"column":10},"end":{"line":355,"column":17}}],"line":351}},"s":{"0":0,"1":0,"2":0,"3":0,"4":0,"5":0,"6":0,"7":0,"8":0,"9":0,"10":0,"11":0,"12":0,"13":0,"14":0,"15":0,"16":0,"17":0,"18":0,"19":0,"20":0,"21":0,"22":0,"23":0,"24":0,"25":0,"26":0,"27":0,"28":0,"29":0,"30":0,"31":0,"32":0,"33":0,"34":0,"35":0,"36":0,"37":0,"38":0,"39":0,"40":0,"41":0,"42":0,"43":0,"44":0,"45":0,"46":0,"47":0,"48":0,"49":0,"50":0,"51":0,"52":0,"53":0,"54":0,"55":0,"56":0,"57":0,"58":0,"59":0,"60":0,"61":0,"62":0,"63":0,"64":0,"65":0,"66":0,"67":0,"68":0,"69":0,"70":0,"71":0,"72":0,"73":0,"74":0,"75":0,"76":0,"77":0,"78":0,"79":0,"80":0,"81":0,"82":0,"83":0,"84":0,"85":0,"86":0,"87":0,"88":0,"89":0,"90":0,"91":0,"92":0,"93":0,"94":0,"95":0},"f":{"0":0,"1":0,"2":0,"3":0,"4":0,"5":0,"6":0,"7":0,"8":0,"9":0,"10":0,"11":0,"12":0,"13":0,"14":0,"15":0,"16":0,"17":0,"18":0,"19":0,"20":0,"21":0,"22":0,"23":0,"24":0,"25":0,"26":0,"27":0},"b":{"0":[0,0],"1":[0,0],"2":[0,0],"3":[0,0],"4":[0,0],"5":[0,0],"6":[0,0],"7":[0,0],"8":[0,0],"9":[0,0],"10":[0,0],"11":[0,0],"12":[0,0],"13":[0,0],"14":[0,0],"15":[0,0,0],"16":[0,0],"17":[0,0],"18":[0,0],"19":[0,0],"20":[0,0],"21":[0,0],"22":[0,0],"23":[0,0],"24":[0,0],"25":[0,0],"26":[0,0,0],"27":[0,0],"28":[0,0],"29":[0,0],"30":[0,0],"31":[0,0],"32":[0,0],"33":[0,0],"34":[0,0],"35":[0,0],"36":[0,0],"37":[0,0],"38":[0,0],"39":[0,0],"40":[0,0],"41":[0,0],"42":[0,0],"43":[0,0],"44":[0,0],"45":[0,0]}}
,"/Users/avin/projects/clients/examtest/exam-duty/mobile/src/features/change-requests/components/OwnedItemCard.tsx": {"path":"/Users/avin/projects/clients/examtest/exam-duty/mobile/src/features/change-requests/components/OwnedItemCard.tsx","statementMap":{"0":{"start":{"line":36,"column":19},"end":{"line":36,"column":52}},"1":{"start":{"line":38,"column":2},"end":{"line":87,"column":4}},"2":{"start":{"line":42,"column":10},"end":{"line":52,"column":17}},"3":{"start":{"line":63,"column":12},"end":{"line":65,"column":19}},"4":{"start":{"line":90,"column":15},"end":{"line":136,"column":2}}},"fnMap":{"0":{"name":"OwnedItemCard","decl":{"start":{"line":17,"column":24},"end":{"line":17,"column":37}},"loc":{"start":{"line":35,"column":3},"end":{"line":88,"column":1}},"line":35},"1":{"name":"(anonymous_1)","decl":{"start":{"line":41,"column":20},"end":{"line":41,"column":21}},"loc":{"start":{"line":42,"column":10},"end":{"line":52,"column":17}},"line":42},"2":{"name":"(anonymous_2)","decl":{"start":{"line":62,"column":20},"end":{"line":62,"column":21}},"loc":{"start":{"line":63,"column":12},"end":{"line":65,"column":19}},"line":63}},"branchMap":{"0":{"loc":{"start":{"line":36,"column":19},"end":{"line":36,"column":52}},"type":"binary-expr","locations":[{"start":{"line":36,"column":19},"end":{"line":36,"column":26}},{"start":{"line":36,"column":30},"end":{"line":36,"column":52}}],"line":36},"1":{"loc":{"start":{"line":46,"column":14},"end":{"line":48,"column":37}},"type":"cond-expr","locations":[{"start":{"line":47,"column":18},"end":{"line":47,"column":64}},{"start":{"line":48,"column":18},"end":{"line":48,"column":37}}],"line":46},"2":{"loc":{"start":{"line":58,"column":7},"end":{"line":58,"column":60}},"type":"binary-expr","locations":[{"start":{"line":58,"column":7},"end":{"line":58,"column":13}},{"start":{"line":58,"column":17},"end":{"line":58,"column":60}}],"line":58},"3":{"loc":{"start":{"line":60,"column":7},"end":{"line":68,"column":7}},"type":"binary-expr","locations":[{"start":{"line":60,"column":7},"end":{"line":60,"column":11}},{"start":{"line":60,"column":15},"end":{"line":60,"column":30}},{"start":{"line":61,"column":8},"end":{"line":67,"column":15}}],"line":60},"4":{"loc":{"start":{"line":71,"column":31},"end":{"line":71,"column":64}},"type":"binary-expr","locations":[{"start":{"line":71,"column":31},"end":{"line":71,"column":39}},{"start":{"line":71,"column":43},"end":{"line":71,"column":64}}],"line":71},"5":{"loc":{"start":{"line":76,"column":11},"end":{"line":76,"column":57}},"type":"cond-expr","locations":[{"start":{"line":76,"column":21},"end":{"line":76,"column":38}},{"start":{"line":76,"column":41},"end":{"line":76,"column":57}}],"line":76},"6":{"loc":{"start":{"line":80,"column":7},"end":{"line":82,"column":7}},"type":"binary-expr","locations":[{"start":{"line":80,"column":7},"end":{"line":80,"column":14}},{"start":{"line":81,"column":8},"end":{"line":81,"column":72}}],"line":80},"7":{"loc":{"start":{"line":83,"column":7},"end":{"line":85,"column":7}},"type":"binary-expr","locations":[{"start":{"line":83,"column":7},"end":{"line":83,"column":15}},{"start":{"line":83,"column":19},"end":{"line":83,"column":32}},{"start":{"line":84,"column":8},"end":{"line":84,"column":56}}],"line":83}},"s":{"0":0,"1":0,"2":0,"3":0,"4":0},"f":{"0":0,"1":0,"2":0},"b":{"0":[0,0],"1":[0,0],"2":[0,0],"3":[0,0,0],"4":[0,0],"5":[0,0],"6":[0,0],"7":[0,0,0]}}
,"/Users/avin/projects/clients/examtest/exam-duty/mobile/src/features/change-requests/components/RequestCard.tsx": {"path":"/Users/avin/projects/clients/examtest/exam-duty/mobile/src/features/change-requests/components/RequestCard.tsx","statementMap":{"0":{"start":{"line":24,"column":43},"end":{"line":30,"column":1}},"1":{"start":{"line":45,"column":2},"end":{"line":45,"column":50}},"2":{"start":{"line":45,"column":38},"end":{"line":45,"column":50}},"3":{"start":{"line":46,"column":22},"end":{"line":48,"column":29}},"4":{"start":{"line":47,"column":16},"end":{"line":47,"column":54}},"5":{"start":{"line":49,"column":19},"end":{"line":49,"column":41}},"6":{"start":{"line":50,"column":22},"end":{"line":50,"column":39}},"7":{"start":{"line":51,"column":2},"end":{"line":53,"column":3}},"8":{"start":{"line":52,"column":4},"end":{"line":52,"column":88}},"9":{"start":{"line":52,"column":53},"end":{"line":52,"column":88}},"10":{"start":{"line":54,"column":2},"end":{"line":62,"column":4}},"11":{"start":{"line":68,"column":2},"end":{"line":68,"column":48}},"12":{"start":{"line":68,"column":36},"end":{"line":68,"column":48}},"13":{"start":{"line":69,"column":22},"end":{"line":71,"column":29}},"14":{"start":{"line":70,"column":16},"end":{"line":70,"column":40}},"15":{"start":{"line":72,"column":19},"end":{"line":72,"column":36}},"16":{"start":{"line":73,"column":22},"end":{"line":73,"column":39}},"17":{"start":{"line":74,"column":2},"end":{"line":76,"column":3}},"18":{"start":{"line":75,"column":4},"end":{"line":75,"column":78}},"19":{"start":{"line":75,"column":43},"end":{"line":75,"column":78}},"20":{"start":{"line":77,"column":2},"end":{"line":85,"column":4}},"21":{"start":{"line":89,"column":22},"end":{"line":91,"column":29}},"22":{"start":{"line":90,"column":17},"end":{"line":90,"column":35}},"23":{"start":{"line":92,"column":2},"end":{"line":101,"column":4}},"24":{"start":{"line":100,"column":54},"end":{"line":100,"column":69}},"25":{"start":{"line":105,"column":2},"end":{"line":105,"column":42}},"26":{"start":{"line":105,"column":32},"end":{"line":105,"column":42}},"27":{"start":{"line":106,"column":2},"end":{"line":106,"column":64}},"28":{"start":{"line":106,"column":32},"end":{"line":106,"column":64}},"29":{"start":{"line":107,"column":2},"end":{"line":107,"column":74}},"30":{"start":{"line":117,"column":2},"end":{"line":146,"column":4}},"31":{"start":{"line":131,"column":10},"end":{"line":133,"column":17}},"32":{"start":{"line":139,"column":12},"end":{"line":141,"column":19}},"33":{"start":{"line":164,"column":2},"end":{"line":173,"column":4}},"34":{"start":{"line":177,"column":12},"end":{"line":177,"column":19}},"35":{"start":{"line":178,"column":19},"end":{"line":178,"column":65}},"36":{"start":{"line":179,"column":20},"end":{"line":179,"column":68}},"37":{"start":{"line":181,"column":19},"end":{"line":181,"column":72}},"38":{"start":{"line":182,"column":19},"end":{"line":182,"column":75}},"39":{"start":{"line":185,"column":4},"end":{"line":200,"column":12}},"40":{"start":{"line":202,"column":2},"end":{"line":293,"column":4}},"41":{"start":{"line":296,"column":15},"end":{"line":400,"column":2}}},"fnMap":{"0":{"name":"summariseRsSource","decl":{"start":{"line":42,"column":9},"end":{"line":42,"column":26}},"loc":{"start":{"line":44,"column":23},"end":{"line":63,"column":1}},"line":44},"1":{"name":"(anonymous_1)","decl":{"start":{"line":47,"column":9},"end":{"line":47,"column":10}},"loc":{"start":{"line":47,"column":16},"end":{"line":47,"column":54}},"line":47},"2":{"name":"summariseRsTarget","decl":{"start":{"line":65,"column":9},"end":{"line":65,"column":26}},"loc":{"start":{"line":67,"column":23},"end":{"line":86,"column":1}},"line":67},"3":{"name":"(anonymous_3)","decl":{"start":{"line":70,"column":9},"end":{"line":70,"column":10}},"loc":{"start":{"line":70,"column":16},"end":{"line":70,"column":40}},"line":70},"4":{"name":"summariseDcs","decl":{"start":{"line":88,"column":9},"end":{"line":88,"column":21}},"loc":{"start":{"line":88,"column":56},"end":{"line":102,"column":1}},"line":88},"5":{"name":"(anonymous_5)","decl":{"start":{"line":90,"column":9},"end":{"line":90,"column":10}},"loc":{"start":{"line":90,"column":17},"end":{"line":90,"column":35}},"line":90},"6":{"name":"(anonymous_6)","decl":{"start":{"line":100,"column":47},"end":{"line":100,"column":48}},"loc":{"start":{"line":100,"column":54},"end":{"line":100,"column":69}},"line":100},"7":{"name":"rangeLabel","decl":{"start":{"line":104,"column":9},"end":{"line":104,"column":19}},"loc":{"start":{"line":104,"column":51},"end":{"line":108,"column":1}},"line":104},"8":{"name":"GroupBlock","decl":{"start":{"line":110,"column":9},"end":{"line":110,"column":19}},"loc":{"start":{"line":116,"column":3},"end":{"line":147,"column":1}},"line":116},"9":{"name":"(anonymous_9)","decl":{"start":{"line":130,"column":33},"end":{"line":130,"column":34}},"loc":{"start":{"line":131,"column":10},"end":{"line":133,"column":17}},"line":131},"10":{"name":"(anonymous_10)","decl":{"start":{"line":138,"column":35},"end":{"line":138,"column":36}},"loc":{"start":{"line":139,"column":12},"end":{"line":141,"column":19}},"line":139},"11":{"name":"DutyBlock","decl":{"start":{"line":149,"column":9},"end":{"line":149,"column":18}},"loc":{"start":{"line":163,"column":3},"end":{"line":174,"column":1}},"line":163},"12":{"name":"RequestCard","decl":{"start":{"line":176,"column":24},"end":{"line":176,"column":35}},"loc":{"start":{"line":176,"column":77},"end":{"line":294,"column":1}},"line":176}},"branchMap":{"0":{"loc":{"start":{"line":45,"column":2},"end":{"line":45,"column":50}},"type":"if","locations":[{"start":{"line":45,"column":2},"end":{"line":45,"column":50}},{"start":{},"end":{}}],"line":45},"1":{"loc":{"start":{"line":45,"column":6},"end":{"line":45,"column":36}},"type":"binary-expr","locations":[{"start":{"line":45,"column":6},"end":{"line":45,"column":13}},{"start":{"line":45,"column":17},"end":{"line":45,"column":36}}],"line":45},"2":{"loc":{"start":{"line":47,"column":16},"end":{"line":47,"column":54}},"type":"binary-expr","locations":[{"start":{"line":47,"column":16},"end":{"line":47,"column":44}},{"start":{"line":47,"column":48},"end":{"line":47,"column":54}}],"line":47},"3":{"loc":{"start":{"line":52,"column":22},"end":{"line":52,"column":51}},"type":"binary-expr","locations":[{"start":{"line":52,"column":22},"end":{"line":52,"column":45}},{"start":{"line":52,"column":49},"end":{"line":52,"column":51}}],"line":52},"4":{"loc":{"start":{"line":55,"column":18},"end":{"line":55,"column":65}},"type":"binary-expr","locations":[{"start":{"line":55,"column":18},"end":{"line":55,"column":58}},{"start":{"line":55,"column":62},"end":{"line":55,"column":65}}],"line":55},"5":{"loc":{"start":{"line":58,"column":10},"end":{"line":58,"column":42}},"type":"binary-expr","locations":[{"start":{"line":58,"column":10},"end":{"line":58,"column":24}},{"start":{"line":58,"column":28},"end":{"line":58,"column":42}}],"line":58},"6":{"loc":{"start":{"line":59,"column":15},"end":{"line":59,"column":57}},"type":"binary-expr","locations":[{"start":{"line":59,"column":15},"end":{"line":59,"column":34}},{"start":{"line":59,"column":38},"end":{"line":59,"column":57}}],"line":59},"7":{"loc":{"start":{"line":60,"column":13},"end":{"line":60,"column":51}},"type":"binary-expr","locations":[{"start":{"line":60,"column":13},"end":{"line":60,"column":30}},{"start":{"line":60,"column":34},"end":{"line":60,"column":51}}],"line":60},"8":{"loc":{"start":{"line":68,"column":2},"end":{"line":68,"column":48}},"type":"if","locations":[{"start":{"line":68,"column":2},"end":{"line":68,"column":48}},{"start":{},"end":{}}],"line":68},"9":{"loc":{"start":{"line":68,"column":6},"end":{"line":68,"column":34}},"type":"binary-expr","locations":[{"start":{"line":68,"column":6},"end":{"line":68,"column":12}},{"start":{"line":68,"column":16},"end":{"line":68,"column":34}}],"line":68},"10":{"loc":{"start":{"line":70,"column":16},"end":{"line":70,"column":40}},"type":"binary-expr","locations":[{"start":{"line":70,"column":16},"end":{"line":70,"column":34}},{"start":{"line":70,"column":38},"end":{"line":70,"column":40}}],"line":70},"11":{"loc":{"start":{"line":75,"column":22},"end":{"line":75,"column":41}},"type":"binary-expr","locations":[{"start":{"line":75,"column":22},"end":{"line":75,"column":35}},{"start":{"line":75,"column":39},"end":{"line":75,"column":41}}],"line":75},"12":{"loc":{"start":{"line":78,"column":18},"end":{"line":78,"column":54}},"type":"binary-expr","locations":[{"start":{"line":78,"column":18},"end":{"line":78,"column":47}},{"start":{"line":78,"column":51},"end":{"line":78,"column":54}}],"line":78},"13":{"loc":{"start":{"line":81,"column":10},"end":{"line":81,"column":32}},"type":"binary-expr","locations":[{"start":{"line":81,"column":10},"end":{"line":81,"column":24}},{"start":{"line":81,"column":28},"end":{"line":81,"column":32}}],"line":81},"14":{"loc":{"start":{"line":82,"column":15},"end":{"line":82,"column":42}},"type":"binary-expr","locations":[{"start":{"line":82,"column":15},"end":{"line":82,"column":34}},{"start":{"line":82,"column":38},"end":{"line":82,"column":42}}],"line":82},"15":{"loc":{"start":{"line":83,"column":13},"end":{"line":83,"column":38}},"type":"binary-expr","locations":[{"start":{"line":83,"column":13},"end":{"line":83,"column":30}},{"start":{"line":83,"column":34},"end":{"line":83,"column":38}}],"line":83},"16":{"loc":{"start":{"line":94,"column":6},"end":{"line":94,"column":81}},"type":"binary-expr","locations":[{"start":{"line":94,"column":6},"end":{"line":94,"column":49}},{"start":{"line":94,"column":53},"end":{"line":94,"column":81}}],"line":94},"17":{"loc":{"start":{"line":105,"column":2},"end":{"line":105,"column":42}},"type":"if","locations":[{"start":{"line":105,"column":2},"end":{"line":105,"column":42}},{"start":{},"end":{}}],"line":105},"18":{"loc":{"start":{"line":106,"column":2},"end":{"line":106,"column":64}},"type":"if","locations":[{"start":{"line":106,"column":2},"end":{"line":106,"column":64}},{"start":{},"end":{}}],"line":106},"19":{"loc":{"start":{"line":120,"column":7},"end":{"line":125,"column":7}},"type":"binary-expr","locations":[{"start":{"line":120,"column":7},"end":{"line":120,"column":19}},{"start":{"line":120,"column":23},"end":{"line":120,"column":40}},{"start":{"line":120,"column":44},"end":{"line":120,"column":59}},{"start":{"line":121,"column":8},"end":{"line":124,"column":15}}],"line":120},"20":{"loc":{"start":{"line":136,"column":7},"end":{"line":144,"column":7}},"type":"binary-expr","locations":[{"start":{"line":136,"column":7},"end":{"line":136,"column":37}},{"start":{"line":137,"column":8},"end":{"line":143,"column":15}}],"line":136},"21":{"loc":{"start":{"line":171,"column":7},"end":{"line":171,"column":59}},"type":"binary-expr","locations":[{"start":{"line":171,"column":7},"end":{"line":171,"column":11}},{"start":{"line":171,"column":15},"end":{"line":171,"column":59}}],"line":171},"22":{"loc":{"start":{"line":178,"column":19},"end":{"line":178,"column":65}},"type":"binary-expr","locations":[{"start":{"line":178,"column":19},"end":{"line":178,"column":41}},{"start":{"line":178,"column":45},"end":{"line":178,"column":65}}],"line":178},"23":{"loc":{"start":{"line":179,"column":20},"end":{"line":179,"column":68}},"type":"binary-expr","locations":[{"start":{"line":179,"column":20},"end":{"line":179,"column":43}},{"start":{"line":179,"column":47},"end":{"line":179,"column":68}}],"line":179},"24":{"loc":{"start":{"line":181,"column":19},"end":{"line":181,"column":72}},"type":"cond-expr","locations":[{"start":{"line":181,"column":30},"end":{"line":181,"column":65}},{"start":{"line":181,"column":68},"end":{"line":181,"column":72}}],"line":181},"25":{"loc":{"start":{"line":182,"column":19},"end":{"line":182,"column":75}},"type":"cond-expr","locations":[{"start":{"line":182,"column":30},"end":{"line":182,"column":68}},{"start":{"line":182,"column":71},"end":{"line":182,"column":75}}],"line":182},"26":{"loc":{"start":{"line":185,"column":4},"end":{"line":200,"column":12}},"type":"cond-expr","locations":[{"start":{"line":189,"column":8},"end":{"line":199,"column":9}},{"start":{"line":200,"column":8},"end":{"line":200,"column":12}}],"line":185},"27":{"loc":{"start":{"line":185,"column":4},"end":{"line":188,"column":22}},"type":"binary-expr","locations":[{"start":{"line":185,"column":4},"end":{"line":185,"column":21}},{"start":{"line":186,"column":4},"end":{"line":186,"column":19}},{"start":{"line":187,"column":4},"end":{"line":187,"column":24}},{"start":{"line":188,"column":4},"end":{"line":188,"column":22}}],
[...]
lumn":55}},"9":{"start":{"line":41,"column":6},"end":{"line":41,"column":30}},"10":{"start":{"line":44,"column":64},"end":{"line":44,"column":72}},"11":{"start":{"line":46,"column":6},"end":{"line":49,"column":7}},"12":{"start":{"line":47,"column":8},"end":{"line":47,"column":43}},"13":{"start":{"line":48,"column":8},"end":{"line":48,"column":15}},"14":{"start":{"line":51,"column":6},"end":{"line":55,"column":7}},"15":{"start":{"line":53,"column":8},"end":{"line":53,"column":29}},"16":{"start":{"line":54,"column":8},"end":{"line":54,"column":15}},"17":{"start":{"line":57,"column":6},"end":{"line":60,"column":7}},"18":{"start":{"line":58,"column":8},"end":{"line":58,"column":74}},"19":{"start":{"line":59,"column":8},"end":{"line":59,"column":15}},"20":{"start":{"line":63,"column":6},"end":{"line":63,"column":35}},"21":{"start":{"line":64,"column":25},"end":{"line":64,"column":56}},"22":{"start":{"line":65,"column":6},"end":{"line":77,"column":7}},"23":{"start":{"line":70,"column":8},"end":{"line":76,"column":9}},"24":{"start":{"line":71,"column":22},"end":{"line":71,"column":50}},"25":{"start":{"line":72,"column":10},"end":{"line":72,"column":49}},"26":{"start":{"line":73,"column":10},"end":{"line":73,"column":17}},"27":{"start":{"line":79,"column":6},"end":{"line":79,"column":34}},"28":{"start":{"line":83,"column":2},"end":{"line":83,"column":38}},"29":{"start":{"line":87,"column":18},"end":{"line":87,"column":48}},"30":{"start":{"line":87,"column":38},"end":{"line":87,"column":47}},"31":{"start":{"line":89,"column":2},"end":{"line":104,"column":5}},"32":{"start":{"line":97,"column":18},"end":{"line":97,"column":40}},"33":{"start":{"line":98,"column":6},"end":{"line":98,"column":37}},"34":{"start":{"line":101,"column":6},"end":{"line":101,"column":72}},"35":{"start":{"line":101,"column":20},"end":{"line":101,"column":72}},"36":{"start":{"line":102,"column":6},"end":{"line":102,"column":45}}},"fnMap":{"0":{"name":"useLogin","decl":{"start":{"line":30,"column":16},"end":{"line":30,"column":24}},"loc":{"start":{"line":30,"column":27},"end":{"line":84,"column":1}},"line":30},"1":{"name":"(anonymous_1)","decl":{"start":{"line":31,"column":31},"end":{"line":31,"column":32}},"loc":{"start":{"line":31,"column":38},"end":{"line":31,"column":47}},"line":31},"2":{"name":"(anonymous_2)","decl":{"start":{"line":32,"column":35},"end":{"line":32,"column":36}},"loc":{"start":{"line":32,"column":42},"end":{"line":32,"column":55}},"line":32},"3":{"name":"(anonymous_3)","decl":{"start":{"line":39,"column":16},"end":{"line":39,"column":17}},"loc":{"start":{"line":39,"column":40},"end":{"line":39,"column":55}},"line":39},"4":{"name":"(anonymous_4)","decl":{"start":{"line":40,"column":14},"end":{"line":40,"column":15}},"loc":{"start":{"line":40,"column":20},"end":{"line":42,"column":5}},"line":40},"5":{"name":"(anonymous_5)","decl":{"start":{"line":43,"column":15},"end":{"line":43,"column":16}},"loc":{"start":{"line":43,"column":30},"end":{"line":80,"column":5}},"line":43},"6":{"name":"useSelectRole","decl":{"start":{"line":86,"column":16},"end":{"line":86,"column":29}},"loc":{"start":{"line":86,"column":32},"end":{"line":105,"column":1}},"line":86},"7":{"name":"(anonymous_7)","decl":{"start":{"line":87,"column":31},"end":{"line":87,"column":32}},"loc":{"start":{"line":87,"column":38},"end":{"line":87,"column":47}},"line":87},"8":{"name":"(anonymous_8)","decl":{"start":{"line":90,"column":16},"end":{"line":90,"column":17}},"loc":{"start":{"line":96,"column":10},"end":{"line":99,"column":5}},"line":96},"9":{"name":"(anonymous_9)","decl":{"start":{"line":100,"column":15},"end":{"line":100,"column":16}},"loc":{"start":{"line":100,"column":50},"end":{"line":103,"column":5}},"line":100}},"branchMap":{"0":{"loc":{"start":{"line":46,"column":6},"end":{"line":49,"column":7}},"type":"if","locations":[{"start":{"line":46,"column":6},"end":{"line":49,"column":7}},{"start":{},"end":{}}],"line":46},"1":{"loc":{"start":{"line":51,"column":6},"end":{"line":55,"column":7}},"type":"if","locations":[{"start":{"line":51,"column":6},"end":{"line":55,"column":7}},{"start":{},"end":{}}],"line":51},"2":{"loc":{"start":{"line":51,"column":10},"end":{"line":51,"column":41}},"type":"binary-expr","locations":[{"start":{"line":51,"column":10},"end":{"line":51,"column":32}},{"start":{"line":51,"column":36},"end":{"line":51,"column":41}}],"line":51},"3":{"loc":{"start":{"line":57,"column":6},"end":{"line":60,"column":7}},"type":"if","locations":[{"start":{"line":57,"column":6},"end":{"line":60,"column":7}},{"start":{},"end":{}}],"line":57},"4":{"loc":{"start":{"line":65,"column":6},"end":{"line":77,"column":7}},"type":"if","locations":[{"start":{"line":65,"column":6},"end":{"line":77,"column":7}},{"start":{},"end":{}}],"line":65},"5":{"loc":{"start":{"line":66,"column":8},"end":{"line":68,"column":39}},"type":"binary-expr","locations":[{"start":{"line":66,"column":8},"end":{"line":66,"column":18}},{"start":{"line":67,"column":8},"end":{"line":67,"column":37}},{"start":{"line":68,"column":8},"end":{"line":68,"column":39}}],"line":66},"6":{"loc":{"start":{"line":101,"column":6},"end":{"line":101,"column":72}},"type":"if","locations":[{"start":{"line":101,"column":6},"end":{"line":101,"column":72}},{"start":{},"end":{}}],"line":101}},"s":{"0":0,"1":0,"2":0,"3":0,"4":0,"5":0,"6":0,"7":0,"8":0,"9":0,"10":0,"11":0,"12":0,"13":0,"14":0,"15":0,"16":0,"17":0,"18":0,"19":0,"20":0,"21":0,"22":0,"23":0,"24":0,"25":0,"26":0,"27":0,"28":0,"29":0,"30":0,"31":0,"32":0,"33":0,"34":0,"35":0,"36":0},"f":{"0":0,"1":0,"2":0,"3":0,"4":0,"5":0,"6":0,"7":0,"8":0,"9":0},"b":{"0":[0,0],"1":[0,0],"2":[0,0],"3":[0,0],"4":[0,0],"5":[0,0,0],"6":[0,0]}}
,"/Users/avin/projects/clients/examtest/exam-duty/mobile/src/shared/hooks/useAuthSession.ts": {"path":"/Users/avin/projects/clients/examtest/exam-duty/mobile/src/shared/hooks/useAuthSession.ts","statementMap":{"0":{"start":{"line":27,"column":16},"end":{"line":27,"column":44}},"1":{"start":{"line":27,"column":36},"end":{"line":27,"column":43}},"2":{"start":{"line":28,"column":20},"end":{"line":28,"column":52}},"3":{"start":{"line":28,"column":40},"end":{"line":28,"column":51}},"4":{"start":{"line":29,"column":15},"end":{"line":29,"column":42}},"5":{"start":{"line":29,"column":35},"end":{"line":29,"column":41}},"6":{"start":{"line":30,"column":21},"end":{"line":30,"column":54}},"7":{"start":{"line":30,"column":41},"end":{"line":30,"column":53}},"8":{"start":{"line":31,"column":18},"end":{"line":31,"column":48}},"9":{"start":{"line":31,"column":38},"end":{"line":31,"column":47}},"10":{"start":{"line":32,"column":18},"end":{"line":32,"column":48}},"11":{"start":{"line":32,"column":38},"end":{"line":32,"column":47}},"12":{"start":{"line":34,"column":2},"end":{"line":36,"column":16}},"13":{"start":{"line":35,"column":4},"end":{"line":35,"column":19}},"14":{"start":{"line":38,"column":13},"end":{"line":43,"column":4}},"15":{"start":{"line":45,"column":2},"end":{"line":49,"column":31}},"16":{"start":{"line":46,"column":4},"end":{"line":48,"column":5}},"17":{"start":{"line":47,"column":6},"end":{"line":47,"column":23}},"18":{"start":{"line":51,"column":2},"end":{"line":57,"column":4}}},"fnMap":{"0":{"name":"useAuthSession","decl":{"start":{"line":26,"column":16},"end":{"line":26,"column":30}},"loc":{"start":{"line":26,"column":46},"end":{"line":58,"column":1}},"line":26},"1":{"name":"(anonymous_1)","decl":{"start":{"line":27,"column":29},"end":{"line":27,"column":30}},"loc":{"start":{"line":27,"column":36},"end":{"line":27,"column":43}},"line":27},"2":{"name":"(anonymous_2)","decl":{"start":{"line":28,"column":33},"end":{"line":28,"column":34}},"loc":{"start":{"line":28,"column":40},"end":{"line":28,"column":51}},"line":28},"3":{"name":"(anonymous_3)","decl":{"start":{"line":29,"column":28},"end":{"line":29,"column":29}},"loc":{"start":{"line":29,"column":35},"end":{"line":29,"column":41}},"line":29},"4":{"name":"(anonymous_4)","decl":{"start":{"line":30,"column":34},"end":{"line":30,"column":35}},"loc":{"start":{"line":30,"column":41},"end":{"line":30,"column":53}},"line":30},"5":{"name":"(anonymous_5)","decl":{"start":{"line":31,"column":31},"end":{"line":31,"column":32}},"loc":{"start":{"line":31,"column":38},"end":{"line":31,"column":47}},"line":31},"6":{"name":"(anonymous_6)","decl":{"start":{"line":32,"column":31},"end":{"line":32,"column":32}},"loc":{"start":{"line":32,"column":38},"end":{"line":32,"column":47}},"line":32},"7":{"name":"(anonymous_7)","decl":{"start":{"line":34,"column":12},"end":{"line":34,"column":13}},"loc":{"start":{"line":34,"column":18},"end":{"line":36,"column":3}},"line":34},"8":{"name":"(anonymous_8)","decl":{"start":{"line":45,"column":12},"end":{"line":45,"column":13}},"loc":{"start":{"line":45,"column":18},"end":{"line":49,"column":3}},"line":45}},"branchMap":{"0":{"loc":{"start":{"line":41,"column":13},"end":{"line":41,"column":43}},"type":"binary-expr","locations":[{"start":{"line":41,"column":13},"end":{"line":41,"column":23}},{"start":{"line":41,"column":27},"end":{"line":41,"column":34}},{"start":{"line":41,"column":38},"end":{"line":41,"column":43}}],"line":41},"1":{"loc":{"start":{"line":46,"column":4},"end":{"line":48,"column":5}},"type":"if","locations":[{"start":{"line":46,"column":4},"end":{"line":48,"column":5}},{"start":{},"end":{}}],"line":46},"2":{"loc":{"start":{"line":46,"column":8},"end":{"line":46,"column":24}},"type":"binary-expr","locations":[{"start":{"line":46,"column":8},"end":{"line":46,"column":15}},{"start":{"line":46,"column":19},"end":{"line":46,"column":24}}],"line":46},"3":{"loc":{"start":{"line":54,"column":15},"end":{"line":54,"column":42}},"type":"binary-expr","locations":[{"start":{"line":54,"column":15},"end":{"line":54,"column":26}},{"start":{"line":54,"column":30},"end":{"line":54,"column":42}}],"line":54},"4":{"loc":{"start":{"line":55,"column":21},"end":{"line":55,"column":76}},"type":"binary-expr","locations":[{"start":{"line":55,"column":21},"end":{"line":55,"column":28}},{"start":{"line":55,"column":32},"end":{"line":55,"column":38}},{"start":{"line":55,"column":42},"end":{"line":55,"column":76}}],"line":55},"5":{"loc":{"start":{"line":56,"column":24},"end":{"line":56,"column":45}},"type":"binary-expr","locations":[{"start":{"line":56,"column":24},"end":{"line":56,"column":35}},{"start":{"line":56,"column":39},"end":{"line":56,"column":45}}],"line":56}},"s":{"0":0,"1":0,"2":0,"3":0,"4":0,"5":0,"6":0,"7":0,"8":0,"9":0,"10":0,"11":0,"12":0,"13":0,"14":0,"15":0,"16":0,"17":0,"18":0},"f":{"0":0,"1":0,"2":0,"3":0,"4":0,"5":0,"6":0,"7":0,"8":0},"b":{"0":[0,0,0],"1":[0,0],"2":[0,0],"3":[0,0],"4":[0,0,0],"5":[0,0]}}
,"/Users/avin/projects/clients/examtest/exam-duty/mobile/src/shared/store/auth.store.ts": {"path":"/Users/avin/projects/clients/examtest/exam-duty/mobile/src/shared/store/auth.store.ts","statementMap":{"0":{"start":{"line":21,"column":18},"end":{"line":21,"column":25}},"1":{"start":{"line":22,"column":23},"end":{"line":22,"column":34}},"2":{"start":{"line":25,"column":27},"end":{"line":25,"column":72}},"3":{"start":{"line":25,"column":47},"end":{"line":25,"column":72}},"4":{"start":{"line":45,"column":16},"end":{"line":47,"column":1}},"5":{"start":{"line":46,"column":2},"end":{"line":46,"column":60}},"6":{"start":{"line":49,"column":15},"end":{"line":51,"column":1}},"7":{"start":{"line":50,"column":2},"end":{"line":50,"column":56}},"8":{"start":{"line":53,"column":28},"end":{"line":110,"column":3}},"9":{"start":{"line":53,"column":56},"end":{"line":110,"column":1}},"10":{"start":{"line":60,"column":4},"end":{"line":60,"column":30}},"11":{"start":{"line":61,"column":4},"end":{"line":61,"column":27}},"12":{"start":{"line":62,"column":4},"end":{"line":62,"column":42}},"13":{"start":{"line":66,"column":4},"end":{"line":66,"column":39}},"14":{"start":{"line":67,"column":4},"end":{"line":67,"column":22}},"15":{"start":{"line":68,"column":4},"end":{"line":68,"column":42}},"16":{"start":{"line":72,"column":4},"end":{"line":72,"column":18}},"17":{"start":{"line":76,"column":4},"end":{"line":76,"column":30}},"18":{"start":{"line":77,"column":4},"end":{"line":77,"column":27}},"19":{"start":{"line":78,"column":4},"end":{"line":82,"column":8}},"20":{"start":{"line":78,"column":20},"end":{"line":82,"column":5}},"21":{"start":{"line":86,"column":4},"end":{"line":86,"column":22}},"22":{"start":{"line":87,"column":4},"end":{"line":87,"column":27}},"23":{"start":{"line":88,"column":4},"end":{"line":88,"column":54}},"24":{"start":{"line":93,"column":4},"end":{"line":93,"column":24}},"25":{"start":{"line":97,"column":4},"end":{"line":108,"column":5}},"26":{"start":{"line":98,"column":33},"end":{"line":101,"column":8}},"27":{"start":{"line":102,"column":6},"end":{"line":102,"column":50}},"28":{"start":{"line":107,"column":6},"end":{"line":107,"column":62}},"29":{"start":{"line":117,"column":37},"end":{"line":126,"column":1}},"30":{"start":{"line":121,"column":2},"end":{"line":125,"column":3}},"31":{"start":{"line":122,"column":4},"end":{"line":122,"column":69}},"32":{"start":{"line":128,"column":32},"end":{"line":138,"column":1}},"33":{"start":{"line":131,"column":2},"end":{"line":137,"column":3}},"34":{"start":{"line":132,"column":14},"end":{"line":132,"column":72}},"35":{"start":{"line":133,"column":4},"end":{"line":133,"column":81}},"36":{"start":{"line":133,"column":72},"end":{"line":133,"column":81}},"37":{"start":{"line":134,"column":4},"end":{"line":134,"column":16}},"38":{"start":{"line":136,"column":4},"end":{"line":136,"column":16}},"39":{"start":{"line":140,"column":34},"end":{"line":146,"column":1}},"40":{"start":{"line":141,"column":2},"end":{"line":145,"column":3}},"41":{"start":{"line":142,"column":4},"end":{"line":142,"column":66}}},"fnMap":{"0":{"name":"(anonymous_0)","decl":{"start":{"line":25,"column":27},"end":{"line":25,"column":28}},"loc":{"start":{"line":25,"column":47},"end":{"line":25,"column":72}},"line":25},"1":{"name":"(anonymous_1)","decl":{"start":{"line":45,"column":16},"end":{"line":45,"column":17}},"loc":{"start":{"line":45,"column":48},"end":{"line":47,"column":1}},"line":45},"2":{"name":"(anonymous_2)","decl":{"start":{"line":46,"column":50},"end":{"line":46,"column":51}},"loc":{"start":{"line":46,"column":56},"end":{"line":46,"column":58}},"line":46},"3":{"name":"(anonymous_3)","decl":{"start":{"line":49,"column":15},"end":{"line":49,"column":16}},"loc":{"start":{"line":49,"column":32},"end":{"line":51,"column":1}},"line":49},"4":{"name":"(anonymous_4)","decl":{"start":{"line":50,"column":46},"end":{"line":50,"column":47}},"loc":{"start":{"line":50,"column":52},"end":{"line":50,"column":54}},"line":50},"5":{"name":"(anonymous_5)","decl":{"start":{"line":53,"column":46},"end":{"line":53,"column":47}},"loc":{"start":{"line":53,"column":56},"end":{"line":110,"column":1}},"line":53},"6":{"name":"(anonymous_6)","decl":{"start":{"line":59,"column":11},"end":{"line":59,"column":12}},"loc":{"start":{"line":59,"column":28},"end":{"line":63,"column":3}},"line":59},"7":{"name":"(anonymous_7)","decl":{"start":{"line":65,"column":15},"end":{"line":65,"column":16}},"loc":{"start":{"line":65,"column":36},"end":{"line":69,"column":3}},"line":65},"8":{"name":"(anonymous_8)","decl":{"start":{"line":71,"column":11},"end":{"line":71,"column":12}},"loc":{"start":{"line":71,"column":21},"end":{"line":73,"column":3}},"line":71},"9":{"name":"(anonymous_9)","decl":{"start":{"line":75,"column":17},"end":{"line":75,"column":18}},"loc":{"start":{"line":75,"column":34},"end":{"line":83,"column":3}},"line":75},"10":{"name":"(anonymous_10)","decl":{"start":{"line":78,"column":8},"end":{"line":78,"column":9}},"loc":{"start":{"line":78,"column":20},"end":{"line":82,"column":5}},"line":78},"11":{"name":"(anonymous_11)","decl":{"start":{"line":85,"column":10},"end":{"line":85,"column":11}},"loc":{"start":{"line":85,"column":16},"end":{"line":94,"column":3}},"line":85},"12":{"name":"(anonymous_12)","decl":{"start":{"line":96,"column":11},"end":{"line":96,"column":12}},"loc":{"start":{"line":96,"column":23},"end":{"line":109,"column":3}},"line":96},"13":{"name":"(anonymous_13)","decl":{"start":{"line":117,"column":37},"end":{"line":117,"column":38}},"loc":{"start":{"line":120,"column":20},"end":{"line":126,"column":1}},"line":120},"14":{"name":"(anonymous_14)","decl":{"start":{"line":128,"column":32},"end":{"line":128,"column":33}},"loc":{"start":{"line":130,"column":31},"end":{"line":138,"column":1}},"line":130},"15":{"name":"(anonymous_15)","decl":{"start":{"line":140,"column":34},"end":{"line":140,"column":35}},"loc":{"start":{"line":140,"column":75},"end":{"line":146,"column":1}},"line":140}},"branchMap":{"0":{"loc":{"start":{"line":81,"column":12},"end":{"line":81,"column":73}},"type":"cond-expr","locations":[{"start":{"line":81,"column":25},"end":{"line":81,"column":60}},{"start":{"line":81,"column":63},"end":{"line":81,"column":73}}],"line":81},"1":{"loc":{"start":{"line":133,"column":4},"end":{"line":133,"column":81}},"type":"if","locations":[{"start":{"line":133,"column":4},"end":{"line":133,"column":81}},{"start":{},"end":{}}],"line":133},"2":{"loc":{"start":{"line":133,"column":8},"end":{"line":133,"column":70}},"type":"binary-expr","locations":[{"start":{"line":133,"column":8},"end":{"line":133,"column":18}},{"start":{"line":133,"column":22},"end":{"line":133,"column":33}},{"start":{"line":133,"column":37},"end":{"line":133,"column":47}},{"start":{"line":133,"column":51},"end":{"line":133,"column":70}}],"line":133}},"s":{"0":6,"1":6,"2":6,"3":6,"4":6,"5":18,"6":6,"7":30,"8":6,"9":6,"10":8,"11":8,"12":8,"13":7,"14":7,"15":7,"16":0,"17":3,"18":3,"19":3,"20":3,"21":6,"22":6,"23":6,"24":6,"25":2,"26":2,"27":1,"28":1,"29":6,"30":2,"31":2,"32":6,"33":3,"34":3,"35":3,"36":1,"37":2,"38":0,"39":6,"40":1,"41":1},"f":{"0":6,"1":18,"2":0,"3":30,"4":0,"5":6,"6":8,"7":7,"8":0,"9":3,"10":3,"11":6,"12":2,"13":2,"14":3,"15":1},"b":{"0":[2,1],"1":[1,2],"2":[3,3,3,3]},"_coverageSchema":"1a1c01bbd47fc00a2c39e90264f33305004495a9","hash":"14d2c29676ea1e6562e904c31517071d814b935a"}
,"/Users/avin/projects/clients/examtest/exam-duty/mobile/src/shared/ui/SignOutButton.tsx": {"path":"/Users/avin/projects/clients/examtest/exam-duty/mobile/src/shared/ui/SignOutButton.tsx","statementMap":{"0":{"start":{"line":8,"column":17},"end":{"line":8,"column":46}},"1":{"start":{"line":8,"column":37},"end":{"line":8,"column":45}},"2":{"start":{"line":9,"column":38},"end":{"line":9,"column":53}},"3":{"start":{"line":16,"column":22},"end":{"line":20,"column":3}},"4":{"start":{"line":17,"column":4},"end":{"line":17,"column":24}},"5":{"start":{"line":18,"column":4},"end":{"line":18,"column":29}},"6":{"start":{"line":19,"column":4},"end":{"line":19,"column":13}},"7":{"start":{"line":22,"column":2},"end":{"line":36,"column":4}},"8":{"start":{"line":27,"column":8},"end":{"line":27,"column":27}},"9":{"start":{"line":39,"column":15},"end":{"line":50,"column":2}}},"fnMap":{"0":{"name":"SignOutButton","decl":{"start":{"line":7,"column":24},"end":{"line":7,"column":37}},"loc":{"start":{"line":7,"column":40},"end":{"line":37,"column":1}},"line":7},"1":{"name":"(anonymous_1)","decl":{"start":{"line":8,"column":30},"end":{"line":8,"column":31}},"loc":{"start":{"line":8,"column":37},"end":{"line":8,"column":45}},"line":8},"2":{"name":"(anonymous_2)","decl":{"start":{"line":16,"column":22},"end":{"line":16,"column":23}},"loc":{"start":{"line":16,"column":34},"end":{"line":20,"column":3}},"line":16},"3":{"name":"(anonymous_3)","decl":{"start":{"line":26,"column":15},"end":{"line":26,"column":16}},"loc":{"start":{"line":26,"column":21},"end":{"line":28,"column":7}},"line":26}},"branchMap":{"0":{"loc":{"start":{"line":30,"column":7},"end":{"line":34,"column":7}},"type":"cond-expr","locations":[{"start":{"line":31,"column":8},"end":{"line":31,"column":58}},{"start":{"line":33,"column":8},"end":{"line":33,"column":49}}],"line":30}},"s":{"0":0,"1":0,"2":0,"3":0,"4":0,"5":0,"6":0,"7":0,"8":0,"9":0},"f":{"0":0,"1":0,"2":0,"3":0},"b":{"0":[0,0]}}
}
