TN:
SF:src/api/auth.ts
FN:13,(anonymous_0)
FN:18,(anonymous_1)
FN:25,(anonymous_2)
FNF:3
FNH:0
FNDA:0,(anonymous_0)
FNDA:0,(anonymous_1)
FNDA:0,(anonymous_2)
DA:13,0
DA:14,0
DA:15,0
DA:18,0
DA:21,0
DA:22,0
DA:25,0
DA:26,0
DA:27,0
LF:9
LH:0
BRF:0
BRH:0
end_of_record
TN:
SF:src/api/client.ts
FN:24,(anonymous_0)
FN:58,(anonymous_1)
FN:68,(anonymous_2)
FN:73,(anonymous_3)
FN:74,(anonymous_4)
FNF:5
FNH:4
FNDA:13,(anonymous_0)
FNDA:13,(anonymous_1)
FNDA:0,(anonymous_2)
FNDA:5,(anonymous_3)
FNDA:8,(anonymous_4)
DA:22,3
DA:24,3
DA:25,13
DA:27,13
DA:33,13
DA:36,1
DA:44,12
DA:47,3
DA:57,3
DA:59,13
DA:61,12
DA:62,12
DA:63,12
DA:64,6
DA:66,12
DA:68,0
DA:72,3
DA:73,5
DA:75,8
DA:76,3
DA:80,8
DA:82,8
LF:22
LH:21
BRDA:27,0,0,12
BRDA:27,0,1,1
BRDA:27,1,0,13
BRDA:27,1,1,12
BRDA:29,2,0,0
BRDA:29,2,1,1
BRDA:29,3,0,1
BRDA:29,3,1,0
BRDA:33,4,0,1
BRDA:33,4,1,12
BRDA:62,5,0,12
BRDA:62,5,1,7
BRDA:63,6,0,6
BRDA:63,6,1,6
BRDA:75,7,0,3
BRDA:75,7,1,5
BRDA:80,8,0,8
BRDA:80,8,1,2
BRDA:80,8,2,0
BRF:19
BRH:16
end_of_record
TN:
SF:src/features/change-requests/api.ts
FN:20,(anonymous_0)
FN:30,(anonymous_1)
FN:38,(anonymous_2)
FN:53,(anonymous_3)
FN:61,(anonymous_4)
FNF:5
FNH:0
FNDA:0,(anonymous_0)
FNDA:0,(anonymous_1)
FNDA:0,(anonymous_2)
FNDA:0,(anonymous_3)
FNDA:0,(anonymous_4)
DA:20,0
DA:23,0
DA:27,0
DA:30,0
DA:31,0
DA:34,0
DA:38,0
DA:41,0
DA:44,0
DA:53,0
DA:54,0
DA:57,0
DA:61,0
DA:62,0
DA:65,0
LF:15
LH:0
BRF:0
BRH:0
end_of_record
TN:
SF:src/features/change-requests/hooks.ts
FN:21,(anonymous_0)
FN:27,useMyChangeRequests
FN:31,useReplacementSlots
FN:34,(anonymous_3)
FN:39,useSwapCandidates
FN:47,useOpenDcsGroups
FN:61,useCreateChangeRequest
FN:64,(anonymous_7)
FN:66,(anonymous_8)
FNF:9
FNH:0
FNDA:0,(anonymous_0)
FNDA:0,useMyChangeRequests
FNDA:0,useReplacementSlots
FNDA:0,(anonymous_3)
FNDA:0,useSwapCandidates
FNDA:0,useOpenDcsGroups
FNDA:0,useCreateChangeRequest
FNDA:0,(anonymous_7)
FNDA:0,(anonymous_8)
DA:19,0
DA:22,0
DA:28,0
DA:32,0
DA:34,0
DA:40,0
DA:48,0
DA:62,0
DA:63,0
DA:65,0
DA:67,0
DA:68,0
DA:69,0
DA:70,0
LF:14
LH:0
BRF:0
BRH:0
end_of_record
TN:
SF:src/features/change-requests/types.ts
FNF:0
FNH:0
LF:0
LH:0
BRF:0
BRH:0
end_of_record
TN:
SF:src/features/change-requests/utils.ts
FN:19,(anonymous_0)
FN:24,(anonymous_1)
FN:30,(anonymous_2)
FN:38,(anonymous_3)
FN:47,canRequestChange
FN:59,hasPendingRequestForDuty
FN:63,(anonymous_6)
FN:67,pendingRsSourceKeys
FN:80,pendingDcsSourceIds
FN:96,findConflictingDuty
FN:103,(anonymous_10)
FN:112,canSelectReplacement
FNF:12
FNH:0
FNDA:0,(anonymous_0)
FNDA:0,(anonymous_1)
FNDA:0,(anonymous_2)
FNDA:0,(anonymous_3)
FNDA:0,canRequestChange
FNDA:0,hasPendingRequestForDuty
FNDA:0,(anonymous_6)
FNDA:0,pendingRsSourceKeys
FNDA:0,pendingDcsSourceIds
FNDA:0,findConflictingDuty
FNDA:0,(anonymous_10)
FNDA:0,canSelectReplacement
DA:19,0
DA:20,0
DA:21,0
DA:24,0
DA:25,0
DA:26,0
DA:27,0
DA:30,0
DA:31,0
DA:32,0
DA:33,0
DA:34,0
DA:35,0
DA:38,0
DA:44,0
DA:48,0
DA:49,0
DA:51,0
DA:52,0
DA:53,0
DA:54,0
DA:56,0
DA:63,0
DA:70,0
DA:71,0
DA:72,0
DA:73,0
DA:76,0
DA:83,0
DA:84,0
DA:85,0
DA:86,0
DA:89,0
DA:101,0
DA:104,0
DA:117,0
DA:118,0
DA:119,0
DA:120,0
DA:122,0
DA:127,0
DA:128,0
DA:133,0
LF:43
LH:0
BRDA:44,0,0,0
BRDA:44,0,1,0
BRDA:48,1,0,0
BRDA:48,1,1,0
BRDA:53,2,0,0
BRDA:53,2,1,0
BRDA:63,3,0,0
BRDA:63,3,1,0
BRDA:72,4,0,0
BRDA:72,4,1,0
BRDA:72,5,0,0
BRDA:72,5,1,0
BRDA:72,5,2,0
BRDA:85,6,0,0
BRDA:85,6,1,0
BRDA:85,7,0,0
BRDA:85,7,1,0
BRDA:102,8,0,0
BRDA:102,8,1,0
BRDA:104,9,0,0
BRDA:104,9,1,0
BRDA:104,9,2,0
BRDA:104,9,3,0
BRDA:119,10,0,0
BRDA:119,10,1,0
BRDA:127,11,0,0
BRDA:127,11,1,0
BRF:27
BRH:0
end_of_record
TN:
SF:src/features/change-requests/components/DcsRequests.tsx
FN:30,(anonymous_0)
FN:38,roomNumbers
FN:40,(anonymous_2)
FN:44,groupTitle
FN:56,badgesFor
FN:67,DcsRequests
FN:78,(anonymous_6)
FN:82,(anonymous_7)
FN:87,(anonymous_8)
FN:91,(anonymous_9)
FN:93,(anonymous_10)
FN:98,(anonymous_11)
FN:104,(anonymous_12)
FN:109,(anonymous_13)
FN:110,(anonymous_14)
FN:115,(anonymous_15)
FN:128,(anonymous_16)
FN:135,(anonymous_17)
FN:147,(anonymous_18)
FN:159,(anonymous_19)
FN:168,(anonymous_20)
FN:188,(anonymous_21)
FN:232,(anonymous_22)
FN:240,(anonymous_23)
FNF:24
FNH:0
FNDA:0,(anonymous_0)
FNDA:0,roomNumbers
FNDA:0,(anonymous_2)
FNDA:0,groupTitle
FNDA:0,badgesFor
FNDA:0,DcsRequests
FNDA:0,(anonymous_6)
FNDA:0,(anonymous_7)
FNDA:0,(anonymous_8)
FNDA:0,(anonymous_9)
FNDA:0,(anonymous_10)
FNDA:0,(anonymous_11)
FNDA:0,(anonymous_12)
FNDA:0,(anonymous_13)
FNDA:0,(anonymous_14)
FNDA:0,(anonymous_15)
FNDA:0,(anonymous_16)
FNDA:0,(anonymous_17)
FNDA:0,(anonymous_18)
FNDA:0,(anonymous_19)
FNDA:0,(anonymous_20)
FNDA:0,(anonymous_21)
FNDA:0,(anonymous_22)
FNDA:0,(anonymous_23)
DA:30,0
DA:31,0
DA:32,0
DA:33,0
DA:34,0
DA:35,0
DA:39,0
DA:40,0
DA:45,0
DA:46,0
DA:48,0
DA:53,0
DA:57,0
DA:58,0
DA:59,0
DA:60,0
DA:61,0
DA:63,0
DA:64,0
DA:68,0
DA:69,0
DA:70,0
DA:72,0
DA:73,0
DA:74,0
DA:75,0
DA:77,0
DA:78,0
DA:81,0
DA:82,0
DA:86,0
DA:87,0
DA:90,0
DA:92,0
DA:93,0
DA:97,0
DA:98,0
DA:102,0
DA:104,0
DA:105,0
DA:109,0
DA:110,0
DA:111,0
DA:112,0
DA:113,0
DA:114,0
DA:116,0
DA:124,0
DA:128,0
DA:129,0
DA:130,0
DA:131,0
DA:132,0
DA:135,0
DA:136,0
DA:137,0
DA:138,0
DA:147,0
DA:152,0
DA:160,0
DA:169,0
DA:170,0
DA:171,0
DA:172,0
DA:189,0
DA:190,0
DA:233,0
DA:240,0
DA:249,0
LF:69
LH:0
BRDA:48,0,0,0
BRDA:48,0,1,0
BRDA:50,1,0,0
BRDA:50,1,1,0
BRDA:53,2,0,0
BRDA:53,2,1,0
BRDA:59,3,0,0
BRDA:59,3,1,0
BRDA:78,4,0,0
BRDA:78,4,1,0
BRDA:87,5,0,0
BRDA:87,5,1,0
BRDA:93,6,0,0
BRDA:93,6,1,0
BRDA:105,7,0,0
BRDA:105,7,1,0
BRDA:110,8,0,0
BRDA:110,8,1,0
BRDA:111,9,0,0
BRDA:111,9,1,0
BRDA:112,10,0,0
BRDA:112,10,1,0
BRDA:113,11,0,0
BRDA:113,11,1,0
BRDA:116,12,0,0
BRDA:116,12,1,0
BRDA:136,13,0,0
BRDA:136,13,1,0
BRDA:136,14,0,0
BRDA:136,14,1,0
BRDA:141,15,0,0
BRDA:141,15,1,0
BRDA:165,16,0,0
BRDA:165,16,1,0
BRDA:185,17,0,0
BRDA:185,17,1,0
BRDA:185,17,2,0
BRDA:187,18,0,0
BRDA:187,18,1,0
BRDA:197,19,0,0
BRDA:197,19,1,0
BRDA:209,20,0,0
BRDA:209,20,1,0
BRDA:215,21,0,0
BRDA:215,21,1,0
BRDA:222,22,0,0
BRDA:222,22,1,0
BRDA:224,23,0,0
BRDA:224,23,1,0
BRDA:226,24,0,0
BRDA:226,24,1,0
BRDA:237,25,0,0
BRDA:237,25,1,0
BRF:53
BRH:0
end_of_record
TN:
SF:src/features/change-requests/components/EmptyState.tsx
FN:3,EmptyState
FNF:1
FNH:0
FNDA:0,EmptyState
DA:10,0
DA:18,0
LF:2
LH:0
BRDA:13,0,0,0
BRDA:13,0,1,0
BRF:2
BRH:0
end_of_record
TN:
SF:src/features/change-requests/components/InvigilatorRequests.tsx
FN:44,dutyRoomLabel
FN:50,dutyBadges
FN:65,InvigilatorRequests
FN:66,(anonymous_3)
FN:80,(anonymous_4)
FN:83,(anonymous_5)
FN:88,(anonymous_6)
FN:88,(anonymous_7)
FN:96,(anonymous_8)
FN:100,(anonymous_9)
FN:107,(anonymous_10)
FN:117,(anonymous_11)
FN:120,(anonymous_12)
FN:121,(anonymous_13)
FN:130,(anonymous_14)
FN:140,(anonymous_15)
FN:158,(anonymous_16)
FN:185,(anonymous_17)
FN:196,(anonymous_18)
FN:208,(anonymous_19)
FN:224,(anonymous_20)
FN:251,(anonymous_21)
FN:256,(anonymous_22)
FN:272,(anonymous_23)
FN:290,(anonymous_24)
FN:306,(anonymous_25)
FN:335,(anonymous_26)
FN:344,(anonymous_27)
FNF:28
FNH:0
FNDA:0,dutyRoomLabel
FNDA:0,dutyBadges
FNDA:0,InvigilatorRequests
FNDA:0,(anonymous_3)
FNDA:0,(anonymous_4)
FNDA:0,(anonymous_5)
FNDA:0,(anonymous_6)
FNDA:0,(anonymous_7)
FNDA:0,(anonymous_8)
FNDA:0,(anonymous_9)
FNDA:0,(anonymous_10)
FNDA:0,(anonymous_11)
FNDA:0,(anonymous_12)
FNDA:0,(anonymous_13)
FNDA:0,(anonymous_14)
FNDA:0,(anonymous_15)
FNDA:0,(anonymous_16)
FNDA:0,(anonymous_17)
FNDA:0,(anonymous_18)
FNDA:0,(anonymous_19)
FNDA:0,(anonymous_20)
FNDA:0,(anonymous_21)
FNDA:0,(anonymous_22)
FNDA:0,(anonymous_23)
FNDA:0,(anonymous_24)
FNDA:0,(anonymous_25)
FNDA:0,(anonymous_26)
FNDA:0,(anonymous_27)
DA:38,0
DA:45,0
DA:46,0
DA:47,0
DA:51,0
DA:52,0
DA:53,0
DA:54,0
DA:55,0
DA:56,0
DA:58,0
DA:59,0
DA:60,0
DA:62,0
DA:66,0
DA:67,0
DA:68,0
DA:69,0
DA:71,0
DA:72,0
DA:73,0
DA:74,0
DA:75,0
DA:76,0
DA:77,0
DA:79,0
DA:80,0
DA:83,0
DA:87,0
DA:88,0
DA:96,0
DA:97,0
DA:98,0
DA:99,0
DA:101,0
DA:102,0
DA:103,0
DA:104,0
DA:105,0
DA:107,0
DA:110,0
DA:113,0
DA:117,0
DA:118,0
DA:119,0
DA:120,0
DA:122,0
DA:130,0
DA:131,0
DA:132,0
DA:133,0
DA:134,0
DA:135,0
DA:136,0
DA:137,0
DA:140,0
DA:141,0
DA:142,0
DA:143,0
DA:144,0
DA:145,0
DA:146,0
DA:147,0
DA:150,0
DA:152,0
DA:158,0
DA:159,0
DA:160,0
DA:163,0
DA:166,0
DA:183,0
DA:185,0
DA:189,0
DA:197,0
DA:198,0
DA:208,0
DA:225,0
DA:226,0
DA:252,0
DA:253,0
DA:257,0
DA:258,0
DA:272,0
DA:291,0
DA:294,0
DA:306,0
DA:336,0
DA:344,0
DA:362,0
LF:89
LH:0
BRDA:46,0,0,0
BRDA:46,0,1,0
BRDA:47,1,0,0
BRDA:47,1,1,0
BRDA:53,2,0,0
BRDA:53,2,1,0
BRDA:56,3,0,0
BRDA:56,3,1,0
BRDA:80,4,0,0
BRDA:80,4,1,0
BRDA:83,5,0,0
BRDA:83,5,1,0
BRDA:88,6,0,0
BRDA:88,6,1,0
BRDA:101,7,0,0
BRDA:101,7,1,0
BRDA:102,8,0,0
BRDA:102,8,1,0
BRDA:102,9,0,0
BRDA:102,9,1,0
BRDA:111,10,0,0
BRDA:111,10,1,0
BRDA:111,11,0,0
BRDA:111,11,1,0
BRDA:114,12,0,0
BRDA:114,12,1,0
BRDA:119,13,0,0
BRDA:119,13,1,0
BRDA:122,14,0,0
BRDA:122,14,1,0
BRDA:123,15,0,0
BRDA:123,15,1,0
BRDA:123,15,2,0
BRDA:125,16,0,0
BRDA:125,16,1,0
BRDA:152,17,0,0
BRDA:152,17,1,0
BRDA:154,18,0,0
BRDA:154,18,1,0
BRDA:155,19,0,0
BRDA:155,19,1,0
BRDA:159,20,0,0
BRDA:159,20,1,0
BRDA:159,21,0,0
BRDA:159,21,1,0
BRDA:163,22,0,0
BRDA:163,22,1,0
BRDA:166,23,0,0
BRDA:166,23,1,0
BRDA:174,24,0,0
BRDA:174,24,1,0
BRDA:207,25,0,0
BRDA:207,25,1,0
BRDA:221,26,0,0
BRDA:221,26,1,0
BRDA:221,26,2,0
BRDA:223,27,0,0
BRDA:223,27,1,0
BRDA:234,28,0,0
BRDA:234,28,1,0
BRDA:260,29,0,0
BRDA:260,29,1,0
BRDA:263,30,0,0
BRDA:263,30,1,0
BRDA:275,31,0,0
BRDA:275,31,1,0
BRDA:278,32,0,0
BRDA:278,32,1,0
BRDA:280,33,0,0
BRDA:280,33,1,0
BRDA:284,34,0,0
BRDA:284,34,1,0
BRDA:284,35,0,0
BRDA:284,35,1,0
BRDA:290,36,0,0
BRDA:290,36,1,0
BRDA:291,37,0,0
BRDA:291,37,1,0
BRDA:298,38,0,0
BRDA:298,38,1,0
BRDA:302,39,0,0
BRDA:302,39,1,0
BRDA:305,40,0,0
BRDA:305,40,1,0
BRDA:314,41,0,0
BRDA:314,41,1,0
BRDA:326,42,0,0
BRDA:326,42,1,0
BRDA:328,43,0,0
BRDA:328,43,1,0
BRDA:332,44,0,0
BRDA:332,44,1,0
BRDA:351,45,0,0
BRDA:351,45,1,0
BRF:94
BRH:0
end_of_record
TN:
SF:src/features/change-requests/components/OwnedItemCard.tsx
FN:17,OwnedItemCard
FN:41,(anonymous_1)
FN:62,(anonymous_2)
FNF:3
FNH:0
FNDA:0,OwnedItemCard
FNDA:0,(anonymous_1)
FNDA:0,(anonymous_2)
DA:36,0
DA:38,0
DA:42,0
DA:63,0
DA:90,0
LF:5
LH:0
BRDA:36,0,0,0
BRDA:36,0,1,0
BRDA:46,1,0,0
BRDA:46,1,1,0
BRDA:58,2,0,0
BRDA:58,2,1,0
BRDA:60,3,0,0
BRDA:60,3,1,0
BRDA:60,3,2,0
BRDA:71,4,0,0
BRDA:71,4,1,0
BRDA:76,5,0,0
BRDA:76,5,1,0
BRDA:80,6,0,0
BRDA:80,6,1,0
BRDA:83,7,0,0
BRDA:83,7,1,0
BRDA:83,7,2,0
BRF:18
BRH:0
end_of_record
TN:
SF:src/features/change-requests/components/RequestCard.tsx
FN:42,summariseRsSource
FN:47,(anonymous_1)
FN:65,summariseRsTarget
FN:70,(anonymous_3)
FN:88,summariseDcs
FN:90,(anonymous_5)
FN:100,(anonymous_6)
FN:104,rangeLabel
FN:110,GroupBlock
FN:130,(anonymous_9)
FN:138,(anonymous_10)
FN:149,DutyBlock
FN:176,RequestCard
FNF:13
FNH:0
FNDA:0,summariseRsSource
FNDA:0,(anonymous_1)
FNDA:0,summariseRsTarget
FNDA:0,(anonymous_3)
FNDA:0,summariseDcs
FNDA:0,(anonymous_5)
FNDA:0,(anonymous_6)
FNDA:0,rangeLabel
FNDA:0,GroupBlock
FNDA:0,(anonymous_9)
FNDA:0,(anonymous_10)
FNDA:0,DutyBlock
FNDA:0,RequestCard
DA:24,0
DA:45,0
DA:46,0
DA:47,0
DA:49,0
DA:50,0
DA:51,0
DA:52,0
DA:54,0
DA:68,0
DA:69,0
DA:70,0
DA:72,0
DA:73,0
DA:74,0
DA:75,0
DA:77,0
DA:89,0
DA:90,0
DA:92,0
DA:100,0
DA:105,0
DA:106,0
DA:107,0
DA:117,0
DA:131,0
DA:139,0
DA:164,0
DA:177,0
DA:178,0
DA:179,0
DA:181,0
DA:182,0
DA:185,0
DA:202,0
DA:296,0
LF:36
LH:0
BRDA:45,0,0,0
BRDA:45,0,1,0
BRDA:45,1,0,0
BRDA:45,1,1,0
BRDA:47,2,0,0
BRDA:47,2,1,0
BRDA:52,3,0,0
BRDA:52,3,1,0
BRDA:55,4,0,0
BRDA:55,4,1,0
BRDA:58,5,0,0
BRDA:58,5,1,0
BRDA:59,6,0,0
BRDA:59,6,1,0
BRDA:60,7,0,0
BRDA:60,7,1,0
BRDA:68,8,0,0
BRDA:68,8,1,0
BRDA:68,9,0,0
BRDA:68,9,1,0
BRDA:70,10,0,0
BRDA:70,10,1,0
BRDA:75,11,0,0
BRDA:75,11,1,0
BRDA:78,12,0,0
BRDA:78,12,1,0
BRDA:81,13,0,0
BRDA:81,13,1,0
BRDA:82,14,0,0
BRDA:82,14,1,0
BRDA:83,15,0,0
BRDA:83,15,1,0
BRDA:94,16,0,0
BRDA:94,16,1,0
BRDA:105,17,0,0
BRDA:105,17,1,0
BRDA:106,18,0,0
BRDA:106,18,1,0
BRDA:120,19,0,0
BRDA:120,19,1,0
BRDA:120,19,2,0
BRDA:120,19,3,0
BRDA:136,20,0,0
BRDA:136,20,1,0
BRDA:171,21,0,0
BRDA:171,21,1,0
BRDA:178,22,0,0
BRDA:178,22,1,0
BRDA:179,23,0,0
BRDA:179,23,1,0
BRDA:181,24,0,0
BRDA:181,24,1,0
BRDA:182,25,0,0
BRDA:182,25,1,0
BRDA:185,26,0,0
BRDA:185,26,1,0
BRDA:185,27,0,0
BRDA:185,27,1,0
BRDA:185,27,2,0
BRDA:185,27,3,0
BRDA:193,28,0,0
BRDA:193,28,1,0
BRDA:194,29,0,0
BRDA:194,29,1,0
BRDA:195,30,0,0
BRDA:195,30,1,0
BRDA:196,31,0,0
BRDA:196,31,1,0
BRDA:207,32,0,0
BRDA:207,32,1,0
BRDA:214,33,0,0
BRDA:214,33,1,0
BRDA:214,34,0,0
BRDA:214,34,1,0
BRDA:214,34,2,0
BRDA:220,35,0,0
BRDA:220,35,1,0
BRDA:220,36,0,0
BRDA:220,36,1,0
BRDA:220,36,2,0
BRDA:232,37,0,0
BRDA:232,37,1,0
BRDA:242,38,0,0
BRDA:242,38,1,0
BRDA:258,39,0,0
BRDA:258,39,1,0
BRDA:258,39,2,0
BRDA:261,40,0,0
BRDA:261,40,1,0
BRDA:265,41,0,0
BRDA:265,41,1,0
BRDA:272,42,0,0
BRDA:272,42,1,0
BRDA:276,43,0,0
BRDA:276,43,1,0
BRDA:282,44,0,0
BRDA:282,44,1,0
BRF:97
BRH:0
end_of_record
TN:
SF:src/features/change-requests/components/RequestSheet.tsx
FN:25,RequestSheet
FNF:1
FNH:0
FNDA:0,RequestSheet
DA:56,0
DA:135,0
LF:2
LH:0
BRDA:81,0,0,0
BRDA:81,0,1,0
BRDA:91,1,0,0
BRDA:91,1,1,0
BRDA:104,2,0,0
BRDA:104,2,1,0
BRDA:113,3,0,0
BRDA:113,3,1,0
BRDA:113,3,2,0
BRDA:115,4,0,0
BRDA:115,4,1,0
BRDA:118,5,0,0
BRDA:118,5,1,0
BRF:13
BRH:0
end_of_record
TN:
SF:src/features/change-requests/components/RequestsLayout.tsx
FN:19,RequestsLayout
FN:45,(anonymous_1)
FN:46,(anonymous_2)
FN:83,(anonymous_3)
FN:89,(anonymous_4)
FNF:5
FNH:0
FNDA:0,RequestsLayout
FNDA:0,(anonymous_1)
FNDA:0,(anonymous_2)
FNDA:0,(anonymous_3)
FNDA:0,(anonymous_4)
DA:45,0
DA:46,0
DA:48,0
DA:83,0
DA:90,0
DA:98,0
LF:6
LH:0
BRDA:58,0,0,0
BRDA:58,0,1,0
BRDA:65,1,0,0
BRDA:65,1,1,0
BRDA:69,2,0,0
BRDA:69,2,1,0
BRDA:76,3,0,0
BRDA:76,3,1,0
BRDA:80,4,0,0
BRDA:80,4,1,0
BRDA:86,5,0,0
BRDA:86,5,1,0
BRF:12
BRH:0
end_of_record
TN:
SF:src/features/change-requests/components/RsRequests.tsx
FN:40,badgesFor
FN:48,RsRequests
FN:49,(anonymous_2)
FN:59,(anonymous_3)
FN:62,(anonymous_4)
FN:70,(anonymous_5)
FN:74,(anonymous_6)
FN:76,(anonymous_7)
FN:81,(anonymous_8)
FN:88,(anonymous_9)
FN:90,(anonymous_10)
FN:92,(anonymous_11)
FN:95,(anonymous_12)
FN:99,(anonymous_13)
FN:101,(anonymous_14)
FN:109,(anonymous_15)
FN:116,(anonymous_16)
FN:123,(anonymous_17)
FN:124,(anonymous_18)
FN:130,(anonymous_19)
FN:142,(anonymous_20)
FN:149,(anonymous_21)
FN:156,(anonymous_22)
FN:176,(anonymous_23)
FN:206,(anonymous_24)
FN:226,(anonymous_25)
FN:232,(anonymous_26)
FN:234,(anonymous_27)
FNF:28
FNH:0
FNDA:0,badgesFor
FNDA:0,RsRequests
FNDA:0,(anonymous_2)
FNDA:0,(anonymous_3)
FNDA:0,(anonymous_4)
FNDA:0,(anonymous_5)
FNDA:0,(anonymous_6)
FNDA:0,(anonymous_7)
FNDA:0,(anonymous_8)
FNDA:0,(anonymous_9)
FNDA:0,(anonymous_10)
FNDA:0,(anonymous_11)
FNDA:0,(anonymous_12)
FNDA:0,(anonymous_13)
FNDA:0,(anonymous_14)
FNDA:0,(anonymous_15)
FNDA:0,(anonymous_16)
FNDA:0,(anonymous_17)
FNDA:0,(anonymous_18)
FNDA:0,(anonymous_19)
FNDA:0,(anonymous_20)
FNDA:0,(anonymous_21)
FNDA:0,(anonymous_22)
FNDA:0,(anonymous_23)
FNDA:0,(anonymous_24)
FNDA:0,(anonymous_25)
FNDA:0,(anonymous_26)
FNDA:0,(anonymous_27)
DA:41,0
DA:42,0
DA:43,0
DA:44,0
DA:45,0
DA:49,0
DA:50,0
DA:51,0
DA:52,0
DA:54,0
DA:55,0
DA:56,0
DA:57,0
DA:59,0
DA:61,0
DA:63,0
DA:69,0
DA:70,0
DA:73,0
DA:75,0
DA:76,0
DA:80,0
DA:81,0
DA:86,0
DA:88,0
DA:89,0
DA:90,0
DA:91,0
DA:92,0
DA:95,0
DA:96,0
DA:99,0
DA:100,0
DA:102,0
DA:105,0
DA:109,0
DA:110,0
DA:111,0
DA:112,0
DA:113,0
DA:116,0
DA:117,0
DA:118,0
DA:119,0
DA:123,0
DA:124,0
DA:130,0
DA:135,0
DA:143,0
DA:149,0
DA:157,0
DA:158,0
DA:159,0
DA:160,0
DA:177,0
DA:178,0
DA:206,0
DA:227,0
DA:232,0
DA:234,0
DA:243,0
LF:61
LH:0
BRDA:42,0,0,0
BRDA:42,0,1,0
BRDA:59,1,0,0
BRDA:59,1,1,0
BRDA:70,2,0,0
BRDA:70,2,1,0
BRDA:76,3,0,0
BRDA:76,3,1,0
BRDA:89,4,0,0
BRDA:89,4,1,0
BRDA:92,5,0,0
BRDA:92,5,1,0
BRDA:96,6,0,0
BRDA:96,6,1,0
BRDA:99,7,0,0
BRDA:99,7,1,0
BRDA:102,8,0,0
BRDA:102,8,1,0
BRDA:117,9,0,0
BRDA:117,9,1,0
BRDA:117,10,0,0
BRDA:117,10,1,0
BRDA:122,11,0,0
BRDA:122,11,1,0
BRDA:148,12,0,0
BRDA:148,12,1,0
BRDA:152,13,0,0
BRDA:152,13,1,0
BRDA:173,14,0,0
BRDA:173,14,1,0
BRDA:173,14,2,0
BRDA:175,15,0,0
BRDA:175,15,1,0
BRDA:186,16,0,0
BRDA:186,16,1,0
BRDA:199,17,0,0
BRDA:199,17,1,0
BRDA:205,18,0,0
BRDA:205,18,1,0
BRDA:212,19,0,0
BRDA:212,19,1,0
BRDA:214,20,0,0
BRDA:214,20,1,0
BRDA:216,21,0,0
BRDA:216,21,1,0
BRDA:220,22,0,0
BRDA:220,22,1,0
BRDA:231,23,0,0
BRDA:231,23,1,0
BRF:49
BRH:0
end_of_record
TN:
SF:src/features/change-requests/components/SelectableRow.tsx
FN:8,SelectableRow
FN:45,(anonymous_1)
FNF:2
FNH:0
FNDA:0,SelectableRow
FNDA:0,(anonymous_1)
DA:25,0
DA:27,0
DA:46,0
DA:61,0
LF:4
LH:0
BRDA:35,0,0,0
BRDA:35,0,1,0
BRDA:36,1,0,0
BRDA:36,1,1,0
BRDA:40,2,0,0
BRDA:40,2,1,0
BRDA:42,3,0,0
BRDA:42,3,1,0
BRDA:43,4,0,0
BRDA:43,4,1,0
BRDA:43,4,2,0
BRDA:52,5,0,0
BRDA:52,5,1,0
BRDA:56,6,0,0
BRDA:56,6,1,0
BRF:15
BRH:0
end_of_record
TN:
SF:src/features/change-requests/components/StatusBadge.tsx
FN:24,StatusBadge
FNF:1
FNH:0
FNDA:0,StatusBadge
DA:13,0
DA:25,0
DA:26,0
DA:33,0
LF:4
LH:0
BRF:0
BRH:0
end_of_record
TN:
SF:src/features/change-requests/components/SummaryBlock.tsx
FN:4,SummaryBlock
FN:22,(anonymous_1)
FNF:2
FNH:0
FNDA:0,SummaryBlock
FNDA:0,(anonymous_1)
DA:15,0
DA:23,0
DA:33,0
LF:3
LH:0
BRDA:19,0,0,0
BRDA:19,0,1,0
BRDA:20,1,0,0
BRDA:20,1,1,0
BRDA:20,1,2,0
BRF:5
BRH:0
end_of_record
TN:
SF:src/features/dashboard/hooks.ts
FN:42,useDashboardData
FN:43,(anonymous_1)
FN:50,(anonymous_2)
FN:61,(anonymous_3)
FN:62,(anonymous_4)
FN:64,(anonymous_5)
FN:71,(anonymous_6)
FN:80,(anonymous_7)
FN:82,(anonymous_8)
FN:85,(anonymous_9)
FN:95,(anonymous_10)
FN:96,(anonymous_11)
FN:96,(anonymous_12)
FN:107,(anonymous_13)
FN:121,(anonymous_14)
FN:123,(anonymous_15)
FNF:16
FNH:14
FNDA:19,useDashboardData
FNDA:57,(anonymous_1)
FNDA:7,(anonymous_2)
FNDA:17,(anonymous_3)
FNDA:12,(anonymous_4)
FNDA:19,(anonymous_5)
FNDA:19,(anonymous_6)
FNDA:19,(anonymous_7)
FNDA:23,(anonymous_8)
FNDA:2,(anonymous_9)
FNDA:4,(anonymous_10)
FNDA:16,(anonymous_11)
FNDA:16,(anonymous_12)
FNDA:17,(anonymous_13)
FNDA:0,(anonymous_14)
FNDA:0,(anonymous_15)
DA:43,57
DA:44,19
DA:45,19
DA:46,19
DA:48,19
DA:50,7
DA:54,19
DA:61,19
DA:62,19
DA:64,19
DA:65,19
DA:66,18
DA:67,14
DA:68,6
DA:71,19
DA:72,19
DA:73,18
DA:74,14
DA:75,6
DA:80,19
DA:81,19
DA:82,23
DA:84,18
DA:85,4
DA:86,4
DA:93,14
DA:94,8
DA:96,16
DA:99,8
DA:106,6
DA:107,17
DA:109,6
DA:116,19
DA:117,19
DA:121,19
DA:122,0
DA:123,0
DA:126,19
LF:38
LH:36
BRDA:51,0,0,19
BRDA:51,0,1,19
BRDA:51,0,2,18
BRDA:61,1,0,17
BRDA:61,1,1,10
BRDA:62,2,0,12
BRDA:62,2,1,10
BRDA:65,3,0,1
BRDA:65,3,1,18
BRDA:66,4,0,4
BRDA:66,4,1,14
BRDA:67,5,0,8
BRDA:67,5,1,6
BRDA:72,6,0,1
BRDA:72,6,1,18
BRDA:73,7,0,4
BRDA:73,7,1,14
BRDA:74,8,0,8
BRDA:74,8,1,6
BRDA:81,9,0,1
BRDA:81,9,1,18
BRDA:84,10,0,4
BRDA:84,10,1,14
BRDA:85,11,0,2
BRDA:85,11,1,0
BRDA:93,12,0,8
BRDA:93,12,1,6
BRDA:116,13,0,4
BRDA:116,13,1,15
BRDA:128,14,0,19
BRDA:128,14,1,0
BRF:31
BRH:29
end_of_record
TN:
SF:src/features/dashboard/normalizers.ts
FN:25,todayMidnight
FN:31,isUpcoming
FN:43,isCompleted
FN:60,dutyToItem
FN:92,byDateTime
FN:99,normalizeDutiesUpcoming
FN:103,(anonymous_6)
FN:105,(anonymous_7)
FN:108,normalizeDutiesCompleted
FN:112,(anonymous_9)
FN:113,(anonymous_10)
FN:114,(anonymous_11)
FN:119,rsGroupToItem
FN:120,(anonymous_13)
FN:139,byGroupAsc
FN:152,normalizeRsGroupsUpcoming
FN:156,(anonymous_16)
FN:158,(anonymous_17)
FN:163,normalizeRsGroupsCompleted
FN:167,(anonymous_19)
FN:169,(anonymous_20)
FN:170,(anonymous_21)
FN:176,dcsGroupToItem
FN:177,(anonymous_23)
FN:197,byScheduleAsc
FN:204,normalizeDcsUpcoming
FN:209,(anonymous_26)
FN:216,normalizeDcsCompleted
FN:221,(anonymous_28)
FN:225,(anonymous_29)
FNF:30
FNH:28
FNDA:80,todayMidnight
FNDA:80,isUpcoming
FNDA:22,isCompleted
FNDA:35,dutyToItem
FNDA:38,byDateTime
FNDA:11,normalizeDutiesUpcoming
FNDA:34,(anonymous_6)
FNDA:31,(anonymous_7)
FNDA:8,normalizeDutiesCompleted
FNDA:22,(anonymous_9)
FNDA:1,(anonymous_10)
FNDA:4,(anonymous_11)
FNDA:13,rsGroupToItem
FNDA:53,(anonymous_13)
FNDA:3,byGroupAsc
FNDA:15,normalizeRsGroupsUpcoming
FNDA:56,(anonymous_16)
FNDA:13,(anonymous_17)
FNDA:9,normalizeRsGroupsCompleted
FNDA:22,(anonymous_19)
FNDA:5,(anonymous_20)
FNDA:0,(anonymous_21)
FNDA:6,dcsGroupToItem
FNDA:38,(anonymous_23)
FNDA:1,byScheduleAsc
FNDA:8,normalizeDcsUpcoming
FNDA:8,(anonymous_26)
FNDA:6,normalizeDcsCompleted
FNDA:4,(anonymous_28)
FNDA:0,(anonymous_29)
DA:26,80
DA:27,80
DA:28,80
DA:32,80
DA:33,80
DA:34,80
DA:35,80
DA:36,77
DA:38,69
DA:39,69
DA:40,69
DA:48,22
DA:49,21
DA:50,20
DA:61,35
DA:62,35
DA:71,35
DA:72,35
DA:73,35
DA:79,35
DA:93,38
DA:94,38
DA:95,38
DA:96,33
DA:102,11
DA:103,34
DA:105,31
DA:111,8
DA:112,22
DA:113,1
DA:114,4
DA:120,53
DA:126,13
DA:140,3
DA:141,3
DA:142,3
DA:143,3
DA:155,15
DA:156,56
DA:158,13
DA:166,9
DA:167,22
DA:169,5
DA:170,0
DA:177,38
DA:183,6
DA:198,1
DA:199,1
DA:200,1
DA:201,1
DA:207,8
DA:210,8
DA:219,6
DA:222,4
DA:225,0
LF:55
LH:53
BRDA:35,0,0,3
BRDA:35,0,1,77
BRDA:36,1,0,8
BRDA:36,1,1,69
BRDA:48,2,0,1
BRDA:48,2,1,21
BRDA:49,3,0,1
BRDA:49,3,1,20
BRDA:65,4,0,35
BRDA:65,4,1,1
BRDA:65,4,2,0
BRDA:71,5,0,35
BRDA:71,5,1,1
BRDA:72,6,0,35
BRDA:72,6,1,1
BRDA:73,7,0,34
BRDA:73,7,1,1
BRDA:75,8,0,1
BRDA:75,8,1,0
BRDA:81,9,0,35
BRDA:81,9,1,0
BRDA:95,10,0,5
BRDA:95,10,1,33
BRDA:103,11,0,34
BRDA:103,11,1,33
BRDA:128,12,0,13
BRDA:128,12,1,0
BRDA:142,13,0,0
BRDA:142,13,1,3
BRDA:179,14,0,38
BRDA:179,14,1,0
BRDA:200,15,0,0
BRDA:200,15,1,1
BRDA:210,16,0,8
BRDA:210,16,1,6
BRDA:222,17,0,4
BRDA:222,17,1,3
BRF:37
BRH:30
end_of_record
TN:
SF:src/features/dashboard/theme.ts
FN:62,getDeptColor
FNF:1
FNH:0
FNDA:0,getDeptColor
DA:24,0
DA:49,0
DA:60,0
DA:63,0
LF:4
LH:0
BRDA:63,0,0,0
BRDA:63,0,1,0
BRF:2
BRH:0
end_of_record
TN:
SF:src/features/dashboard/types.ts
FNF:0
FNH:0
DA:46,0
LF:1
LH:0
BRF:0
BRH:0
end_of_record
TN:
SF:src/features/dashboard/components/DashboardHero.tsx
FN:21,DashboardHero
FN:38,(anonymous_1)
FNF:2
FNH:0
FNDA:0,DashboardHero
FNDA:0,(anonymous_1)
DA:28,0
DA:30,0
DA:39,0
DA:50,0
LF:4
LH:0
BRDA:36,0,0,0
BRDA:36,0,1,0
BRF:2
BRH:0
end_of_record
TN:
SF:src/features/dashboard/components/DutyCard.tsx
FN:23,DutyCard
FN:28,(anonymous_1)
FN:28,(anonymous_2)
FN:30,(anonymous_3)
FN:86,(anonymous_4)
FN:100,(anonymous_5)
FNF:6
FNH:0
FNDA:0,DutyCard
FNDA:0,(anonymous_1)
FNDA:0,(anonymous_2)
FNDA:0,(anonymous_3)
FNDA:0,(anonymous_4)
FNDA:0,(anonymous_5)
DA:7,0
DA:24,0
DA:25,0
DA:27,0
DA:28,0
DA:30,0
DA:31,0
DA:33,0
DA:87,0
DA:101,0
DA:102,0
DA:120,0
LF:12
LH:0
BRDA:38,0,0,0
BRDA:38,0,1,0
BRDA:42,1,0,0
BRDA:42,1,1,0
BRDA:45,2,0,0
BRDA:45,2,1,0
BRDA:45,2,2,0
BRDA:51,3,0,0
BRDA:51,3,1,0
BRDA:62,4,0,0
BRDA:62,4,1,0
BRDA:66,5,0,0
BRDA:66,5,1,0
BRDA:74,6,0,0
BRDA:74,6,1,0
BRDA:77,7,0,0
BRDA:77,7,1,0
BRDA:84,8,0,0
BRDA:84,8,1,0
BRDA:89,9,0,0
BRDA:89,9,1,0
BRDA:92,10,0,0
BRDA:92,10,1,0
BRDA:98,11,0,0
BRDA:98,11,1,0
BRF:25
BRH:0
end_of_record
TN:
SF:src/features/dashboard/components/DutySection.tsx
FN:19,DutySection
FN:47,(anonymous_1)
FNF:2
FNH:0
FNDA:0,DutySection
FNDA:0,(anonymous_1)
DA:27,0
DA:28,0
DA:30,0
DA:48,0
DA:56,0
LF:5
LH:0
BRDA:35,0,0,0
BRDA:35,0,1,0
BRDA:36,1,0,0
BRDA:36,1,1,0
BRDA:40,2,0,0
BRDA:40,2,1,0
BRF:6
BRH:0
end_of_record
TN:
SF:src/features/duties/api.ts
FN:23,(anonymous_0)
FN:28,(anonymous_1)
FN:37,(anonymous_2)
FN:46,(anonymous_3)
FN:59,(anonymous_4)
FN:75,(anonymous_5)
FN:88,(anonymous_6)
FN:93,(anonymous_7)
FN:98,(anonymous_8)
FNF:9
FNH:0
FNDA:0,(anonymous_0)
FNDA:0,(anonymous_1)
FNDA:0,(anonymous_2)
FNDA:0,(anonymous_3)
FNDA:0,(anonymous_4)
FNDA:0,(anonymous_5)
FNDA:0,(anonymous_6)
FNDA:0,(anonymous_7)
FNDA:0,(anonymous_8)
DA:23,2
DA:24,0
DA:25,0
DA:28,2
DA:31,0
DA:34,0
DA:37,2
DA:40,0
DA:43,0
DA:46,2
DA:49,0
DA:52,0
DA:59,2
DA:63,0
DA:67,0
DA:75,2
DA:79,0
DA:83,0
DA:88,2
DA:89,0
DA:90,0
DA:93,2
DA:94,0
DA:95,0
DA:98,2
DA:99,0
DA:102,0
LF:27
LH:9
BRF:0
BRH:0
end_of_record
TN:
SF:src/features/duties/types.ts
FNF:0
FNH:0
LF:0
LH:0
BRF:0
BRH:0
end_of_record
TN:
SF:src/features/duties/components/Badge.tsx
FN:5,Badge
FNF:1
FNH:0
FNDA:0,Badge
DA:14,0
DA:15,0
DA:29,0
LF:3
LH:0
BRDA:7,0,0,0
BRDA:8,1,0,0
BRDA:19,2,0,0
BRDA:19,2,1,0
BRDA:22,3,0,0
BRDA:22,3,1,0
BRF:6
BRH:0
end_of_record
TN:
SF:src/features/duties/components/DutyCard.tsx
FN:35,DutyCard
FN:53,(anonymous_1)
FN:74,(anonymous_2)
FN:87,(anonymous_3)
FNF:4
FNH:0
FNDA:0,DutyCard
FNDA:0,(anonymous_1)
FNDA:0,(anonymous_2)
FNDA:0,(anonymous_3)
DA:50,0
DA:54,0
DA:75,0
DA:88,0
DA:133,0
LF:5
LH:0
BRDA:48,0,0,0
BRDA:51,1,0,0
BRDA:51,1,1,0
BRDA:56,2,0,0
BRDA:56,2,1,0
BRDA:64,3,0,0
BRDA:64,3,1,0
BRDA:72,4,0,0
BRDA:72,4,1,0
BRDA:72,4,2,0
BRDA:83,5,0,0
BRDA:83,5,1,0
BRDA:85,6,0,0
BRDA:85,6,1,0
BRDA:85,6,2,0
BRDA:95,7,0,0
BRDA:95,7,1,0
BRDA:111,8,0,0
BRDA:111,8,1,0
BRDA:113,9,0,0
BRDA:113,9,1,0
BRDA:119,10,0,0
BRDA:119,10,1,0
BRF:23
BRH:0
end_of_record
TN:
SF:src/features/duties/components/DutyListScreen.tsx
FN:43,DutyListScreen
FN:63,(anonymous_1)
FN:98,(anonymous_2)
FN:112,(anonymous_3)
FN:118,Banner
FNF:5
FNH:0
FNDA:0,DutyListScreen
FNDA:0,(anonymous_1)
FNDA:0,(anonymous_2)
FNDA:0,(anonymous_3)
FNDA:0,Banner
DA:57,0
DA:59,0
DA:63,0
DA:99,0
DA:112,0
DA:119,0
DA:120,0
DA:129,0
LF:8
LH:0
BRDA:77,0,0,0
BRDA:77,0,1,0
BRDA:78,1,0,0
BRDA:78,1,1,0
BRDA:85,2,0,0
BRDA:85,2,1,0
BRDA:90,3,0,0
BRDA:90,3,1,0
BRDA:100,4,0,0
BRDA:100,4,1,0
BRF:10
BRH:0
end_of_record
TN:
SF:src/features/duties/components/RoomChips.tsx
FN:22,RoomChips
FN:40,(anonymous_1)
FN:57,(anonymous_2)
FN:68,(anonymous_3)
FNF:4
FNH:0
FNDA:0,RoomChips
FNDA:0,(anonymous_1)
FNDA:0,(anonymous_2)
FNDA:0,(anonymous_3)
DA:20,0
DA:29,0
DA:31,0
DA:32,0
DA:35,0
DA:36,0
DA:38,0
DA:41,0
DA:57,0
DA:68,0
DA:79,0
LF:11
LH:0
BRDA:24,0,0,0
BRDA:31,1,0,0
BRDA:31,1,1,0
BRDA:35,2,0,0
BRDA:35,2,1,0
BRDA:36,3,0,0
BRDA:36,3,1,0
BRDA:43,4,0,0
BRDA:43,4,1,0
BRDA:45,5,0,0
BRDA:45,5,1,0
BRDA:48,6,0,0
BRDA:48,6,1,0
BRDA:54,7,0,0
BRDA:54,7,1,0
BRDA:65,8,0,0
BRDA:65,8,1,0
BRDA:65,8,2,0
BRF:18
BRH:0
end_of_record
TN:
SF:src/features/duties/components/SelectDutyScreen.tsx
FN:45,SelectDutyScreen
FN:59,(anonymous_1)
FN:61,(anonymous_2)
FN:62,(anonymous_3)
FN:71,(anonymous_4)
FN:72,(anonymous_5)
FN:85,(anonymous_6)
FN:85,(anonymous_7)
FN:92,(anonymous_8)
FN:92,(anonymous_9)
FN:106,(anonymous_10)
FN:107,(anonymous_11)
FN:110,(anonymous_12)
FN:140,(anonymous_13)
FN:140,(anonymous_14)
FNF:15
FNH:0
FNDA:0,SelectDutyScreen
FNDA:0,(anonymous_1)
FNDA:0,(anonymous_2)
FNDA:0,(anonymous_3)
FNDA:0,(anonymous_4)
FNDA:0,(anonymous_5)
FNDA:0,(anonymous_6)
FNDA:0,(anonymous_7)
FNDA:0,(anonymous_8)
FNDA:0,(anonymous_9)
FNDA:0,(anonymous_10)
FNDA:0,(anonymous_11)
FNDA:0,(anonymous_12)
FNDA:0,(anonymous_13)
FNDA:0,(anonymous_14)
DA:22,0
DA:54,0
DA:55,0
DA:56,0
DA:59,0
DA:60,0
DA:61,0
DA:62,0
DA:63,0
DA:65,0
DA:70,0
DA:72,0
DA:73,0
DA:84,0
DA:85,0
DA:88,0
DA:89,0
DA:91,0
DA:92,0
DA:96,0
DA:106,0
DA:108,0
DA:110,0
DA:140,0
DA:158,0
LF:25
LH:0
BRDA:60,0,0,0
BRDA:60,0,1,0
BRDA:63,1,0,0
BRDA:63,1,1,0
BRDA:65,2,0,0
BRDA:65,2,1,0
BRDA:73,3,0,0
BRDA:73,3,1,0
BRDA:73,4,0,0
BRDA:73,4,1,0
BRDA:89,5,0,0
BRDA:89,5,1,0
BRDA:101,6,0,0
BRDA:101,6,1,0
BRDA:117,7,0,0
BRDA:117,7,1,0
BRDA:124,8,0,0
BRDA:124,8,1,0
BRDA:129,9,0,0
BRDA:129,9,1,0
BRDA:137,10,0,0
BRDA:137,10,1,0
BRDA:148,11,0,0
BRDA:148,11,1,0
BRF:24
BRH:0
end_of_record
TN:
SF:src/features/duties/components/theme.ts
FNF:0
FNH:0
DA:7,0
DA:35,0
LF:2
LH:0
BRF:0
BRH:0
end_of_record
TN:
SF:src/features/duties/hooks/useDcsGroups.ts
FN:11,useDcsGroups
FN:19,useMyDcsGroups
FNF:2
FNH:1
FNDA:6,useDcsGroups
FNDA:0,useMyDcsGroups
DA:12,6
DA:20,0
LF:2
LH:1
BRF:0
BRH:0
end_of_record
TN:
SF:src/features/duties/hooks/useDutyClaim.ts
FN:35,useDutyClaim
FN:42,(anonymous_1)
FN:47,(anonymous_2)
FN:50,(anonymous_3)
FN:52,(anonymous_4)
FN:54,(anonymous_5)
FN:62,(anonymous_6)
FN:71,(anonymous_7)
FN:78,(anonymous_8)
FN:79,(anonymous_9)
FN:82,(anonymous_10)
FN:89,(anonymous_11)
FNF:12
FNH:2
FNDA:42,useDutyClaim
FNDA:15,(anonymous_1)
FNDA:0,(anonymous_2)
FNDA:0,(anonymous_3)
FNDA:0,(anonymous_4)
FNDA:0,(anonymous_5)
FNDA:0,(anonymous_6)
FNDA:0,(anonymous_7)
FNDA:0,(anonymous_8)
FNDA:0,(anonymous_9)
FNDA:0,(anonymous_10)
FNDA:0,(anonymous_11)
DA:39,42
DA:40,42
DA:41,42
DA:42,15
DA:45,42
DA:48,0
DA:51,0
DA:52,0
DA:55,0
DA:59,42
DA:61,42
DA:63,0
DA:71,0
DA:78,42
DA:79,0
DA:82,0
DA:83,0
DA:84,0
DA:85,0
DA:89,42
DA:90,0
DA:91,0
DA:94,42
LF:23
LH:10
BRDA:82,0,0,0
BRDA:82,0,1,0
BRDA:96,1,0,0
BRDA:96,1,1,42
BRDA:96,2,0,0
BRDA:96,2,1,0
BRDA:99,3,0,42
BRDA:99,3,1,42
BRF:8
BRH:3
end_of_record
TN:
SF:src/features/duties/hooks/useExamData.ts
FN:26,(anonymous_0)
FN:27,(anonymous_1)
FN:28,(anonymous_2)
FN:32,useExamGroups
FN:40,useExamGroupDetails
FN:43,(anonymous_5)
FN:48,useExamDutyStatus
FN:51,(anonymous_7)
FN:56,useDutiesByTeacher
FN:59,(anonymous_9)
FN:81,useAvailableDutySlots
FN:88,(anonymous_11)
FN:90,(anonymous_12)
FN:95,(anonymous_13)
FN:97,(anonymous_14)
FN:103,(anonymous_15)
FN:104,(anonymous_16)
FN:108,(anonymous_17)
FN:109,(anonymous_18)
FN:132,useInvalidateDutyData
FN:134,(anonymous_20)
FN:150,useDutyRefresh
FN:154,(anonymous_22)
FN:159,(anonymous_23)
FNF:24
FNH:16
FNDA:24,(anonymous_0)
FNDA:24,(anonymous_1)
FNDA:61,(anonymous_2)
FNDA:36,useExamGroups
FNDA:0,useExamGroupDetails
FNDA:0,(anonymous_5)
FNDA:0,useExamDutyStatus
FNDA:0,(anonymous_7)
FNDA:42,useDutiesByTeacher
FNDA:15,(anonymous_9)
FNDA:36,useAvailableDutySlots
FNDA:24,(anonymous_11)
FNDA:12,(anonymous_12)
FNDA:24,(anonymous_13)
FNDA:12,(anonymous_14)
FNDA:24,(anonymous_15)
FNDA:12,(anonymous_16)
FNDA:24,(anonymous_17)
FNDA:24,(anonymous_18)
FNDA:42,useInvalidateDutyData
FNDA:0,(anonymous_20)
FNDA:0,useDutyRefresh
FNDA:0,(anonymous_22)
FNDA:0,(anonymous_23)
DA:24,2
DA:26,24
DA:27,24
DA:29,61
DA:33,36
DA:41,0
DA:43,0
DA:49,0
DA:51,0
DA:57,42
DA:59,15
DA:82,36
DA:85,36
DA:87,36
DA:88,24
DA:90,12
DA:94,36
DA:95,24
DA:97,12
DA:102,36
DA:103,24
DA:104,12
DA:107,36
DA:108,24
DA:109,24
DA:112,36
DA:113,36
DA:114,12
DA:115,12
DA:116,12
DA:117,12
DA:118,12
DA:124,36
DA:133,42
DA:134,42
DA:135,0
DA:136,0
DA:151,0
DA:152,0
DA:154,0
DA:155,0
DA:156,0
DA:159,0
DA:162,0
LF:44
LH:31
BRDA:32,0,0,0
BRDA:81,1,0,36
BRDA:85,2,0,24
BRDA:85,2,1,12
BRDA:85,3,0,36
BRDA:85,3,1,36
BRDA:102,4,0,36
BRDA:102,4,1,24
BRDA:102,4,2,12
BRDA:107,5,0,36
BRDA:107,5,1,36
BRDA:107,5,2,36
BRDA:107,5,3,36
BRDA:113,6,0,12
BRDA:113,6,1,24
BRDA:113,7,0,36
BRDA:113,7,1,12
BRDA:117,8,0,0
BRDA:117,8,1,12
BRDA:117,9,0,12
BRDA:117,9,1,12
BRF:21
BRH:19
end_of_record
TN:
SF:src/features/duties/hooks/useSelectDuty.ts
FN:33,compareEntries
FN:49,describeSlot
FN:53,useInvigilatorSelectDuty
FN:54,(anonymous_3)
FN:59,(anonymous_4)
FN:61,(anonymous_5)
FN:62,(anonymous_6)
FN:90,(anonymous_7)
FN:91,(anonymous_8)
FN:100,(anonymous_9)
FN:105,(anonymous_10)
FN:118,describeRsGroup
FN:122,useRsSelectDuty
FN:123,(anonymous_13)
FN:128,(anonymous_14)
FN:130,(anonymous_15)
FN:132,(anonymous_16)
FN:133,(anonymous_17)
FN:143,(anonymous_18)
FN:162,(anonymous_19)
FN:163,(anonymous_20)
FN:173,(anonymous_21)
FN:176,(anonymous_22)
FN:178,(anonymous_23)
FN:191,describeDcsGroup
FN:195,useDcsSelectDuty
FN:196,(anonymous_26)
FN:200,(anonymous_27)
FN:205,(anonymous_28)
FN:206,(anonymous_29)
FN:215,(anonymous_30)
FN:216,(anonymous_31)
FN:243,(anonymous_32)
FN:244,(anonymous_33)
FN:249,(anonymous_34)
FN:250,(anonymous_35)
FNF:36
FNH:26
FNDA:71,compareEntries
FNDA:0,describeSlot
FNDA:21,useInvigilatorSelectDuty
FNDA:63,(anonymous_3)
FNDA:14,(anonymous_4)
FNDA:21,(anonymous_5)
FNDA:42,(anonymous_6)
FNDA:60,(anonymous_7)
FNDA:60,(anonymous_8)
FNDA:0,(anonymous_9)
FNDA:0,(anonymous_10)
FNDA:0,describeRsGroup
FNDA:15,useRsSelectDuty
FNDA:45,(anonymous_13)
FNDA:10,(anonymous_14)
FNDA:15,(anonymous_15)
FNDA:15,(anonymous_16)
FNDA:15,(anonymous_17)
FNDA:9,(anonymous_18)
FNDA:10,(anonymous_19)
FNDA:10,(anonymous_20)
FNDA:0,(anonymous_21)
FNDA:0,(anonymous_22)
FNDA:0,(anonymous_23)
FNDA:0,describeDcsGroup
FNDA:6,useDcsSelectDuty
FNDA:18,(anonymous_26)
FNDA:6,(anonymous_27)
FNDA:6,(anonymous_28)
FNDA:6,(anonymous_29)
FNDA:6,(anonymous_30)
FNDA:4,(anonymous_31)
FNDA:1,(anonymous_32)
FNDA:1,(anonymous_33)
FNDA:0,(anonymous_34)
FNDA:0,(anonymous_35)
DA:38,71
DA:39,71
DA:40,71
DA:41,71
DA:42,0
DA:44,71
DA:50,0
DA:54,63
DA:55,21
DA:56,21
DA:58,21
DA:59,21
DA:61,21
DA:62,21
DA:63,42
DA:68,42
DA:70,42
DA:71,6
DA:72,6
DA:73,6
DA:82,36
DA:83,36
DA:84,6
DA:87,30
DA:90,21
DA:91,60
DA:92,60
DA:99,21
DA:101,0
DA:105,0
DA:108,21
DA:119,0
DA:123,45
DA:124,15
DA:125,15
DA:127,15
DA:128,15
DA:130,15
DA:132,15
DA:133,15
DA:134,15
DA:139,15
DA:141,15
DA:142,5
DA:143,9
DA:145,5
DA:154,10
DA:155,10
DA:156,2
DA:159,8
DA:162,15
DA:163,10
DA:164,10
DA:171,15
DA:174,0
DA:176,0
DA:178,0
DA:181,15
DA:192,0
DA:196,18
DA:197,6
DA:198,6
DA:200,6
DA:204,6
DA:206,6
DA:215,6
DA:216,6
DA:217,4
DA:222,4
DA:224,4
DA:225,2
DA:226,2
DA:235,2
DA:236,2
DA:237,1
DA:240,1
DA:243,6
DA:244,1
DA:248,6
DA:249,0
DA:250,0
DA:253,6
LF:82
LH:71
BRDA:40,0,0,0
BRDA:40,0,1,71
BRDA:41,1,0,0
BRDA:41,1,1,71
BRDA:59,2,0,14
BRDA:59,2,1,7
BRDA:70,3,0,6
BRDA:70,3,1,36
BRDA:72,4,0,6
BRDA:72,4,1,6
BRDA:75,5,0,5
BRDA:75,5,1,1
BRDA:76,6,0,5
BRDA:76,6,1,1
BRDA:78,7,0,1
BRDA:78,7,1,0
BRDA:83,8,0,6
BRDA:83,8,1,30
BRDA:92,9,0,12
BRDA:92,9,1,48
BRDA:110,10,0,21
BRDA:110,10,1,7
BRDA:111,11,0,21
BRDA:111,11,1,21
BRDA:128,12,0,10
BRDA:128,12,1,5
BRDA:141,13,0,5
BRDA:141,13,1,10
BRDA:143,14,0,9
BRDA:143,14,1,9
BRDA:147,15,0,1
BRDA:147,15,1,4
BRDA:148,16,0,1
BRDA:148,16,1,4
BRDA:155,17,0,2
BRDA:155,17,1,8
BRDA:164,18,0,5
BRDA:164,18,1,5
BRDA:183,19,0,15
BRDA:183,19,1,5
BRDA:184,20,0,15
BRDA:184,20,1,15
BRDA:200,21,0,6
BRDA:200,21,1,3
BRDA:206,22,0,6
BRDA:206,22,1,3
BRDA:224,23,0,2
BRDA:224,23,1,2
BRDA:228,24,0,1
BRDA:228,24,1,1
BRDA:229,25,0,1
BRDA:229,25,1,1
BRDA:231,26,0,1
BRDA:231,26,1,0
BRDA:236,27,0,1
BRDA:236,27,1,1
BRDA:255,28,0,6
BRDA:255,28,1,3
BRDA:256,29,0,6
BRDA:256,29,1,6
BRF:60
BRH:56
end_of_record
TN:
SF:src/features/duties/hooks/useUpcomingDuties.ts
FN:38,useInvigilatorUpcomingDuties
FN:39,(anonymous_1)
FN:43,(anonymous_2)
FN:48,(anonymous_3)
FN:49,(anonymous_4)
FN:71,useRsUpcomingGroups
FN:72,(anonymous_6)
FN:76,(anonymous_7)
FN:82,(anonymous_8)
FN:83,(anonymous_9)
FN:94,(anonymous_10)
FN:101,useDcsUpcomingGroups
FN:104,(anonymous_12)
FN:108,(anonymous_13)
FN:109,(anonymous_14)
FN:117,(anonymous_15)
FN:118,(anonymous_16)
FNF:17
FNH:0
FNDA:0,useInvigilatorUpcomingDuties
FNDA:0,(anonymous_1)
FNDA:0,(anonymous_2)
FNDA:0,(anonymous_3)
FNDA:0,(anonymous_4)
FNDA:0,useRsUpcomingGroups
FNDA:0,(anonymous_6)
FNDA:0,(anonymous_7)
FNDA:0,(anonymous_8)
FNDA:0,(anonymous_9)
FNDA:0,(anonymous_10)
FNDA:0,useDcsUpcomingGroups
FNDA:0,(anonymous_12)
FNDA:0,(anonymous_13)
FNDA:0,(anonymous_14)
FNDA:0,(anonymous_15)
FNDA:0,(anonymous_16)
DA:39,0
DA:40,0
DA:42,0
DA:43,0
DA:47,0
DA:49,0
DA:57,0
DA:72,0
DA:73,0
DA:75,0
DA:77,0
DA:81,0
DA:83,0
DA:91,0
DA:94,0
DA:102,0
DA:104,0
DA:105,0
DA:106,0
DA:107,0
DA:108,0
DA:110,0
DA:111,0
DA:112,0
DA:116,0
DA:118,0
DA:126,0
LF:27
LH:0
BRDA:43,0,0,0
BRDA:43,0,1,0
BRDA:77,1,0,0
BRDA:77,1,1,0
BRDA:107,2,0,0
BRDA:107,2,1,0
BRF:6
BRH:0
end_of_record
TN:
SF:src/features/duties/screens/DcsSelectDuty.tsx
FN:18,DcsSelectDuty
FN:29,(anonymous_1)
FNF:2
FNH:0
FNDA:0,DcsSelectDuty
FNDA:0,(anonymous_1)
DA:19,0
DA:21,0
DA:30,0
DA:31,0
DA:32,0
LF:5
LH:0
BRDA:53,0,0,0
BRDA:53,0,1,0
BRDA:58,1,0,0
BRDA:58,1,1,0
BRF:4
BRH:0
end_of_record
TN:
SF:src/features/duties/screens/DcsUpcomingDuties.tsx
FN:14,DcsUpcomingDuties
FN:28,(anonymous_1)
FN:29,(anonymous_2)
FNF:3
FNH:0
FNDA:0,DcsUpcomingDuties
FNDA:0,(anonymous_1)
FNDA:0,(anonymous_2)
DA:16,0
DA:18,0
DA:28,0
DA:30,0
LF:4
LH:0
BRDA:23,0,0,0
BRDA:23,0,1,0
BRF:2
BRH:0
end_of_record
TN:
SF:src/features/duties/screens/InvigilatorSelectDuty.tsx
FN:18,InvigilatorSelectDuty
FN:29,(anonymous_1)
FNF:2
FNH:0
FNDA:0,InvigilatorSelectDuty
FNDA:0,(anonymous_1)
DA:19,0
DA:21,0
DA:30,0
DA:31,0
DA:32,0
LF:5
LH:0
BRDA:46,0,0,0
BRDA:46,0,1,0
BRDA:51,1,0,0
BRDA:51,1,1,0
BRF:4
BRH:0
end_of_record
TN:
SF:src/features/duties/screens/InvigilatorUpcomingDuties.tsx
FN:19,InvigilatorUpcomingDuties
FN:33,(anonymous_1)
FN:34,(anonymous_2)
FN:43,(anonymous_3)
FNF:4
FNH:0
FNDA:0,InvigilatorUpcomingDuties
FNDA:0,(anonymous_1)
FNDA:0,(anonymous_2)
FNDA:0,(anonymous_3)
DA:21,0
DA:23,0
DA:33,0
DA:35,0
DA:36,0
DA:43,0
DA:45,0
LF:7
LH:0
BRDA:28,0,0,0
BRDA:28,0,1,0
BRDA:37,1,0,0
BRDA:37,1,1,0
BRDA:40,2,0,0
BRDA:40,2,1,0
BRF:6
BRH:0
end_of_record
TN:
SF:src/features/duties/screens/RoleUnavailable.tsx
FN:11,RoleUnavailable
FNF:1
FNH:0
FNDA:0,RoleUnavailable
DA:12,0
DA:25,0
LF:2
LH:0
BRF:0
BRH:0
end_of_record
TN:
SF:src/features/duties/screens/RsSelectDuty.tsx
FN:18,RsSelectDuty
FN:29,(anonymous_1)
FN:32,(anonymous_2)
FN:49,(anonymous_3)
FN:53,(anonymous_4)
FNF:5
FNH:0
FNDA:0,RsSelectDuty
FNDA:0,(anonymous_1)
FNDA:0,(anonymous_2)
FNDA:0,(anonymous_3)
FNDA:0,(anonymous_4)
DA:19,0
DA:21,0
DA:30,0
DA:31,0
DA:32,0
DA:33,0
DA:49,0
DA:53,0
LF:8
LH:0
BRDA:60,0,0,0
BRDA:60,0,1,0
BRDA:64,1,0,0
BRDA:64,1,1,0
BRDA:72,2,0,0
BRDA:72,2,1,0
BRF:6
BRH:0
end_of_record
TN:
SF:src/features/duties/screens/RsUpcomingDuties.tsx
FN:14,RsUpcomingDuties
FN:28,(anonymous_1)
FN:29,(anonymous_2)
FN:45,(anonymous_3)
FNF:4
FNH:0
FNDA:0,RsUpcomingDuties
FNDA:0,(anonymous_1)
FNDA:0,(anonymous_2)
FNDA:0,(anonymous_3)
DA:16,0
DA:18,0
DA:28,0
DA:30,0
DA:45,0
LF:5
LH:0
BRDA:23,0,0,0
BRDA:23,0,1,0
BRDA:48,1,0,0
BRDA:48,1,1,0
BRF:4
BRH:0
end_of_record
TN:
SF:src/features/duties/screens/dcsGroupDisplay.ts
FN:12,describeBuildings
FN:22,toDcsRoomChips
FN:24,(anonymous_2)
FN:27,(anonymous_3)
FNF:4
FNH:0
FNDA:0,describeBuildings
FNDA:0,toDcsRoomChips
FNDA:0,(anonymous_2)
FNDA:0,(anonymous_3)
DA:13,0
DA:14,0
DA:15,0
DA:17,0
DA:18,0
DA:19,0
DA:23,0
DA:25,0
DA:27,0
LF:9
LH:0
BRDA:15,0,0,0
BRDA:15,0,1,0
BRDA:18,1,0,0
BRDA:18,1,1,0
BRDA:25,2,0,0
BRDA:25,2,1,0
BRDA:25,3,0,0
BRDA:25,3,1,0
BRDA:29,4,0,0
BRDA:29,4,1,0
BRDA:30,5,0,0
BRDA:30,5,1,0
BRF:12
BRH:0
end_of_record
TN:
SF:src/features/duties/utils/conflicts.ts
FN:13,toMinutes
FN:18,sameDay
FN:26,overlaps
FN:44,findConflict
FN:59,describeConflict
FNF:5
FNH:5
FNDA:36,toMinutes
FNDA:15,sameDay
FNDA:9,overlaps
FNDA:48,findConflict
FNDA:9,describeConflict
DA:14,36
DA:15,36
DA:19,15
DA:20,15
DA:21,15
DA:22,15
DA:23,15
DA:32,9
DA:48,48
DA:49,21
DA:50,15
DA:51,9
DA:52,9
DA:55,39
DA:60,9
DA:61,9
DA:62,9
LF:17
LH:17
BRDA:33,0,0,9
BRDA:33,0,1,9
BRDA:49,1,0,6
BRDA:49,1,1,15
BRDA:50,2,0,6
BRDA:50,2,1,9
BRDA:51,3,0,9
BRDA:51,3,1,0
BRDA:60,4,0,9
BRDA:60,4,1,0
BRDA:60,4,2,0
BRDA:61,5,0,9
BRDA:61,5,1,0
BRF:13
BRH:9
end_of_record
TN:
SF:src/features/duties/utils/format.ts
FN:11,formatTime
FN:17,formatTimeRange
FN:21,formatLongDate
FN:30,formatShortDate
FN:39,describeExam
FN:53,describeRoom
FN:63,getDepartments
FN:69,getSemester
FN:73,getExamType
FN:79,pluralize
FNF:10
FNH:0
FNDA:0,formatTime
FNDA:0,formatTimeRange
FNDA:0,formatLongDate
FNDA:0,formatShortDate
FNDA:0,describeExam
FNDA:0,describeRoom
FNDA:0,getDepartments
FNDA:0,getSemester
FNDA:0,getExamType
FNDA:0,pluralize
DA:12,0
DA:13,0
DA:14,0
DA:18,0
DA:22,0
DA:31,0
DA:40,0
DA:41,0
DA:42,0
DA:43,0
DA:54,0
DA:55,0
DA:64,0
DA:65,0
DA:66,0
DA:70,0
DA:74,0
DA:80,0
LF:18
LH:0
BRDA:13,0,0,0
BRDA:13,0,1,0
BRDA:14,1,0,0
BRDA:14,1,1,0
BRDA:40,2,0,0
BRDA:40,2,1,0
BRDA:42,3,0,0
BRDA:42,3,1,0
BRDA:56,4,0,0
BRDA:56,4,1,0
BRDA:56,4,2,0
BRDA:57,5,0,0
BRDA:57,5,1,0
BRDA:64,6,0,0
BRDA:64,6,1,0
BRDA:65,7,0,0
BRDA:65,7,1,0
BRDA:70,8,0,0
BRDA:70,8,1,0
BRDA:70,8,2,0
BRDA:75,9,0,0
BRDA:75,9,1,0
BRDA:75,9,2,0
BRDA:80,10,0,0
BRDA:80,10,1,0
BRF:25
BRH:0
end_of_record
TN:
SF:src/features/duties/utils/lifecycle.ts
FN:27,(anonymous_0)
FN:32,(anonymous_1)
FN:38,getDutyLifecycleStatus
FN:56,isDutySelectable
FN:63,selectableFilter
FN:68,(anonymous_5)
FNF:6
FNH:6
FNDA:66,(anonymous_0)
FNDA:76,(anonymous_1)
FNDA:42,getDutyLifecycleStatus
FNDA:37,isDutySelectable
FNDA:7,selectableFilter
FNDA:10,(anonymous_5)
DA:27,3
DA:28,66
DA:29,66
DA:32,3
DA:33,76
DA:34,76
DA:35,76
DA:42,42
DA:44,38
DA:45,38
DA:47,38
DA:48,35
DA:50,34
DA:51,34
DA:52,32
DA:53,27
DA:57,37
DA:58,37
DA:68,10
LF:19
LH:19
BRDA:29,0,0,66
BRDA:29,0,1,0
BRDA:29,1,0,66
BRDA:29,1,1,35
BRDA:40,2,0,35
BRDA:42,3,0,4
BRDA:42,3,1,38
BRDA:47,4,0,3
BRDA:47,4,1,35
BRDA:48,5,0,1
BRDA:48,5,1,34
BRDA:51,6,0,2
BRDA:51,6,1,32
BRDA:52,7,0,5
BRDA:52,7,1,27
BRDA:58,8,0,37
BRDA:58,8,1,35
BRF:17
BRH:16
end_of_record
TN:
SF:src/features/duties/utils/rsGrouping.ts
FN:31,compareRoomNumbers
FN:46,buildRangeLabel
FN:52,unionDepartments
FN:65,compareRsGroups
FN:79,slotPartitionKey
FN:97,groupRoomsIntoRSGroups
FN:113,(anonymous_6)
FN:132,(anonymous_7)
FN:133,(anonymous_8)
FN:185,isRsDuty
FN:194,filterUpcomingRsDuties
FN:197,(anonymous_11)
FN:206,dutyPartitionKey
FN:217,toRoom
FN:246,groupRSDutiesIntoUpcomingGroups
FN:269,(anonymous_15)
FN:295,(anonymous_16)
FN:324,isSwappableRsGroup
FNF:18
FNH:18
FNDA:523,compareRoomNumbers
FNDA:102,buildRangeLabel
FNDA:102,unionDepartments
FNDA:51,compareRsGroups
FNDA:205,slotPartitionKey
FNDA:37,groupRoomsIntoRSGroups
FNDA:340,(anonymous_6)
FNDA:205,(anonymous_7)
FNDA:147,(anonymous_8)
FNDA:122,isRsDuty
FNDA:3,filterUpcomingRsDuties
FNDA:9,(anonymous_11)
FNDA:107,dutyPartitionKey
FNDA:107,toRoom
FNDA:31,groupRSDutiesIntoUpcomingGroups
FNDA:122,(anonymous_15)
FNDA:106,(anonymous_16)
FNDA:2,isSwappableRsGroup
DA:24,4
DA:26,4
DA:32,523
DA:33,523
DA:34,523
DA:35,517
DA:36,517
DA:37,517
DA:38,6
DA:39,3
DA:40,3
DA:41,2
DA:43,3
DA:47,102
DA:48,102
DA:49,55
DA:55,102
DA:56,102
DA:57,599
DA:59,102
DA:69,51
DA:70,50
DA:71,50
DA:72,19
DA:74,31
DA:80,205
DA:101,37
DA:103,36
DA:104,36
DA:105,205
DA:106,205
DA:107,205
DA:108,46
DA:111,36
DA:112,36
DA:113,340
DA:114,46
DA:115,75
DA:116,75
DA:117,75
DA:118,75
DA:132,205
DA:133,147
DA:138,36
DA:140,36
DA:186,122
DA:195,3
DA:196,3
DA:197,3
DA:198,9
DA:199,8
DA:200,7
DA:201,7
DA:202,7
DA:207,107
DA:208,107
DA:209,107
DA:210,107
DA:211,106
DA:212,106
DA:218,107
DA:219,107
DA:249,31
DA:250,31
DA:252,31
DA:253,111
DA:254,107
DA:255,107
DA:256,1
DA:257,1
DA:259,106
DA:260,106
DA:261,25
DA:264,31
DA:266,31
DA:267,25
DA:269,122
DA:271,25
DA:272,25
DA:273,25
DA:276,25
DA:278,25
DA:279,26
DA:280,26
DA:281,26
DA:295,106
DA:300,31
DA:301,1
DA:302,1
DA:320,31
DA:325,2
LF:91
LH:91
BRDA:34,0,0,517
BRDA:34,0,1,6
BRDA:34,1,0,523
BRDA:34,1,1,520
BRDA:37,2,0,515
BRDA:37,2,1,2
BRDA:38,3,0,3
BRDA:38,3,1,3
BRDA:40,4,0,2
BRDA:40,4,1,1
BRDA:47,5,0,0
BRDA:47,5,1,102
BRDA:48,6,0,47
BRDA:48,6,1,55
BRDA:69,7,0,1
BRDA:69,7,1,50
BRDA:69,8,0,1
BRDA:69,8,1,0
BRDA:70,9,0,0
BRDA:70,9,1,50
BRDA:70,10,0,0
BRDA:70,10,1,0
BRDA:71,11,0,19
BRDA:71,11,1,31
BRDA:99,12,0,35
BRDA:101,13,0,1
BRDA:101,13,1,36
BRDA:107,14,0,159
BRDA:107,14,1,46
BRDA:186,15,0,122
BRDA:186,15,1,120
BRDA:198,16,0,1
BRDA:198,16,1,8
BRDA:199,17,0,1
BRDA:199,17,1,7
BRDA:210,18,0,1
BRDA:210,18,1,106
BRDA:210,19,0,107
BRDA:210,19,1,106
BRDA:210,19,2,106
BRDA:221,20,0,107
BRDA:221,20,1,1
BRDA:221,20,2,0
BRDA:222,21,0,107
BRDA:222,21,1,1
BRDA:225,22,0,107
BRDA:225,22,1,1
BRDA:253,23,0,4
BRDA:253,23,1,107
BRDA:255,24,0,1
BRDA:255,24,1,106
BRDA:260,25,0,81
BRDA:260,25,1,25
BRDA:276,26,0,0
BRDA:276,26,1,25
BRDA:276,27,0,25
BRDA:276,27,1,25
BRDA:291,28,0,26
BRDA:291,28,1,0
BRDA:304,29,0,1
BRDA:304,29,1,1
BRDA:304,29,2,0
BRDA:305,30,0,1
BRDA:305,30,1,1
BRDA:305,30,2,0
BRDA:306,31,0,1
BRDA:306,31,1,1
BRDA:306,31,2,0
BRDA:307,32,0,1
BRDA:307,32,1,1
BRDA:307,32,2,0
BRDA:312,33,0,1
BRDA:312,33,1,1
BRF:73
BRH:61
end_of_record
TN:
SF:src/features/duties/utils/sections.ts
FN:28,buildDutySections
FN:32,(anonymous_1)
FN:73,countDates
FN:74,(anonymous_3)
FNF:4
FNH:0
FNDA:0,buildDutySections
FNDA:0,(anonymous_1)
FNDA:0,countDates
FNDA:0,(anonymous_3)
DA:32,0
DA:33,0
DA:34,0
DA:35,0
DA:36,0
DA:37,0
DA:38,0
DA:41,0
DA:42,0
DA:43,0
DA:44,0
DA:45,0
DA:46,0
DA:47,0
DA:48,0
DA:49,0
DA:51,0
DA:62,0
DA:63,0
DA:64,0
DA:65,0
DA:66,0
DA:67,0
DA:70,0
DA:74,0
LF:25
LH:0
BRDA:37,0,0,0
BRDA:37,0,1,0
BRDA:47,1,0,0
BRDA:47,1,1,0
BRDA:65,2,0,0
BRDA:65,2,1,0
BRF:6
BRH:0
end_of_record
TN:
SF:src/features/duties/utils/slots.ts
FN:19,selectActiveExamGroups
FN:22,(anonymous_1)
FN:47,buildDutySlots
FNF:3
FNH:3
FNDA:26,selectActiveExamGroups
FNDA:26,(anonymous_1)
FNDA:22,buildDutySlots
DA:20,26
DA:21,26
DA:22,26
DA:23,26
DA:24,26
DA:25,26
DA:35,3
DA:52,22
DA:54,22
DA:55,23
DA:62,3
DA:64,20
DA:66,19
DA:67,133
DA:88,22
LF:15
LH:15
BRDA:55,0,0,3
BRDA:55,0,1,20
BRDA:64,1,0,1
BRDA:64,1,1,19
BRDA:79,2,0,133
BRDA:79,2,1,0
BRDA:80,3,0,133
BRDA:80,3,1,0
BRDA:83,4,0,133
BRDA:83,4,1,7
BRF:10
BRH:8
end_of_record
TN:
SF:src/features/duties/utils/upcoming.ts
FN:18,filterUpcomingDuties
FN:22,(anonymous_1)
FNF:2
FNH:0
FNDA:0,filterUpcomingDuties
FNDA:0,(anonymous_1)
DA:19,0
DA:20,0
DA:22,0
DA:23,0
DA:24,0
DA:25,0
DA:26,0
LF:7
LH:0
BRDA:23,0,0,0
BRDA:23,0,1,0
BRF:2
BRH:0
end_of_record
TN:
SF:src/features/exams/format.ts
FN:29,(anonymous_0)
FN:32,formatShortDate
FN:38,formatFullDate
FN:43,formatDateRange
FN:50,formatTime
FN:61,toDateKey
FNF:6
FNH:0
FNDA:0,(anonymous_0)
FNDA:0,formatShortDate
FNDA:0,formatFullDate
FNDA:0,formatDateRange
FNDA:0,formatTime
FNDA:0,toDateKey
DA:13,0
DA:14,0
DA:29,0
DA:33,0
DA:34,0
DA:39,0
DA:44,0
DA:45,0
DA:46,0
DA:51,0
DA:52,0
DA:53,0
DA:62,0
LF:13
LH:0
BRDA:52,0,0,0
BRDA:52,0,1,0
BRDA:53,1,0,0
BRDA:53,1,1,0
BRF:4
BRH:0
end_of_record
TN:
SF:src/features/exams/status.ts
FN:26,getExamGroupStatus
FN:67,getTypeColor
FN:78,getTypeSubtitle
FN:92,groupExamsByCategory
FN:106,bucketByStatus
FN:116,(anonymous_5)
FN:121,(anonymous_6)
FN:128,(anonymous_7)
FN:138,dutyMatchesRoom
FN:144,isMyDutyInRoom
FN:154,(anonymous_10)
FN:169,hasTimeConflictForSlot
FN:181,(anonymous_12)
FN:218,getRoleAssignee
FN:231,getTeacherAssignmentStatus
FNF:15
FNH:8
FNDA:0,getExamGroupStatus
FNDA:0,getTypeColor
FNDA:0,getTypeSubtitle
FNDA:0,groupExamsByCategory
FNDA:0,bucketByStatus
FNDA:0,(anonymous_5)
FNDA:0,(anonymous_6)
FNDA:13,(anonymous_7)
FNDA:11,dutyMatchesRoom
FNDA:10,isMyDutyInRoom
FNDA:12,(anonymous_10)
FNDA:4,hasTimeConflictForSlot
FNDA:4,(anonymous_12)
FNDA:7,getRoleAssignee
FNDA:6,getTeacherAssignmentStatus
DA:27,0
DA:28,0
DA:29,0
DA:30,0
DA:31,0
DA:32,0
DA:33,0
DA:34,0
DA:35,0
DA:39,1
DA:45,1
DA:54,1
DA:60,1
DA:68,0
DA:71,1
DA:79,0
DA:85,1
DA:93,0
DA:94,0
DA:95,0
DA:96,0
DA:98,0
DA:109,0
DA:114,0
DA:116,0
DA:117,0
DA:118,0
DA:119,0
DA:120,0
DA:121,0
DA:123,0
DA:128,1
DA:129,13
DA:130,13
DA:139,11
DA:140,11
DA:141,2
DA:152,10
DA:153,10
DA:154,10
DA:155,12
DA:156,11
DA:157,11
DA:158,11
DA:159,10
DA:160,9
DA:177,4
DA:178,4
DA:179,4
DA:180,4
DA:181,4
DA:182,4
DA:183,4
DA:184,4
DA:185,4
DA:187,4
DA:190,4
DA:191,3
DA:203,1
DA:212,1
DA:222,7
DA:223,6
DA:238,6
DA:239,6
DA:240,5
DA:241,3
DA:242,3
DA:243,2
DA:245,2
DA:246,1
DA:249,1
DA:259,1
LF:72
LH:47
BRDA:33,0,0,0
BRDA:33,0,1,0
BRDA:34,1,0,0
BRDA:34,1,1,0
BRDA:68,2,0,0
BRDA:68,2,1,0
BRDA:79,3,0,0
BRDA:79,3,1,0
BRDA:95,4,0,0
BRDA:95,4,1,0
BRDA:140,5,0,9
BRDA:140,5,1,2
BRDA:140,6,0,11
BRDA:140,6,1,9
BRDA:155,7,0,1
BRDA:155,7,1,11
BRDA:158,8,0,1
BRDA:158,8,1,10
BRDA:159,9,0,1
BRDA:159,9,1,9
BRDA:159,10,0,10
BRDA:159,10,1,9
BRDA:182,11,0,0
BRDA:182,11,1,4
BRDA:185,12,0,0
BRDA:185,12,1,4
BRDA:187,13,0,4
BRDA:187,13,1,2
BRDA:187,13,2,2
BRDA:190,14,0,1
BRDA:190,14,1,3
BRDA:191,15,0,3
BRDA:191,15,1,2
BRDA:222,16,0,1
BRDA:222,16,1,6
BRDA:223,17,0,6
BRDA:223,17,1,0
BRDA:239,18,0,1
BRDA:239,18,1,5
BRDA:240,19,0,3
BRDA:240,19,1,2
BRDA:242,20,0,1
BRDA:242,20,1,2
BRDA:242,21,0,3
BRDA:242,21,1,3
BRDA:242,21,2,2
BRDA:245,22,0,1
BRDA:245,22,1,1
BRF:48
BRH:35
end_of_record
TN:
SF:src/features/exams/components/ExamCard.tsx
FN:11,ExamCard
FN:24,(anonymous_1)
FN:25,(anonymous_2)
FNF:3
FNH:0
FNDA:0,ExamCard
FNDA:0,(anonymous_1)
FNDA:0,(anonymous_2)
DA:20,0
DA:22,0
DA:24,0
DA:25,0
DA:71,0
LF:5
LH:0
BRDA:24,0,0,0
BRDA:24,0,1,0
BRF:2
BRH:0
end_of_record
TN:
SF:src/features/exams/components/ExamDetail.tsx
FN:52,courseCodes
FN:60,buildRows
FN:74,(anonymous_2)
FN:95,ExamDetail
FN:102,(anonymous_4)
FN:111,(anonymous_5)
FN:113,(anonymous_6)
FN:122,(anonymous_7)
FN:129,(anonymous_8)
FN:225,(anonymous_9)
FN:266,(anonymous_10)
FNF:11
FNH:0
FNDA:0,courseCodes
FNDA:0,buildRows
FNDA:0,(anonymous_2)
FNDA:0,ExamDetail
FNDA:0,(anonymous_4)
FNDA:0,(anonymous_5)
FNDA:0,(anonymous_6)
FNDA:0,(anonymous_7)
FNDA:0,(anonymous_8)
FNDA:0,(anonymous_9)
FNDA:0,(anonymous_10)
DA:33,0
DA:53,0
DA:54,0
DA:55,0
DA:57,0
DA:61,0
DA:62,0
DA:63,0
DA:64,0
DA:65,0
DA:66,0
DA:69,0
DA:70,0
DA:71,0
DA:74,0
DA:75,0
DA:76,0
DA:77,0
DA:78,0
DA:79,0
DA:80,0
DA:82,0
DA:83,0
DA:92,0
DA:102,0
DA:104,0
DA:106,0
DA:107,0
DA:108,0
DA:110,0
DA:111,0
DA:112,0
DA:113,0
DA:118,0
DA:122,0
DA:123,0
DA:124,0
DA:125,0
DA:128,0
DA:130,0
DA:132,0
DA:140,0
DA:141,0
DA:160,0
DA:162,0
DA:163,0
DA:171,0
DA:197,0
DA:198,0
DA:206,0
DA:207,0
DA:219,0
DA:220,0
DA:222,0
DA:225,0
DA:267,0
DA:289,0
LF:57
LH:0
BRDA:54,0,0,0
BRDA:54,0,1,0
BRDA:55,1,0,0
BRDA:55,1,1,0
BRDA:65,2,0,0
BRDA:65,2,1,0
BRDA:74,3,0,0
BRDA:74,3,1,0
BRDA:78,4,0,0
BRDA:78,4,1,0
BRDA:104,5,0,0
BRDA:104,5,1,0
BRDA:111,6,0,0
BRDA:111,6,1,0
BRDA:113,7,0,0
BRDA:113,7,1,0
BRDA:118,8,0,0
BRDA:118,8,1,0
BRDA:118,8,2,0
BRDA:130,9,0,0
BRDA:130,9,1,0
BRDA:130,9,2,0
BRDA:130,9,3,0
BRDA:149,10,0,0
BRDA:149,10,1,0
BRDA:151,11,0,0
BRDA:151,11,1,0
BRDA:179,12,0,0
BRDA:179,12,1,0
BRDA:197,13,0,0
BRDA:197,13,1,0
BRDA:206,14,0,0
BRDA:206,14,1,0
BRDA:210,15,0,0
BRDA:210,15,1,0
BRDA:261,16,0,0
BRDA:261,16,1,0
BRDA:262,17,0,0
BRDA:262,17,1,0
BRF:39
BRH:0
end_of_record
TN:
SF:src/features/exams/components/ExamList.tsx
FN:46,buildRows
FN:57,(anonymous_1)
FN:120,ExamList
FN:129,(anonymous_3)
FN:134,(anonymous_4)
FN:184,(anonymous_5)
FN:198,(anonymous_6)
FN:203,(anonymous_7)
FNF:8
FNH:0
FNDA:0,buildRows
FNDA:0,(anonymous_1)
FNDA:0,ExamList
FNDA:0,(anonymous_3)
FNDA:0,(anonymous_4)
FNDA:0,(anonymous_5)
FNDA:0,(anonymous_6)
FNDA:0,(anonymous_7)
DA:26,0
DA:47,0
DA:48,0
DA:51,0
DA:54,0
DA:55,0
DA:57,0
DA:58,0
DA:59,0
DA:60,0
DA:61,0
DA:62,0
DA:68,0
DA:69,0
DA:79,0
DA:80,0
DA:89,0
DA:92,0
DA:93,0
DA:94,0
DA:95,0
DA:102,0
DA:106,0
DA:107,0
DA:114,0
DA:117,0
DA:125,0
DA:126,0
DA:128,0
DA:129,0
DA:133,0
DA:135,0
DA:137,0
DA:146,0
DA:155,0
DA:169,0
DA:181,0
DA:184,0
DA:199,0
DA:200,0
DA:203,0
DA:249,0
LF:42
LH:0
BRDA:54,0,0,0
BRDA:54,0,1,0
BRDA:55,1,0,0
BRDA:55,1,1,0
BRDA:61,2,0,0
BRDA:61,2,1,0
BRDA:79,3,0,0
BRDA:79,3,1,0
BRDA:79,4,0,0
BRDA:79,4,1,0
BRDA:89,5,0,0
BRDA:89,5,1,0
BRDA:89,6,0,0
BRDA:89,6,1,0
BRDA:89,6,2,0
BRDA:94,7,0,0
BRDA:94,7,1,0
BRDA:106,8,0,0
BRDA:106,8,1,0
BRDA:106,9,0,0
BRDA:106,9,1,0
BRDA:129,10,0,0
BRDA:129,10,1,0
BRDA:135,11,0,0
BRDA:135,11,1,0
BRDA:135,11,2,0
BRDA:135,11,3,0
BRDA:202,12,0,0
BRDA:202,12,1,0
BRDA:204,13,0,0
BRDA:204,13,1,0
BRDA:209,14,0,0
BRDA:209,14,1,0
BRDA:219,15,0,0
BRDA:219,15,1,0
BRDA:227,16,0,0
BRDA:227,16,1,0
BRDA:232,17,0,0
BRDA:232,17,1,0
BRDA:235,18,0,0
BRDA:235,18,1,0
BRF:41
BRH:0
end_of_record
TN:
SF:src/features/exams/components/RoomChip.tsx
FN:21,RoomChip
FN:68,(anonymous_1)
FNF:2
FNH:0
FNDA:0,RoomChip
FNDA:0,(anonymous_1)
DA:36,0
DA:37,0
DA:44,0
DA:45,0
DA:47,0
DA:69,0
DA:80,0
LF:7
LH:0
BRDA:45,0,0,0
BRDA:45,0,1,0
BRDA:55,1,0,0
BRDA:55,1,1,0
BRDA:60,2,0,0
BRDA:60,2,1,0
BRDA:63,3,0,0
BRDA:63,3,1,0
BRDA:66,4,0,0
BRDA:66,4,1,0
BRF:10
BRH:0
end_of_record
TN:
SF:src/features/notifications/api.ts
FN:14,(anonymous_0)
FN:19,(anonymous_1)
FN:26,(anonymous_2)
FN:30,(anonymous_3)
FN:34,(anonymous_4)
FN:38,(anonymous_5)
FN:53,(anonymous_6)
FNF:7
FNH:0
FNDA:0,(anonymous_0)
FNDA:0,(anonymous_1)
FNDA:0,(anonymous_2)
FNDA:0,(anonymous_3)
FNDA:0,(anonymous_4)
FNDA:0,(anonymous_5)
FNDA:0,(anonymous_6)
DA:14,0
DA:15,0
DA:16,0
DA:19,0
DA:20,0
DA:23,0
DA:26,0
DA:27,0
DA:30,0
DA:31,0
DA:34,0
DA:35,0
DA:38,0
DA:39,0
DA:53,0
DA:56,0
DA:60,0
LF:17
LH:0
BRF:0
BRH:0
end_of_record
TN:
SF:src/features/notifications/hooks.ts
FN:24,useNotifications
FN:31,useUnreadCount
FN:44,useInvalidateNotifications
FN:46,(anonymous_3)
FN:51,useMarkAsRead
FN:54,(anonymous_5)
FN:59,useMarkAllAsRead
FN:62,(anonymous_7)
FN:67,useDeleteNotification
FN:70,(anonymous_9)
FN:75,useDeleteAllNotifications
FN:78,(anonymous_11)
FN:87,useChannelPreferences
FN:88,(anonymous_13)
FN:89,(anonymous_14)
FN:92,(anonymous_15)
FN:94,(anonymous_16)
FN:106,useNotificationsRefresh
FN:110,(anonymous_18)
FN:114,(anonymous_19)
FNF:20
FNH:0
FNDA:0,useNotifications
FNDA:0,useUnreadCount
FNDA:0,useInvalidateNotifications
FNDA:0,(anonymous_3)
FNDA:0,useMarkAsRead
FNDA:0,(anonymous_5)
FNDA:0,useMarkAllAsRead
FNDA:0,(anonymous_7)
FNDA:0,useDeleteNotification
FNDA:0,(anonymous_9)
FNDA:0,useDeleteAllNotifications
FNDA:0,(anonymous_11)
FNDA:0,useChannelPreferences
FNDA:0,(anonymous_13)
FNDA:0,(anonymous_14)
FNDA:0,(anonymous_15)
FNDA:0,(anonymous_16)
FNDA:0,useNotificationsRefresh
FNDA:0,(anonymous_18)
FNDA:0,(anonymous_19)
DA:21,0
DA:22,0
DA:25,0
DA:32,0
DA:45,0
DA:46,0
DA:47,0
DA:52,0
DA:53,0
DA:54,0
DA:60,0
DA:61,0
DA:62,0
DA:68,0
DA:69,0
DA:70,0
DA:76,0
DA:77,0
DA:78,0
DA:88,0
DA:89,0
DA:91,0
DA:93,0
DA:95,0
DA:107,0
DA:108,0
DA:110,0
DA:111,0
DA:112,0
DA:114,0
DA:117,0
LF:31
LH:0
BRDA:95,0,0,0
BRDA:95,0,1,0
BRF:2
BRH:0
end_of_record
TN:
SF:src/features/notifications/utils.ts
FN:10,timeAgo
FN:38,getTypeGlyph
FNF:2
FNH:0
FNDA:0,timeAgo
FNDA:0,getTypeGlyph
DA:11,0
DA:12,0
DA:13,0
DA:14,0
DA:15,0
DA:16,0
DA:17,0
DA:26,0
DA:39,0
LF:9
LH:0
BRDA:12,0,0,0
BRDA:12,0,1,0
BRDA:14,1,0,0
BRDA:14,1,1,0
BRDA:16,2,0,0
BRDA:16,2,1,0
BRDA:39,3,0,0
BRDA:39,3,1,0
BRF:8
BRH:0
end_of_record
TN:
SF:src/features/notifications/components/ChannelPreferences.tsx
FN:27,ChannelRow
FN:45,ChannelPreferences
FN:46,(anonymous_2)
FN:58,(anonymous_3)
FN:65,(anonymous_4)
FN:90,(anonymous_5)
FN:97,(anonymous_6)
FNF:7
FNH:0
FNDA:0,ChannelRow
FNDA:0,ChannelPreferences
FNDA:0,(anonymous_2)
FNDA:0,(anonymous_3)
FNDA:0,(anonymous_4)
FNDA:0,(anonymous_5)
FNDA:0,(anonymous_6)
DA:28,0
DA:46,0
DA:47,0
DA:48,0
DA:50,0
DA:54,0
DA:55,0
DA:56,0
DA:58,0
DA:59,0
DA:60,0
DA:65,0
DA:66,0
DA:67,0
DA:72,0
DA:81,0
DA:90,0
DA:97,0
DA:114,0
LF:19
LH:0
BRDA:39,0,0,0
BRDA:39,0,1,0
BRDA:50,1,0,0
BRDA:50,1,1,0
BRDA:60,2,0,0
BRDA:60,2,1,0
BRDA:66,3,0,0
BRDA:66,3,1,0
BRDA:66,4,0,0
BRDA:66,4,1,0
BRDA:72,5,0,0
BRDA:72,5,1,0
BRDA:74,6,0,0
BRDA:74,6,1,0
BRDA:76,7,0,0
BRDA:76,7,1,0
BRDA:78,8,0,0
BRDA:78,8,1,0
BRDA:103,9,0,0
BRDA:103,9,1,0
BRF:20
BRH:0
end_of_record
TN:
SF:src/features/notifications/components/NotificationRow.tsx
FN:13,NotificationRow
FN:21,(anonymous_1)
FN:25,(anonymous_2)
FN:34,(anonymous_3)
FNF:4
FNH:0
FNDA:0,NotificationRow
FNDA:0,(anonymous_1)
FNDA:0,(anonymous_2)
FNDA:0,(anonymous_3)
DA:18,0
DA:19,0
DA:21,0
DA:22,0
DA:25,0
DA:26,0
DA:34,0
DA:40,0
DA:66,0
LF:9
LH:0
BRDA:22,0,0,0
BRDA:22,0,1,0
BRDA:41,1,0,0
BRDA:41,1,1,0
BRDA:48,2,0,0
BRDA:48,2,1,0
BRF:6
BRH:0
end_of_record
TN:
SF:src/push/api.ts
FN:34,(anonymous_0)
FN:51,(anonymous_1)
FNF:2
FNH:0
FNDA:0,(anonymous_0)
FNDA:0,(anonymous_1)
DA:34,0
DA:37,0
DA:41,0
DA:51,0
DA:52,0
DA:56,0
LF:6
LH:0
BRF:0
BRH:0
end_of_record
TN:
SF:src/push/hooks.ts
FN:24,usePushRuntime
FN:25,(anonymous_1)
FN:26,(anonymous_2)
FN:47,(anonymous_3)
FN:60,(anonymous_4)
FN:72,(anonymous_5)
FN:73,(anonymous_6)
FN:76,(anonymous_7)
FN:85,(anonymous_8)
FN:115,usePushDevice
FN:120,(anonymous_10)
FN:122,(anonymous_11)
FN:126,(anonymous_12)
FN:131,(anonymous_13)
FNF:14
FNH:0
FNDA:0,usePushRuntime
FNDA:0,(anonymous_1)
FNDA:0,(anonymous_2)
FNDA:0,(anonymous_3)
FNDA:0,(anonymous_4)
FNDA:0,(anonymous_5)
FNDA:0,(anonymous_6)
FNDA:0,(anonymous_7)
FNDA:0,(anonymous_8)
FNDA:0,usePushDevice
FNDA:0,(anonymous_10)
FNDA:0,(anonymous_11)
FNDA:0,(anonymous_12)
FNDA:0,(anonymous_13)
DA:25,0
DA:26,0
DA:27,0
DA:28,0
DA:30,0
DA:31,0
DA:34,0
DA:47,0
DA:48,0
DA:49,0
DA:50,0
DA:54,0
DA:56,0
DA:57,0
DA:58,0
DA:60,0
DA:61,0
DA:62,0
DA:72,0
DA:73,0
DA:74,0
DA:76,0
DA:84,0
DA:85,0
DA:86,0
DA:88,0
DA:90,0
DA:93,0
DA:94,0
DA:116,0
DA:117,0
DA:118,0
DA:120,0
DA:121,0
DA:122,0
DA:123,0
DA:124,0
DA:126,0
DA:127,0
DA:131,0
DA:132,0
DA:133,0
DA:134,0
DA:135,0
DA:136,0
DA:137,0
DA:139,0
DA:143,0
LF:48
LH:0
BRDA:48,0,0,0
BRDA:48,0,1,0
BRDA:48,1,0,0
BRDA:48,1,1,0
BRDA:48,1,2,0
BRDA:54,2,0,0
BRDA:54,2,1,0
BRDA:57,3,0,0
BRDA:57,3,1,0
BRDA:61,4,0,0
BRDA:61,4,1,0
BRDA:86,5,0,0
BRDA:86,5,1,0
BRDA:88,6,0,0
BRDA:88,6,1,0
BRDA:88,7,0,0
BRDA:88,7,1,0
BRDA:94,8,0,0
BRDA:94,8,1,0
BRDA:123,9,0,0
BRDA:123,9,1,0
BRDA:124,10,0,0
BRDA:124,10,1,0
BRDA:135,11,0,0
BRDA:135,11,1,0
BRDA:136,12,0,0
BRDA:136,12,1,0
BRF:27
BRH:0
end_of_record
TN:
SF:src/push/index.ts
FNF:0
FNH:0
LF:0
LH:0
BRF:0
BRH:0
end_of_record
TN:
SF:src/push/registration.ts
FN:45,(anonymous_0)
FN:99,(anonymous_1)
FN:111,(anonymous_2)
FN:113,(anonymous_3)
FN:121,(anonymous_4)
FN:124,(anonymous_5)
FN:125,(anonymous_6)
FN:128,(anonymous_7)
FN:136,(anonymous_8)
FN:137,(anonymous_9)
FN:140,ensureAndroidChannel
FN:159,hasNotificationPermission
FN:183,registerDevice
FN:243,deregisterDevice
FNF:14
FNH:0
FNDA:0,(anonymous_0)
FNDA:0,(anonymous_1)
FNDA:0,(anonymous_2)
FNDA:0,(anonymous_3)
FNDA:0,(anonymous_4)
FNDA:0,(anonymous_5)
FNDA:0,(anonymous_6)
FNDA:0,(anonymous_7)
FNDA:0,(anonymous_8)
FNDA:0,(anonymous_9)
FNDA:0,ensureAndroidChannel
FNDA:0,hasNotificationPermission
FNDA:0,registerDevice
FNDA:0,deregisterDevice
DA:44,0
DA:45,0
DA:55,0
DA:61,0
DA:84,0
DA:99,0
DA:111,0
DA:113,0
DA:114,0
DA:115,0
DA:116,0
DA:117,0
DA:118,0
DA:121,0
DA:122,0
DA:124,0
DA:125,0
DA:128,0
DA:129,0
DA:130,0
DA:132,0
DA:136,0
DA:137,0
DA:141,0
DA:142,0
DA:143,0
DA:160,0
DA:161,0
DA:162,0
DA:167,0
DA:188,0
DA:189,0
DA:191,0
DA:192,0
DA:194,0
DA:196,0
DA:197,0
DA:198,0
DA:199,0
DA:200,0
DA:201,0
DA:205,0
DA:207,0
DA:211,0
DA:214,0
DA:215,0
DA:217,0
DA:220,0
DA:221,0
DA:227,0
DA:230,0
DA:231,0
DA:244,0
DA:245,0
DA:246,0
DA:247,0
DA:251,0
LF:57
LH:0
BRDA:115,0,0,0
BRDA:115,0,1,0
BRDA:115,1,0,0
BRDA:115,1,1,0
BRDA:117,2,0,0
BRDA:117,2,1,0
BRDA:117,3,0,0
BRDA:117,3,1,0
BRDA:122,4,0,0
BRDA:122,4,1,0
BRDA:122,5,0,0
BRDA:122,5,1,0
BRDA:141,6,0,0
BRDA:141,6,1,0
BRDA:163,7,0,0
BRDA:163,7,1,0
BRDA:188,8,0,0
BRDA:188,8,1,0
BRDA:189,9,0,0
BRDA:189,9,1,0
BRDA:192,10,0,0
BRDA:192,10,1,0
BRDA:197,11,0,0
BRDA:197,11,1,0
BRDA:198,12,0,0
BRDA:198,12,1,0
BRDA:202,13,0,0
BRDA:202,13,1,0
BRDA:207,14,0,0
BRDA:207,14,1,0
BRDA:245,15,0,0
BRDA:245,15,1,0
BRF:32
BRH:0
end_of_record
TN:
SF:src/push/routing.ts
FN:30,resolveNotificationRoute
FNF:1
FNH:0
FNDA:0,resolveNotificationRoute
DA:16,0
DA:31,0
DA:32,0
DA:33,0
DA:34,0
LF:5
LH:0
BRDA:31,0,0,0
BRDA:31,0,1,0
BRDA:31,1,0,0
BRDA:31,1,1,0
BRDA:33,2,0,0
BRDA:33,2,1,0
BRDA:34,3,0,0
BRDA:34,3,1,0
BRF:8
BRH:0
end_of_record
TN:
SF:src/shared/providers.tsx
FN:6,Providers
FNF:1
FNH:0
FNDA:0,Providers
DA:7,0
LF:1
LH:0
BRF:0
BRH:0
end_of_record
TN:
SF:src/shared/query-client.ts
FNF:0
FNH:0
DA:17,6
LF:1
LH:1
BRF:0
BRH:0
end_of_record
TN:
SF:src/shared/role-config.ts
FN:68,getRoleConfig
FN:75,isOperationalRole
FN:89,getRoleLabel
FNF:3
FNH:3
FNDA:29,getRoleConfig
FNDA:34,isOperationalRole
FNDA:1,getRoleLabel
DA:38,3
DA:46,3
DA:54,3
DA:62,3
DA:71,29
DA:72,24
DA:78,34
DA:82,3
DA:90,1
LF:9
LH:9
BRDA:71,0,0,5
BRDA:71,0,1,24
BRDA:78,1,0,34
BRDA:78,1,1,25
BRDA:78,1,2,14
BRDA:90,2,0,1
BRDA:90,2,1,0
BRF:7
BRH:6
end_of_record
TN:
SF:src/shared/types.ts
FNF:0
FNH:0
LF:0
LH:0
BRF:0
BRH:0
end_of_record
TN:
SF:src/shared/hooks/useAuth.ts
FN:30,useLogin
FN:31,(anonymous_1)
FN:32,(anonymous_2)
FN:39,(anonymous_3)
FN:40,(anonymous_4)
FN:43,(anonymous_5)
FN:86,useSelectRole
FN:87,(anonymous_7)
FN:90,(anonymous_8)
FN:100,(anonymous_9)
FNF:10
FNH:0
FNDA:0,useLogin
FNDA:0,(anonymous_1)
FNDA:0,(anonymous_2)
FNDA:0,(anonymous_3)
FNDA:0,(anonymous_4)
FNDA:0,(anonymous_5)
FNDA:0,useSelectRole
FNDA:0,(anonymous_7)
FNDA:0,(anonymous_8)
FNDA:0,(anonymous_9)
DA:27,0
DA:31,0
DA:32,0
DA:33,0
DA:36,0
DA:38,0
DA:39,0
DA:41,0
DA:44,0
DA:46,0
DA:47,0
DA:48,0
DA:51,0
DA:53,0
DA:54,0
DA:57,0
DA:58,0
DA:59,0
DA:63,0
DA:64,0
DA:65,0
DA:70,0
DA:71,0
DA:72,0
DA:73,0
DA:79,0
DA:83,0
DA:87,0
DA:89,0
DA:97,0
DA:98,0
DA:101,0
DA:102,0
LF:33
LH:0
BRDA:46,0,0,0
BRDA:46,0,1,0
BRDA:51,1,0,0
BRDA:51,1,1,0
BRDA:51,2,0,0
BRDA:51,2,1,0
BRDA:57,3,0,0
BRDA:57,3,1,0
BRDA:65,4,0,0
BRDA:65,4,1,0
BRDA:66,5,0,0
BRDA:66,5,1,0
BRDA:66,5,2,0
BRDA:101,6,0,0
BRDA:101,6,1,0
BRF:15
BRH:0
end_of_record
TN:
SF:src/shared/hooks/useAuthSession.ts
FN:26,useAuthSession
FN:27,(anonymous_1)
FN:28,(anonymous_2)
FN:29,(anonymous_3)
FN:30,(anonymous_4)
FN:31,(anonymous_5)
FN:32,(anonymous_6)
FN:34,(anonymous_7)
FN:45,(anonymous_8)
FNF:9
FNH:0
FNDA:0,useAuthSession
FNDA:0,(anonymous_1)
FNDA:0,(anonymous_2)
FNDA:0,(anonymous_3)
FNDA:0,(anonymous_4)
FNDA:0,(anonymous_5)
FNDA:0,(anonymous_6)
FNDA:0,(anonymous_7)
FNDA:0,(anonymous_8)
DA:27,0
DA:28,0
DA:29,0
DA:30,0
DA:31,0
DA:32,0
DA:34,0
DA:35,0
DA:38,0
DA:45,0
DA:46,0
DA:47,0
DA:51,0
LF:13
LH:0
BRDA:41,0,0,0
BRDA:41,0,1,0
BRDA:41,0,2,0
BRDA:46,1,0,0
BRDA:46,1,1,0
BRDA:46,2,0,0
BRDA:46,2,1,0
BRDA:54,3,0,0
BRDA:54,3,1,0
BRDA:55,4,0,0
BRDA:55,4,1,0
BRDA:55,4,2,0
BRDA:56,5,0,0
BRDA:56,5,1,0
BRF:14
BRH:0
end_of_record
TN:
SF:src/shared/store/auth.store.ts
FN:25,(anonymous_0)
FN:45,(anonymous_1)
FN:46,(anonymous_2)
FN:49,(anonymous_3)
FN:50,(anonymous_4)
FN:53,(anonymous_5)
FN:59,(anonymous_6)
FN:65,(anonymous_7)
FN:71,(anonymous_8)
FN:75,(anonymous_9)
FN:78,(anonymous_10)
FN:85,(anonymous_11)
FN:96,(anonymous_12)
FN:117,(anonymous_13)
FN:128,(anonymous_14)
FN:140,(anonymous_15)
FNF:16
FNH:13
FNDA:6,(anonymous_0)
FNDA:18,(anonymous_1)
FNDA:0,(anonymous_2)
FNDA:30,(anonymous_3)
FNDA:0,(anonymous_4)
FNDA:6,(anonymous_5)
FNDA:8,(anonymous_6)
FNDA:7,(anonymous_7)
FNDA:0,(anonymous_8)
FNDA:3,(anonymous_9)
FNDA:3,(anonymous_10)
FNDA:6,(anonymous_11)
FNDA:2,(anonymous_12)
FNDA:2,(anonymous_13)
FNDA:3,(anonymous_14)
FNDA:1,(anonymous_15)
DA:21,6
DA:22,6
DA:25,6
DA:45,6
DA:46,18
DA:49,6
DA:50,30
DA:53,6
DA:60,8
DA:61,8
DA:62,8
DA:66,7
DA:67,7
DA:68,7
DA:72,0
DA:76,3
DA:77,3
DA:78,3
DA:86,6
DA:87,6
DA:88,6
DA:93,6
DA:97,2
DA:98,2
DA:102,1
DA:107,1
DA:117,6
DA:121,2
DA:122,2
DA:128,6
DA:131,3
DA:132,3
DA:133,3
DA:134,2
DA:136,0
DA:140,6
DA:141,1
DA:142,1
LF:38
LH:36
BRDA:81,0,0,2
BRDA:81,0,1,1
BRDA:133,1,0,1
BRDA:133,1,1,2
BRDA:133,2,0,3
BRDA:133,2,1,3
BRDA:133,2,2,3
BRDA:133,2,3,3
BRF:8
BRH:8
end_of_record
TN:
SF:src/shared/ui/SignOutButton.tsx
FN:7,SignOutButton
FN:8,(anonymous_1)
FN:16,(anonymous_2)
FN:26,(anonymous_3)
FNF:4
FNH:0
FNDA:0,SignOutButton
FNDA:0,(anonymous_1)
FNDA:0,(anonymous_2)
FNDA:0,(anonymous_3)
DA:8,0
DA:9,0
DA:16,0
DA:17,0
DA:18,0
DA:19,0
DA:22,0
DA:27,0
DA:39,0
LF:9
LH:0
BRDA:30,0,0,0
BRDA:30,0,1,0
BRF:2
BRH:0
end_of_record
